#! /c/Source/iverilog-install/bin/vvp
:ivl_version "12.0 (devel)" "(s20150603-1539-g2693dd32b)";
:ivl_delay_selection "TYPICAL";
:vpi_time_precision - 12;
:vpi_module "C:\iverilog\lib\ivl\system.vpi";
:vpi_module "C:\iverilog\lib\ivl\vhdl_sys.vpi";
:vpi_module "C:\iverilog\lib\ivl\vhdl_textio.vpi";
:vpi_module "C:\iverilog\lib\ivl\v2005_math.vpi";
:vpi_module "C:\iverilog\lib\ivl\va_math.vpi";
S_0000027d3ea5dea0 .scope module, "decoder3to8_tb" "decoder3to8_tb" 2 3;
 .timescale -9 -12;
v0000027d3ea5e1c0_0 .var "A", 2 0;
v0000027d3ea5e260_0 .var "E", 0 0;
v0000027d3ea5bd60_0 .net "Y", 7 0, v0000027d3ea574c0_0;  1 drivers
S_0000027d3ea5e030 .scope module, "uut" "decoder3to8" 2 9, 3 1 0, S_0000027d3ea5dea0;
 .timescale 0 0;
    .port_info 0 /INPUT 3 "A";
    .port_info 1 /INPUT 1 "E";
    .port_info 2 /OUTPUT 8 "Y";
v0000027d3ea572a0_0 .net "A", 2 0, v0000027d3ea5e1c0_0;  1 drivers
v0000027d3ea56eb0_0 .net "E", 0 0, v0000027d3ea5e260_0;  1 drivers
v0000027d3ea574c0_0 .var "Y", 7 0;
E_0000027d3ea59e80 .event anyedge, v0000027d3ea56eb0_0, v0000027d3ea572a0_0;
    .scope S_0000027d3ea5e030;
T_0 ;
    %wait E_0000027d3ea59e80;
    %load/vec4 v0000027d3ea56eb0_0;
    %cmpi/e 0, 0, 1;
    %jmp/0xz  T_0.0, 4;
    %pushi/vec4 0, 0, 8;
    %store/vec4 v0000027d3ea574c0_0, 0, 8;
    %jmp T_0.1;
T_0.0 ;
    %load/vec4 v0000027d3ea572a0_0;
    %cmpi/e 0, 0, 3;
    %jmp/0xz  T_0.2, 4;
    %pushi/vec4 1, 0, 8;
    %store/vec4 v0000027d3ea574c0_0, 0, 8;
    %jmp T_0.3;
T_0.2 ;
    %load/vec4 v0000027d3ea572a0_0;
    %cmpi/e 1, 0, 3;
    %jmp/0xz  T_0.4, 4;
    %pushi/vec4 2, 0, 8;
    %store/vec4 v0000027d3ea574c0_0, 0, 8;
    %jmp T_0.5;
T_0.4 ;
    %load/vec4 v0000027d3ea572a0_0;
    %cmpi/e 2, 0, 3;
    %jmp/0xz  T_0.6, 4;
    %pushi/vec4 4, 0, 8;
    %store/vec4 v0000027d3ea574c0_0, 0, 8;
    %jmp T_0.7;
T_0.6 ;
    %load/vec4 v0000027d3ea572a0_0;
    %cmpi/e 3, 0, 3;
    %jmp/0xz  T_0.8, 4;
    %pushi/vec4 8, 0, 8;
    %store/vec4 v0000027d3ea574c0_0, 0, 8;
    %jmp T_0.9;
T_0.8 ;
    %load/vec4 v0000027d3ea572a0_0;
    %cmpi/e 4, 0, 3;
    %jmp/0xz  T_0.10, 4;
    %pushi/vec4 16, 0, 8;
    %store/vec4 v0000027d3ea574c0_0, 0, 8;
    %jmp T_0.11;
T_0.10 ;
    %load/vec4 v0000027d3ea572a0_0;
    %cmpi/e 5, 0, 3;
    %jmp/0xz  T_0.12, 4;
    %pushi/vec4 32, 0, 8;
    %store/vec4 v0000027d3ea574c0_0, 0, 8;
    %jmp T_0.13;
T_0.12 ;
    %load/vec4 v0000027d3ea572a0_0;
    %cmpi/e 6, 0, 3;
    %jmp/0xz  T_0.14, 4;
    %pushi/vec4 64, 0, 8;
    %store/vec4 v0000027d3ea574c0_0, 0, 8;
    %jmp T_0.15;
T_0.14 ;
    %pushi/vec4 128, 0, 8;
    %store/vec4 v0000027d3ea574c0_0, 0, 8;
T_0.15 ;
T_0.13 ;
T_0.11 ;
T_0.9 ;
T_0.7 ;
T_0.5 ;
T_0.3 ;
T_0.1 ;
    %jmp T_0;
    .thread T_0, $push;
    .scope S_0000027d3ea5dea0;
T_1 ;
    %vpi_call 2 17 "$dumpfile", "test.vcd" {0 0 0};
    %vpi_call 2 18 "$dumpvars", 32'sb00000000000000000000000000000000, S_0000027d3ea5dea0 {0 0 0};
    %pushi/vec4 0, 0, 1;
    %store/vec4 v0000027d3ea5e260_0, 0, 1;
    %pushi/vec4 0, 0, 3;
    %store/vec4 v0000027d3ea5e1c0_0, 0, 3;
    %delay 20000, 0;
    %pushi/vec4 1, 0, 1;
    %store/vec4 v0000027d3ea5e260_0, 0, 1;
    %delay 20000, 0;
    %pushi/vec4 0, 0, 3;
    %store/vec4 v0000027d3ea5e1c0_0, 0, 3;
    %delay 20000, 0;
    %pushi/vec4 1, 0, 3;
    %store/vec4 v0000027d3ea5e1c0_0, 0, 3;
    %delay 20000, 0;
    %pushi/vec4 2, 0, 3;
    %store/vec4 v0000027d3ea5e1c0_0, 0, 3;
    %delay 20000, 0;
    %pushi/vec4 3, 0, 3;
    %store/vec4 v0000027d3ea5e1c0_0, 0, 3;
    %delay 20000, 0;
    %pushi/vec4 4, 0, 3;
    %store/vec4 v0000027d3ea5e1c0_0, 0, 3;
    %delay 20000, 0;
    %pushi/vec4 5, 0, 3;
    %store/vec4 v0000027d3ea5e1c0_0, 0, 3;
    %delay 20000, 0;
    %pushi/vec4 6, 0, 3;
    %store/vec4 v0000027d3ea5e1c0_0, 0, 3;
    %delay 20000, 0;
    %pushi/vec4 7, 0, 3;
    %store/vec4 v0000027d3ea5e1c0_0, 0, 3;
    %delay 20000, 0;
    %end;
    .thread T_1;
    .scope S_0000027d3ea5dea0;
T_2 ;
    %vpi_call 2 36 "$monitor", "E=%b|A2=%b|A1=%b|A0=%b|Y7=%b|Y6=%b|Y5=%b|Y4=%b|Y3=%b|Y2=%b|Y1=%b|Y0=%b", v0000027d3ea5e260_0, &PV<v0000027d3ea5e1c0_0, 2, 1>, &PV<v0000027d3ea5e1c0_0, 1, 1>, &PV<v0000027d3ea5e1c0_0, 0, 1>, &PV<v0000027d3ea5bd60_0, 7, 1>, &PV<v0000027d3ea5bd60_0, 6, 1>, &PV<v0000027d3ea5bd60_0, 5, 1>, &PV<v0000027d3ea5bd60_0, 4, 1>, &PV<v0000027d3ea5bd60_0, 3, 1>, &PV<v0000027d3ea5bd60_0, 2, 1>, &PV<v0000027d3ea5bd60_0, 1, 1>, &PV<v0000027d3ea5bd60_0, 0, 1> {0 0 0};
    %end;
    .thread T_2;
# The file index is used to find the file name in the following table.
:file_names 4;
    "N/A";
    "<interactive>";
    "decoder3to8_tb.v";
    "decoder3to8.v";
