#! /c/Source/iverilog-install/bin/vvp
:ivl_version "12.0 (devel)" "(s20150603-1539-g2693dd32b)";
:ivl_delay_selection "TYPICAL";
:vpi_time_precision - 9;
:vpi_module "C:\iverilog\lib\ivl\system.vpi";
:vpi_module "C:\iverilog\lib\ivl\vhdl_sys.vpi";
:vpi_module "C:\iverilog\lib\ivl\vhdl_textio.vpi";
:vpi_module "C:\iverilog\lib\ivl\v2005_math.vpi";
:vpi_module "C:\iverilog\lib\ivl\va_math.vpi";
S_0000020ce5e2b280 .scope module, "reg_tb" "reg_tb" 2 3;
 .timescale -9 -9;
v0000020ce5e26940_0 .var "clk", 0 0;
v0000020ce5e269e0_0 .var "d", 6 0;
v0000020ce5e26a80_0 .net "q", 6 0, v0000020ce5e26800_0;  1 drivers
v0000020ce5e26b20_0 .var "reset", 0 0;
S_0000020ce5e2b410 .scope module, "circuit" "reg_" 2 10, 3 1 0, S_0000020ce5e2b280;
 .timescale 0 0;
    .port_info 0 /INPUT 1 "clk";
    .port_info 1 /INPUT 1 "reset";
    .port_info 2 /INPUT 7 "d";
    .port_info 3 /OUTPUT 7 "q";
v0000020ce5e26dc0_0 .net "clk", 0 0, v0000020ce5e26940_0;  1 drivers
v0000020ce5e26760_0 .net "d", 6 0, v0000020ce5e269e0_0;  1 drivers
v0000020ce5e26800_0 .var "q", 6 0;
v0000020ce5e268a0_0 .net "reset", 0 0, v0000020ce5e26b20_0;  1 drivers
E_0000020ce5e2ccc0 .event posedge, v0000020ce5e268a0_0, v0000020ce5e26dc0_0;
    .scope S_0000020ce5e2b410;
T_0 ;
    %wait E_0000020ce5e2ccc0;
    %load/vec4 v0000020ce5e268a0_0;
    %flag_set/vec4 8;
    %jmp/0xz  T_0.0, 8;
    %pushi/vec4 0, 0, 7;
    %assign/vec4 v0000020ce5e26800_0, 0;
    %jmp T_0.1;
T_0.0 ;
    %load/vec4 v0000020ce5e26760_0;
    %assign/vec4 v0000020ce5e26800_0, 0;
T_0.1 ;
    %jmp T_0;
    .thread T_0;
    .scope S_0000020ce5e2b280;
T_1 ;
    %load/vec4 v0000020ce5e26940_0;
    %inv;
    %store/vec4 v0000020ce5e26940_0, 0, 1;
    %delay 10, 0;
    %jmp T_1;
    .thread T_1;
    .scope S_0000020ce5e2b280;
T_2 ;
    %vpi_call 2 18 "$dumpfile", "test.vcd" {0 0 0};
    %vpi_call 2 19 "$dumpvars", 32'sb00000000000000000000000000000000, S_0000020ce5e2b280 {0 0 0};
    %pushi/vec4 0, 0, 1;
    %assign/vec4 v0000020ce5e26940_0, 0;
    %pushi/vec4 1, 0, 1;
    %assign/vec4 v0000020ce5e26b20_0, 0;
    %pushi/vec4 0, 0, 7;
    %assign/vec4 v0000020ce5e269e0_0, 0;
    %delay 20, 0;
    %pushi/vec4 0, 0, 1;
    %assign/vec4 v0000020ce5e26b20_0, 0;
    %pushi/vec4 1, 0, 7;
    %assign/vec4 v0000020ce5e269e0_0, 0;
    %delay 20, 0;
    %vpi_call 2 30 "$finish" {0 0 0};
    %end;
    .thread T_2;
    .scope S_0000020ce5e2b280;
T_3 ;
    %vpi_call 2 34 "$monitor", "clk=%b,reset=%b,d=%b,q=%b", v0000020ce5e26940_0, v0000020ce5e26b20_0, v0000020ce5e269e0_0, v0000020ce5e26a80_0 {0 0 0};
    %end;
    .thread T_3;
# The file index is used to find the file name in the following table.
:file_names 4;
    "N/A";
    "<interactive>";
    "reg_tb.v";
    "reg.v";
