#! /c/Source/iverilog-install/bin/vvp
:ivl_version "12.0 (devel)" "(s20150603-1539-g2693dd32b)";
:ivl_delay_selection "TYPICAL";
:vpi_time_precision - 9;
:vpi_module "C:\iverilog\lib\ivl\system.vpi";
:vpi_module "C:\iverilog\lib\ivl\vhdl_sys.vpi";
:vpi_module "C:\iverilog\lib\ivl\vhdl_textio.vpi";
:vpi_module "C:\iverilog\lib\ivl\v2005_math.vpi";
:vpi_module "C:\iverilog\lib\ivl\va_math.vpi";
S_000001a771794610 .scope module, "d_ff_reset_tb" "d_ff_reset_tb" 2 3;
 .timescale 0 -9;
v000001a7717a5750_0 .var "clk", 0 0;
v000001a7717a57f0_0 .var "d", 0 0;
v000001a7717a5890_0 .net "q", 0 0, v000001a7717a56b0_0;  1 drivers
v000001a7717a5930_0 .var "reset", 0 0;
S_000001a7717947a0 .scope module, "cir" "d_ff_reset" 2 10, 3 1 0, S_000001a771794610;
 .timescale 0 0;
    .port_info 0 /INPUT 1 "clk";
    .port_info 1 /INPUT 1 "reset";
    .port_info 2 /INPUT 1 "d";
    .port_info 3 /OUTPUT 1 "q";
v000001a7716e7170_0 .net "clk", 0 0, v000001a7717a5750_0;  1 drivers
v000001a7716e7390_0 .net "d", 0 0, v000001a7717a57f0_0;  1 drivers
v000001a7717a56b0_0 .var "q", 0 0;
v000001a7716e6ef0_0 .net "reset", 0 0, v000001a7717a5930_0;  1 drivers
E_000001a7716ed480 .event posedge, v000001a7716e6ef0_0, v000001a7716e7170_0;
    .scope S_000001a7717947a0;
T_0 ;
    %wait E_000001a7716ed480;
    %load/vec4 v000001a7716e6ef0_0;
    %flag_set/vec4 8;
    %jmp/0xz  T_0.0, 8;
    %pushi/vec4 0, 0, 1;
    %assign/vec4 v000001a7717a56b0_0, 0;
    %jmp T_0.1;
T_0.0 ;
    %load/vec4 v000001a7716e7390_0;
    %assign/vec4 v000001a7717a56b0_0, 0;
T_0.1 ;
    %jmp T_0;
    .thread T_0;
    .scope S_000001a771794610;
T_1 ;
    %load/vec4 v000001a7717a5750_0;
    %inv;
    %store/vec4 v000001a7717a5750_0, 0, 1;
    %delay 1410065408, 2;
    %jmp T_1;
    .thread T_1;
    .scope S_000001a771794610;
T_2 ;
    %vpi_call 2 18 "$dumpfile", "test.vcd" {0 0 0};
    %vpi_call 2 19 "$dumpvars", 32'sb00000000000000000000000000000000, S_000001a771794610 {0 0 0};
    %pushi/vec4 0, 0, 1;
    %assign/vec4 v000001a7717a5750_0, 0;
    %pushi/vec4 1, 0, 1;
    %assign/vec4 v000001a7717a5930_0, 0;
    %pushi/vec4 0, 0, 1;
    %assign/vec4 v000001a7717a57f0_0, 0;
    %delay 2820130816, 4;
    %pushi/vec4 1, 0, 1;
    %assign/vec4 v000001a7717a57f0_0, 0;
    %pushi/vec4 0, 0, 1;
    %assign/vec4 v000001a7717a5930_0, 0;
    %delay 2820130816, 4;
    %pushi/vec4 1, 0, 1;
    %assign/vec4 v000001a7717a5930_0, 0;
    %delay 2820130816, 4;
    %vpi_call 2 32 "$finish" {0 0 0};
    %end;
    .thread T_2;
    .scope S_000001a771794610;
T_3 ;
    %vpi_call 2 36 "$monitor", "clk=%b,reset=%b,d=%b,q=%b", v000001a7717a5750_0, v000001a7717a5930_0, v000001a7717a57f0_0, v000001a7717a5890_0 {0 0 0};
    %end;
    .thread T_3;
# The file index is used to find the file name in the following table.
:file_names 4;
    "N/A";
    "<interactive>";
    "d_ff_reset_tb.v";
    "d_ff_reset.v";
