\BOOKMARK [1][-]{section.1}{\376\377\000C\000h\000a\000p\000t\000e\000r\000\040\0001\000:\000\040\000I\000n\000t\000r\000o\000d\000u\000c\000t\000i\000o\000n\000\040\000t\000o\000\040\000S\000y\000s\000t\000e\000m\000s}{}% 1
\BOOKMARK [2][-]{subsection.1.1}{\376\377\000W\000h\000a\000t\000\040\000i\000s\000\040\000a\000\040\000S\000y\000s\000t\000e\000m\000?}{section.1}% 2
\BOOKMARK [2][-]{subsection.1.2}{\376\377\000C\000o\000d\000e\000\040\000S\000t\000u\000d\000i\000o\000\040\000S\000o\000f\000t\000w\000a\000r\000e\000\040\000C\000o\000m\000p\000a\000n\000y}{section.1}% 3
\BOOKMARK [3][-]{subsubsection.1.2.1}{\376\377\000S\000e\000r\000v\000i\000c\000e\000s\000\040\000O\000f\000f\000e\000r\000e\000d}{subsection.1.2}% 4
\BOOKMARK [2][-]{subsection.1.3}{\376\377\000V\000i\000s\000i\000o\000n\000\040\000a\000n\000d\000\040\000M\000i\000s\000s\000i\000o\000n}{section.1}% 5
\BOOKMARK [3][-]{subsubsection.1.3.1}{\376\377\000V\000i\000s\000i\000o\000n}{subsection.1.3}% 6
\BOOKMARK [3][-]{subsubsection.1.3.2}{\376\377\000M\000i\000s\000s\000i\000o\000n}{subsection.1.3}% 7
\BOOKMARK [2][-]{subsection.1.4}{\376\377\000S\000y\000s\000t\000e\000m\000\040\000C\000h\000a\000r\000a\000c\000t\000e\000r\000i\000s\000t\000i\000c\000s}{section.1}% 8
\BOOKMARK [2][-]{subsection.1.5}{\376\377\000S\000y\000s\000t\000e\000m\000\040\000C\000o\000m\000p\000o\000n\000e\000n\000t\000s}{section.1}% 9
\BOOKMARK [2][-]{subsection.1.6}{\376\377\000S\000y\000s\000t\000e\000m\000\040\000T\000y\000p\000e\000\040\000A\000n\000a\000l\000y\000s\000i\000s}{section.1}% 10
\BOOKMARK [2][-]{subsection.1.7}{\376\377\000P\000r\000o\000j\000e\000c\000t\000\040\000P\000o\000r\000t\000f\000o\000l\000i\000o}{section.1}% 11
\BOOKMARK [3][-]{subsubsection.1.7.1}{\376\377\000P\000r\000o\000j\000e\000c\000t\000\040\000P\000o\000r\000t\000f\000o\000l\000i\000o\000\040\000O\000v\000e\000r\000v\000i\000e\000w}{subsection.1.7}% 12
\BOOKMARK [3][-]{subsubsection.1.7.2}{\376\377\000D\000e\000v\000e\000l\000o\000p\000e\000d\000\040\000A\000p\000p\000l\000i\000c\000a\000t\000i\000o\000n\000s\000\040\000\046\000\040\000W\000e\000b\000s\000i\000t\000e\000s\000\040\000-\000\040\000D\000e\000t\000a\000i\000l\000e\000d\000\040\000P\000o\000r\000t\000f\000o\000l\000i\000o}{subsection.1.7}% 13
\BOOKMARK [3][-]{subsubsection.1.7.3}{\376\377\000M\000o\000b\000i\000l\000e\000\040\000A\000p\000p\000l\000i\000c\000a\000t\000i\000o\000n\000s}{subsection.1.7}% 14
\BOOKMARK [3][-]{subsubsection.1.7.4}{\376\377\000W\000e\000b\000\040\000A\000p\000p\000l\000i\000c\000a\000t\000i\000o\000n\000s\000\040\000\046\000\040\000W\000e\000b\000s\000i\000t\000e\000s}{subsection.1.7}% 15
\BOOKMARK [2][-]{subsection.1.8}{\376\377\000O\000r\000g\000a\000n\000i\000z\000a\000t\000i\000o\000n\000a\000l\000\040\000S\000t\000r\000u\000c\000t\000u\000r\000e}{section.1}% 16
\BOOKMARK [3][-]{subsubsection.1.8.1}{\376\377\000C\000o\000d\000e\000\040\000S\000t\000u\000d\000i\000o\000\040\000O\000r\000g\000a\000n\000i\000z\000a\000t\000i\000o\000n\000a\000l\000\040\000S\000t\000r\000u\000c\000t\000u\000r\000e}{subsection.1.8}% 17
\BOOKMARK [3][-]{subsubsection.1.8.2}{\376\377\000D\000e\000t\000a\000i\000l\000e\000d\000\040\000O\000r\000g\000a\000n\000i\000z\000a\000t\000i\000o\000n\000a\000l\000\040\000H\000i\000e\000r\000a\000r\000c\000h\000y}{subsection.1.8}% 18
\BOOKMARK [3][-]{subsubsection.1.8.3}{\376\377\000C\000o\000m\000m\000u\000n\000i\000c\000a\000t\000i\000o\000n\000\040\000a\000n\000d\000\040\000W\000o\000r\000k\000f\000l\000o\000w}{subsection.1.8}% 19
\BOOKMARK [2][-]{subsection.1.9}{\376\377\000R\000e\000c\000o\000m\000m\000e\000n\000d\000a\000t\000i\000o\000n\000s}{section.1}% 20
\BOOKMARK [2][-]{subsection.1.10}{\376\377\000C\000o\000n\000c\000l\000u\000s\000i\000o\000n}{section.1}% 21
\BOOKMARK [1][-]{section.2}{\376\377\000C\000h\000a\000p\000t\000e\000r\000\040\0002\000:\000\040\000S\000D\000L\000C}{}% 22
\BOOKMARK [2][-]{subsection.2.1}{\376\377\000P\000r\000o\000b\000l\000e\000m\000\040\000I\000d\000e\000n\000t\000i\000f\000i\000c\000a\000t\000i\000o\000n}{section.2}% 23
\BOOKMARK [3][-]{subsubsection.2.1.1}{\376\377\000P\000a\000y\000m\000e\000n\000t\000\040\000a\000n\000d\000\040\000C\000a\000s\000h\000\040\000F\000l\000o\000w\000\040\000I\000s\000s\000u\000e\000s}{subsection.2.1}% 24
\BOOKMARK [3][-]{subsubsection.2.1.2}{\376\377\000P\000r\000o\000j\000e\000c\000t\000\040\000M\000a\000n\000a\000g\000e\000m\000e\000n\000t\000\040\000a\000n\000d\000\040\000T\000i\000m\000e\000l\000i\000n\000e\000\040\000C\000h\000a\000l\000l\000e\000n\000g\000e\000s}{subsection.2.1}% 25
\BOOKMARK [3][-]{subsubsection.2.1.3}{\376\377\000O\000p\000e\000r\000a\000t\000i\000o\000n\000a\000l\000\040\000a\000n\000d\000\040\000G\000r\000o\000w\000t\000h\000\040\000C\000h\000a\000l\000l\000e\000n\000g\000e\000s}{subsection.2.1}% 26
\BOOKMARK [3][-]{subsubsection.2.1.4}{\376\377\000A\000u\000t\000o\000m\000a\000t\000i\000o\000n\000\040\000a\000n\000d\000\040\000P\000r\000o\000c\000e\000s\000s\000\040\000E\000f\000f\000i\000c\000i\000e\000n\000c\000y\000\040\000C\000h\000a\000l\000l\000e\000n\000g\000e\000s}{subsection.2.1}% 27
\BOOKMARK [2][-]{subsection.2.2}{\376\377\000P\000r\000o\000p\000o\000s\000e\000d\000\040\000S\000o\000l\000u\000t\000i\000o\000n\000s}{section.2}% 28
\BOOKMARK [2][-]{subsection.2.3}{\376\377\000P\000r\000o\000p\000o\000s\000e\000d\000\040\000A\000u\000t\000o\000m\000a\000t\000i\000o\000n\000\040\000S\000y\000s\000t\000e\000m\000\040\000A\000r\000c\000h\000i\000t\000e\000c\000t\000u\000r\000e}{section.2}% 29
\BOOKMARK [3][-]{subsubsection.2.3.1}{\376\377\000S\000y\000s\000t\000e\000m\000\040\000R\000e\000q\000u\000i\000r\000e\000m\000e\000n\000t\000s}{subsection.2.3}% 30
\BOOKMARK [2][-]{subsection.2.4}{\376\377\000A\000u\000t\000o\000m\000a\000t\000i\000o\000n\000\040\000S\000y\000s\000t\000e\000m\000\040\000F\000e\000a\000s\000i\000b\000i\000l\000i\000t\000y\000\040\000A\000n\000a\000l\000y\000s\000i\000s}{section.2}% 31
\BOOKMARK [3][-]{subsubsection.2.4.1}{\376\377\000T\000e\000c\000h\000n\000i\000c\000a\000l\000\040\000F\000e\000a\000s\000i\000b\000i\000l\000i\000t\000y\000\040\000A\000s\000s\000e\000s\000s\000m\000e\000n\000t}{subsection.2.4}% 32
\BOOKMARK [3][-]{subsubsection.2.4.2}{\376\377\000E\000c\000o\000n\000o\000m\000i\000c\000\040\000F\000e\000a\000s\000i\000b\000i\000l\000i\000t\000y\000\040\000A\000n\000a\000l\000y\000s\000i\000s}{subsection.2.4}% 33
\BOOKMARK [3][-]{subsubsection.2.4.3}{\376\377\000O\000p\000e\000r\000a\000t\000i\000o\000n\000a\000l\000\040\000F\000e\000a\000s\000i\000b\000i\000l\000i\000t\000y\000\040\000E\000v\000a\000l\000u\000a\000t\000i\000o\000n}{subsection.2.4}% 34
\BOOKMARK [3][-]{subsubsection.2.4.4}{\376\377\000S\000c\000h\000e\000d\000u\000l\000e\000\040\000F\000e\000a\000s\000i\000b\000i\000l\000i\000t\000y\000\040\000P\000l\000a\000n\000n\000i\000n\000g}{subsection.2.4}% 35
\BOOKMARK [3][-]{subsubsection.2.4.5}{\376\377\000F\000e\000a\000s\000i\000b\000i\000l\000i\000t\000y\000\040\000C\000o\000n\000c\000l\000u\000s\000i\000o\000n}{subsection.2.4}% 36
\BOOKMARK [2][-]{subsection.2.5}{\376\377\000R\000e\000c\000o\000m\000m\000e\000n\000d\000a\000t\000i\000o\000n\000s}{section.2}% 37
\BOOKMARK [2][-]{subsection.2.6}{\376\377\000C\000o\000n\000c\000l\000u\000s\000i\000o\000n}{section.2}% 38
\BOOKMARK [1][-]{section.3}{\376\377\000C\000h\000a\000p\000t\000e\000r\000\040\0003\000:\000\040\000I\000n\000f\000o\000r\000m\000a\000t\000i\000o\000n\000\040\000G\000a\000t\000h\000e\000r\000i\000n\000g}{}% 39
\BOOKMARK [2][-]{subsection.3.1}{\376\377\000I\000n\000f\000o\000r\000m\000a\000t\000i\000o\000n\000\040\000G\000a\000t\000h\000e\000r\000i\000n\000g}{section.3}% 40
\BOOKMARK [3][-]{subsubsection.3.1.1}{\376\377\000I\000n\000t\000e\000r\000v\000i\000e\000w\000\040\000M\000e\000t\000h\000o\000d\000o\000l\000o\000g\000y}{subsection.3.1}% 41
\BOOKMARK [3][-]{subsubsection.3.1.2}{\376\377\000K\000e\000y\000\040\000I\000n\000t\000e\000r\000v\000i\000e\000w\000\040\000Q\000u\000e\000s\000t\000i\000o\000n\000s\000\040\000a\000n\000d\000\040\000A\000n\000s\000w\000e\000r\000s}{subsection.3.1}% 42
\BOOKMARK [2][-]{subsection.3.2}{\376\377\000I\000n\000t\000e\000r\000v\000i\000e\000w\000\040\000A\000n\000a\000l\000y\000s\000i\000s}{section.3}% 43
\BOOKMARK [3][-]{subsubsection.3.2.1}{\376\377\000O\000r\000g\000a\000n\000i\000z\000a\000t\000i\000o\000n\000a\000l\000\040\000S\000t\000r\000e\000n\000g\000t\000h\000s\000\040\000A\000s\000s\000e\000s\000s\000m\000e\000n\000t}{subsection.3.2}% 44
\BOOKMARK [3][-]{subsubsection.3.2.2}{\376\377\000L\000e\000a\000d\000e\000r\000s\000h\000i\000p\000\040\000a\000n\000d\000\040\000M\000a\000n\000a\000g\000e\000m\000e\000n\000t\000\040\000A\000n\000a\000l\000y\000s\000i\000s}{subsection.3.2}% 45
\BOOKMARK [3][-]{subsubsection.3.2.3}{\376\377\000O\000p\000e\000r\000a\000t\000i\000o\000n\000a\000l\000\040\000C\000h\000a\000l\000l\000e\000n\000g\000e\000s\000\040\000I\000d\000e\000n\000t\000i\000f\000i\000c\000a\000t\000i\000o\000n}{subsection.3.2}% 46
\BOOKMARK [2][-]{subsection.3.3}{\376\377\000I\000n\000f\000o\000r\000m\000a\000t\000i\000o\000n\000\040\000I\000n\000t\000e\000g\000r\000a\000t\000i\000o\000n}{section.3}% 47
\BOOKMARK [3][-]{subsubsection.3.3.1}{\376\377\000B\000u\000s\000i\000n\000e\000s\000s\000\040\000M\000o\000d\000e\000l\000\040\000A\000n\000a\000l\000y\000s\000i\000s}{subsection.3.3}% 48
\BOOKMARK [3][-]{subsubsection.3.3.2}{\376\377\000T\000e\000c\000h\000n\000o\000l\000o\000g\000y\000\040\000I\000n\000f\000r\000a\000s\000t\000r\000u\000c\000t\000u\000r\000e\000\040\000A\000s\000s\000e\000s\000s\000m\000e\000n\000t}{subsection.3.3}% 49
\BOOKMARK [3][-]{subsubsection.3.3.3}{\376\377\000S\000t\000r\000a\000t\000e\000g\000i\000c\000\040\000G\000r\000o\000w\000t\000h\000\040\000F\000r\000a\000m\000e\000w\000o\000r\000k}{subsection.3.3}% 50
\BOOKMARK [2][-]{subsection.3.4}{\376\377\000R\000e\000c\000o\000m\000m\000e\000n\000d\000a\000t\000i\000o\000n\000s}{section.3}% 51
\BOOKMARK [3][-]{subsubsection.3.4.1}{\376\377\000F\000i\000n\000a\000n\000c\000i\000a\000l\000\040\000M\000a\000n\000a\000g\000e\000m\000e\000n\000t\000\040\000a\000n\000d\000\040\000P\000a\000y\000m\000e\000n\000t\000\040\000S\000y\000s\000t\000e\000m\000\040\000E\000n\000h\000a\000n\000c\000e\000m\000e\000n\000t}{subsection.3.4}% 52
\BOOKMARK [3][-]{subsubsection.3.4.2}{\376\377\000P\000r\000o\000c\000e\000s\000s\000\040\000O\000p\000t\000i\000m\000i\000z\000a\000t\000i\000o\000n\000\040\000a\000n\000d\000\040\000S\000y\000s\000t\000e\000m\000\040\000E\000n\000h\000a\000n\000c\000e\000m\000e\000n\000t}{subsection.3.4}% 53
\BOOKMARK [3][-]{subsubsection.3.4.3}{\376\377\000R\000e\000m\000o\000t\000e\000\040\000O\000p\000e\000r\000a\000t\000i\000o\000n\000s\000\040\000a\000n\000d\000\040\000T\000e\000a\000m\000\040\000M\000a\000n\000a\000g\000e\000m\000e\000n\000t}{subsection.3.4}% 54
\BOOKMARK [3][-]{subsubsection.3.4.4}{\376\377\000D\000i\000g\000i\000t\000a\000l\000\040\000P\000r\000e\000s\000e\000n\000c\000e\000\040\000a\000n\000d\000\040\000M\000a\000r\000k\000e\000t\000i\000n\000g\000\040\000E\000n\000h\000a\000n\000c\000e\000m\000e\000n\000t}{subsection.3.4}% 55
\BOOKMARK [2][-]{subsection.3.5}{\376\377\000C\000o\000n\000c\000l\000u\000s\000i\000o\000n}{section.3}% 56
\BOOKMARK [1][-]{section.4}{\376\377\000C\000h\000a\000p\000t\000e\000r\000\040\0004\000:\000\040\000S\000t\000r\000u\000c\000t\000u\000r\000e\000d\000\040\000A\000n\000a\000l\000y\000s\000i\000s}{}% 57
\BOOKMARK [2][-]{subsection.4.1}{\376\377\000I\000n\000t\000r\000o\000d\000u\000c\000t\000i\000o\000n}{section.4}% 58
\BOOKMARK [2][-]{subsection.4.2}{\376\377\000E\000x\000i\000s\000t\000i\000n\000g\000\040\000S\000y\000s\000t\000e\000m\000\040\000D\000F\000D}{section.4}% 59
\BOOKMARK [3][-]{subsubsection.4.2.1}{\376\377\000C\000o\000n\000t\000e\000x\000t\000\040\000D\000i\000a\000g\000r\000a\000m}{subsection.4.2}% 60
\BOOKMARK [3][-]{subsubsection.4.2.2}{\376\377\000M\000a\000i\000n\000\040\000S\000y\000s\000t\000e\000m\000\040\000P\000r\000o\000c\000e\000s\000s\000e\000s}{subsection.4.2}% 61
\BOOKMARK [3][-]{subsubsection.4.2.3}{\376\377\000P\000r\000o\000j\000e\000c\000t\000\040\000M\000a\000n\000a\000g\000e\000m\000e\000n\000t\000\040\000S\000u\000b\000-\000P\000r\000o\000c\000e\000s\000s\000e\000s}{subsection.4.2}% 62
\BOOKMARK [3][-]{subsubsection.4.2.4}{\376\377\000D\000e\000v\000e\000l\000o\000p\000m\000e\000n\000t\000\040\000W\000o\000r\000k\000f\000l\000o\000w\000\040\000S\000u\000b\000-\000P\000r\000o\000c\000e\000s\000s\000e\000s}{subsection.4.2}% 63
\BOOKMARK [3][-]{subsubsection.4.2.5}{\376\377\000D\000e\000p\000l\000o\000y\000m\000e\000n\000t\000\040\000a\000n\000d\000\040\000Q\000u\000a\000l\000i\000t\000y\000\040\000A\000s\000s\000u\000r\000a\000n\000c\000e\000\040\000S\000u\000b\000-\000P\000r\000o\000c\000e\000s\000s\000e\000s}{subsection.4.2}% 64
\BOOKMARK [3][-]{subsubsection.4.2.6}{\376\377\000A\000n\000a\000l\000y\000t\000i\000c\000s\000\040\000a\000n\000d\000\040\000R\000e\000p\000o\000r\000t\000i\000n\000g\000\040\000S\000u\000b\000-\000P\000r\000o\000c\000e\000s\000s\000e\000s}{subsection.4.2}% 65
\BOOKMARK [3][-]{subsubsection.4.2.7}{\376\377\000D\000a\000t\000a\000\040\000S\000t\000o\000r\000e\000s}{subsection.4.2}% 66
\BOOKMARK [2][-]{subsection.4.3}{\376\377\000P\000r\000o\000p\000o\000s\000e\000d\000\040\000S\000y\000s\000t\000e\000m\000\040\000D\000F\000D}{section.4}% 67
\BOOKMARK [3][-]{subsubsection.4.3.1}{\376\377\000A\000u\000t\000o\000m\000a\000t\000i\000o\000n\000\040\000D\000F\000D}{subsection.4.3}% 68
\BOOKMARK [3][-]{subsubsection.4.3.2}{\376\377\000P\000r\000o\000c\000e\000s\000s\000\040\000A\000u\000t\000o\000m\000a\000t\000i\000o\000n\000\040\000W\000o\000r\000k\000f\000l\000o\000w}{subsection.4.3}% 69
\BOOKMARK [2][-]{subsection.4.4}{\376\377\000D\000a\000t\000a\000\040\000D\000i\000c\000t\000i\000o\000n\000a\000r\000y}{section.4}% 70
\BOOKMARK [3][-]{subsubsection.4.4.1}{\376\377\000C\000o\000r\000e\000\040\000D\000a\000t\000a\000\040\000S\000t\000o\000r\000e\000s}{subsection.4.4}% 71
\BOOKMARK [3][-]{subsubsection.4.4.2}{\376\377\000D\000e\000t\000a\000i\000l\000e\000d\000\040\000D\000a\000t\000a\000b\000a\000s\000e\000\040\000S\000c\000h\000e\000m\000a}{subsection.4.4}% 72
\BOOKMARK [2][-]{subsection.4.5}{\376\377\000D\000e\000c\000i\000s\000i\000o\000n\000\040\000T\000r\000e\000e}{section.4}% 73
\BOOKMARK [2][-]{subsection.4.6}{\376\377\000D\000e\000c\000i\000s\000i\000o\000n\000\040\000T\000a\000b\000l\000e}{section.4}% 74
\BOOKMARK [2][-]{subsection.4.7}{\376\377\000C\000o\000n\000c\000l\000u\000s\000i\000o\000n}{section.4}% 75
