#! /c/Source/iverilog-install/bin/vvp
:ivl_version "12.0 (devel)" "(s20150603-1539-g2693dd32b)";
:ivl_delay_selection "TYPICAL";
:vpi_time_precision - 9;
:vpi_module "C:\iverilog\lib\ivl\system.vpi";
:vpi_module "C:\iverilog\lib\ivl\vhdl_sys.vpi";
:vpi_module "C:\iverilog\lib\ivl\vhdl_textio.vpi";
:vpi_module "C:\iverilog\lib\ivl\v2005_math.vpi";
:vpi_module "C:\iverilog\lib\ivl\va_math.vpi";
S_0000024a7aaa6450 .scope module, "d_ff_en_tb" "d_ff_en_tb" 2 3;
 .timescale 0 -9;
v0000024a7aab5910_0 .var "clk", 0 0;
v0000024a7aab59b0_0 .var "d", 0 0;
v0000024a7aab5a50_0 .var "en", 0 0;
v0000024a7aab5af0_0 .net "q", 0 0, v0000024a7aaa6770_0;  1 drivers
v0000024a7aab5b90_0 .var "reset", 0 0;
S_0000024a7aaa65e0 .scope module, "cir" "d_ff_en" 2 11, 3 1 0, S_0000024a7aaa6450;
 .timescale 0 0;
    .port_info 0 /INPUT 1 "clk";
    .port_info 1 /INPUT 1 "reset";
    .port_info 2 /INPUT 1 "en";
    .port_info 3 /INPUT 1 "d";
    .port_info 4 /OUTPUT 1 "q";
v0000024a7aa66dc0_0 .net "clk", 0 0, v0000024a7aab5910_0;  1 drivers
v0000024a7aa66fe0_0 .net "d", 0 0, v0000024a7aab59b0_0;  1 drivers
v0000024a7aa6bf00_0 .net "en", 0 0, v0000024a7aab5a50_0;  1 drivers
v0000024a7aaa6770_0 .var "q", 0 0;
v0000024a7aab5870_0 .net "reset", 0 0, v0000024a7aab5b90_0;  1 drivers
E_0000024a7aaa5110 .event posedge, v0000024a7aab5870_0, v0000024a7aa66dc0_0;
    .scope S_0000024a7aaa65e0;
T_0 ;
    %wait E_0000024a7aaa5110;
    %load/vec4 v0000024a7aab5870_0;
    %flag_set/vec4 8;
    %jmp/0xz  T_0.0, 8;
    %pushi/vec4 0, 0, 1;
    %assign/vec4 v0000024a7aaa6770_0, 0;
    %jmp T_0.1;
T_0.0 ;
    %load/vec4 v0000024a7aa6bf00_0;
    %flag_set/vec4 8;
    %jmp/0xz  T_0.2, 8;
    %load/vec4 v0000024a7aa66fe0_0;
    %assign/vec4 v0000024a7aaa6770_0, 0;
T_0.2 ;
T_0.1 ;
    %jmp T_0;
    .thread T_0;
    .scope S_0000024a7aaa6450;
T_1 ;
    %load/vec4 v0000024a7aab5910_0;
    %inv;
    %store/vec4 v0000024a7aab5910_0, 0, 1;
    %delay 1410065408, 2;
    %jmp T_1;
    .thread T_1;
    .scope S_0000024a7aaa6450;
T_2 ;
    %vpi_call 2 19 "$dumpfile", "test.vcd" {0 0 0};
    %vpi_call 2 20 "$dumpvars", 32'sb00000000000000000000000000000000, S_0000024a7aaa6450 {0 0 0};
    %pushi/vec4 0, 0, 1;
    %assign/vec4 v0000024a7aab5910_0, 0;
    %pushi/vec4 1, 0, 1;
    %assign/vec4 v0000024a7aab5b90_0, 0;
    %pushi/vec4 0, 0, 1;
    %assign/vec4 v0000024a7aab5a50_0, 0;
    %pushi/vec4 0, 0, 1;
    %assign/vec4 v0000024a7aab59b0_0, 0;
    %delay 2820130816, 4;
    %pushi/vec4 0, 0, 1;
    %assign/vec4 v0000024a7aab5b90_0, 0;
    %pushi/vec4 1, 0, 1;
    %assign/vec4 v0000024a7aab5a50_0, 0;
    %pushi/vec4 1, 0, 1;
    %assign/vec4 v0000024a7aab59b0_0, 0;
    %delay 2820130816, 4;
    %vpi_call 2 33 "$finish" {0 0 0};
    %end;
    .thread T_2;
    .scope S_0000024a7aaa6450;
T_3 ;
    %vpi_call 2 37 "$monitor", "clk=%b,reset=%b,en=%b,d=%b,q=%b", v0000024a7aab5910_0, v0000024a7aab5b90_0, v0000024a7aab5a50_0, v0000024a7aab59b0_0, v0000024a7aab5af0_0 {0 0 0};
    %end;
    .thread T_3;
# The file index is used to find the file name in the following table.
:file_names 4;
    "N/A";
    "<interactive>";
    "d_ff_en_tb.v";
    "d_ff_en.v";
