#! /c/Source/iverilog-install/bin/vvp
:ivl_version "12.0 (devel)" "(s20150603-1539-g2693dd32b)";
:ivl_delay_selection "TYPICAL";
:vpi_time_precision - 12;
:vpi_module "C:\iverilog\lib\ivl\system.vpi";
:vpi_module "C:\iverilog\lib\ivl\vhdl_sys.vpi";
:vpi_module "C:\iverilog\lib\ivl\vhdl_textio.vpi";
:vpi_module "C:\iverilog\lib\ivl\v2005_math.vpi";
:vpi_module "C:\iverilog\lib\ivl\va_math.vpi";
S_00000228d219be10 .scope module, "Multiplexer_Tb" "Multiplexer_Tb" 2 3;
 .timescale -9 -12;
v00000228d219b880_0 .var "E", 0 0;
v00000228d219b920_0 .var "I", 3 0;
v00000228d2196760_0 .var "S", 1 0;
v00000228d2196800_0 .net "Y", 0 0, v00000228d219b7e0_0;  1 drivers
S_00000228d219b5b0 .scope module, "circuit" "Multiplexer" 2 9, 3 1 0, S_00000228d219be10;
 .timescale 0 0;
    .port_info 0 /INPUT 4 "I";
    .port_info 1 /INPUT 2 "S";
    .port_info 2 /INPUT 1 "E";
    .port_info 3 /OUTPUT 1 "Y";
v00000228d2196f50_0 .net "E", 0 0, v00000228d219b880_0;  1 drivers
v00000228d21972c0_0 .net "I", 3 0, v00000228d219b920_0;  1 drivers
v00000228d219b740_0 .net "S", 1 0, v00000228d2196760_0;  1 drivers
v00000228d219b7e0_0 .var "Y", 0 0;
E_00000228d21999c0 .event anyedge, v00000228d2196f50_0, v00000228d219b740_0, v00000228d21972c0_0;
    .scope S_00000228d219b5b0;
T_0 ;
    %wait E_00000228d21999c0;
    %load/vec4 v00000228d2196f50_0;
    %load/vec4 v00000228d219b740_0;
    %concat/vec4; draw_concat_vec4
    %dup/vec4;
    %pushi/vec4 4, 0, 3;
    %cmp/u;
    %jmp/1 T_0.0, 6;
    %dup/vec4;
    %pushi/vec4 5, 0, 3;
    %cmp/u;
    %jmp/1 T_0.1, 6;
    %dup/vec4;
    %pushi/vec4 6, 0, 3;
    %cmp/u;
    %jmp/1 T_0.2, 6;
    %dup/vec4;
    %pushi/vec4 7, 0, 3;
    %cmp/u;
    %jmp/1 T_0.3, 6;
    %pushi/vec4 0, 0, 1;
    %store/vec4 v00000228d219b7e0_0, 0, 1;
    %jmp T_0.5;
T_0.0 ;
    %load/vec4 v00000228d21972c0_0;
    %parti/s 1, 0, 2;
    %store/vec4 v00000228d219b7e0_0, 0, 1;
    %jmp T_0.5;
T_0.1 ;
    %load/vec4 v00000228d21972c0_0;
    %parti/s 1, 1, 2;
    %store/vec4 v00000228d219b7e0_0, 0, 1;
    %jmp T_0.5;
T_0.2 ;
    %load/vec4 v00000228d21972c0_0;
    %parti/s 1, 2, 3;
    %store/vec4 v00000228d219b7e0_0, 0, 1;
    %jmp T_0.5;
T_0.3 ;
    %load/vec4 v00000228d21972c0_0;
    %parti/s 1, 3, 3;
    %store/vec4 v00000228d219b7e0_0, 0, 1;
    %jmp T_0.5;
T_0.5 ;
    %pop/vec4 1;
    %jmp T_0;
    .thread T_0, $push;
    .scope S_00000228d219be10;
T_1 ;
    %vpi_call 2 12 "$dumpfile", "test.vcd" {0 0 0};
    %vpi_call 2 13 "$dumpvars", 32'sb00000000000000000000000000000000, S_00000228d219be10 {0 0 0};
    %pushi/vec4 0, 0, 1;
    %store/vec4 v00000228d219b880_0, 0, 1;
    %delay 10000, 0;
    %pushi/vec4 1, 0, 1;
    %store/vec4 v00000228d219b880_0, 0, 1;
    %pushi/vec4 5, 0, 4;
    %store/vec4 v00000228d219b920_0, 0, 4;
    %delay 10000, 0;
    %pushi/vec4 0, 0, 2;
    %store/vec4 v00000228d2196760_0, 0, 2;
    %delay 10000, 0;
    %pushi/vec4 1, 0, 2;
    %store/vec4 v00000228d2196760_0, 0, 2;
    %delay 10000, 0;
    %pushi/vec4 2, 0, 2;
    %store/vec4 v00000228d2196760_0, 0, 2;
    %delay 10000, 0;
    %pushi/vec4 3, 0, 2;
    %store/vec4 v00000228d2196760_0, 0, 2;
    %delay 10000, 0;
    %end;
    .thread T_1;
    .scope S_00000228d219be10;
T_2 ;
    %vpi_call 2 32 "$monitor", "E = %b, I = %4b, S = %2b | Y = %b", v00000228d219b880_0, v00000228d219b920_0, v00000228d2196760_0, v00000228d2196800_0 {0 0 0};
    %end;
    .thread T_2;
# The file index is used to find the file name in the following table.
:file_names 4;
    "N/A";
    "<interactive>";
    "multiplexer_tb.v";
    "multiplexer.v";
