#! /c/Source/iverilog-install/bin/vvp
:ivl_version "12.0 (devel)" "(s20150603-1539-g2693dd32b)";
:ivl_delay_selection "TYPICAL";
:vpi_time_precision - 12;
:vpi_module "C:\iverilog\lib\ivl\system.vpi";
:vpi_module "C:\iverilog\lib\ivl\vhdl_sys.vpi";
:vpi_module "C:\iverilog\lib\ivl\vhdl_textio.vpi";
:vpi_module "C:\iverilog\lib\ivl\v2005_math.vpi";
:vpi_module "C:\iverilog\lib\ivl\va_math.vpi";
S_000001c82d0abc70 .scope module, "encoder_tb" "encoder_tb" 2 2;
 .timescale -9 -12;
v000001c82cfd5940_0 .net "A", 1 0, L_000001c82d0a6940;  1 drivers
v000001c82d0a6760_0 .var "Y", 3 0;
S_000001c82d0abe00 .scope module, "uut" "encoder" 2 7, 3 1 0, S_000001c82d0abc70;
 .timescale 0 0;
    .port_info 0 /INPUT 4 "Y";
    .port_info 1 /OUTPUT 2 "A";
L_000001c82d0ab790 .functor OR 1, L_000001c82d0a6800, L_000001c82d0a68a0, C4<0>, C4<0>;
L_000001c82d0a6a80 .functor OR 1, L_000001c82d0a69e0, L_000001c82d01aed0, C4<0>, C4<0>;
v000001c82d0a6f30_0 .net "A", 1 0, L_000001c82d0a6940;  alias, 1 drivers
v000001c82d0a72a0_0 .net "Y", 3 0, v000001c82d0a6760_0;  1 drivers
v000001c82cfd5580_0 .net *"_ivl_12", 0 0, L_000001c82d0a69e0;  1 drivers
v000001c82cfd5620_0 .net *"_ivl_14", 0 0, L_000001c82d01aed0;  1 drivers
v000001c82cfd56c0_0 .net *"_ivl_15", 0 0, L_000001c82d0a6a80;  1 drivers
v000001c82cfd5760_0 .net *"_ivl_3", 0 0, L_000001c82d0a6800;  1 drivers
v000001c82cfd5800_0 .net *"_ivl_5", 0 0, L_000001c82d0a68a0;  1 drivers
v000001c82cfd58a0_0 .net *"_ivl_6", 0 0, L_000001c82d0ab790;  1 drivers
L_000001c82d0a6800 .part v000001c82d0a6760_0, 1, 1;
L_000001c82d0a68a0 .part v000001c82d0a6760_0, 3, 1;
L_000001c82d0a6940 .concat8 [ 1 1 0 0], L_000001c82d0ab790, L_000001c82d0a6a80;
L_000001c82d0a69e0 .part v000001c82d0a6760_0, 2, 1;
L_000001c82d01aed0 .part v000001c82d0a6760_0, 3, 1;
    .scope S_000001c82d0abc70;
T_0 ;
    %vpi_call 2 14 "$dumpfile", "test.vcd" {0 0 0};
    %vpi_call 2 15 "$dumpvars", 32'sb00000000000000000000000000000000, S_000001c82d0abc70 {0 0 0};
    %pushi/vec4 1, 0, 4;
    %store/vec4 v000001c82d0a6760_0, 0, 4;
    %delay 20000, 0;
    %pushi/vec4 2, 0, 4;
    %store/vec4 v000001c82d0a6760_0, 0, 4;
    %delay 20000, 0;
    %pushi/vec4 4, 0, 4;
    %store/vec4 v000001c82d0a6760_0, 0, 4;
    %delay 20000, 0;
    %pushi/vec4 8, 0, 4;
    %store/vec4 v000001c82d0a6760_0, 0, 4;
    %delay 40000, 0;
    %vpi_call 2 21 "$finish" {0 0 0};
    %end;
    .thread T_0;
    .scope S_000001c82d0abc70;
T_1 ;
    %vpi_call 2 25 "$monitor", "Y3=%d|Y2=%d|Y1=%d|Y0=%d|A1=%d|A0=%d", &PV<v000001c82d0a6760_0, 3, 1>, &PV<v000001c82d0a6760_0, 2, 1>, &PV<v000001c82d0a6760_0, 1, 1>, &PV<v000001c82d0a6760_0, 0, 1>, &PV<v000001c82cfd5940_0, 1, 1>, &PV<v000001c82cfd5940_0, 0, 1> {0 0 0};
    %end;
    .thread T_1;
# The file index is used to find the file name in the following table.
:file_names 4;
    "N/A";
    "<interactive>";
    "en4to2_tb.v";
    "en4to2.v";
