#! /c/Source/iverilog-install/bin/vvp
:ivl_version "12.0 (devel)" "(s20150603-1539-g2693dd32b)";
:ivl_delay_selection "TYPICAL";
:vpi_time_precision - 12;
:vpi_module "C:\iverilog\lib\ivl\system.vpi";
:vpi_module "C:\iverilog\lib\ivl\vhdl_sys.vpi";
:vpi_module "C:\iverilog\lib\ivl\vhdl_textio.vpi";
:vpi_module "C:\iverilog\lib\ivl\v2005_math.vpi";
:vpi_module "C:\iverilog\lib\ivl\va_math.vpi";
S_000002101bc85640 .scope module, "PrEncoder_tb" "PrEncoder_tb" 2 3;
 .timescale -9 -12;
v000002101bcd4450_0 .net "a", 1 0, L_000002101bcd41d0;  1 drivers
v000002101bcd4310_0 .var "y", 3 0;
S_000002101bc857d0 .scope module, "Circuit" "PrEncoder" 2 8, 3 1 0, S_000002101bc85640;
 .timescale 0 0;
    .port_info 0 /INPUT 4 "y";
    .port_info 1 /OUTPUT 2 "a";
L_000002101bc77770 .functor NOT 1, L_000002101bcd43b0, C4<0>, C4<0>, C4<0>;
L_000002101bc777e0 .functor NOT 1, L_000002101bcd44f0, C4<0>, C4<0>, C4<0>;
L_000002101bc771c0 .functor AND 1, L_000002101bc77770, L_000002101bc777e0, C4<1>, C4<1>;
L_000002101bc77850 .functor AND 1, L_000002101bc771c0, L_000002101bcd4130, C4<1>, C4<1>;
L_000002101bc775b0 .functor OR 1, L_000002101bcd3ff0, L_000002101bc77850, C4<0>, C4<0>;
L_000002101bc77230 .functor NOT 1, L_000002101bcd46d0, C4<0>, C4<0>, C4<0>;
L_000002101bc773f0 .functor AND 1, L_000002101bcd4630, L_000002101bc77230, C4<1>, C4<1>;
L_000002101bc772a0 .functor OR 1, L_000002101bcd4590, L_000002101bc773f0, C4<0>, C4<0>;
v000002101bd472a0_0 .net *"_ivl_10", 0 0, L_000002101bc777e0;  1 drivers
v000002101bd46eb0_0 .net *"_ivl_12", 0 0, L_000002101bc771c0;  1 drivers
v000002101bcd3870_0 .net *"_ivl_15", 0 0, L_000002101bcd4130;  1 drivers
v000002101bcd4270_0 .net *"_ivl_16", 0 0, L_000002101bc77850;  1 drivers
v000002101bcd3b90_0 .net *"_ivl_18", 0 0, L_000002101bc775b0;  1 drivers
v000002101bcd3cd0_0 .net *"_ivl_24", 0 0, L_000002101bcd4590;  1 drivers
v000002101bcd3910_0 .net *"_ivl_26", 0 0, L_000002101bcd4630;  1 drivers
v000002101bcd3d70_0 .net *"_ivl_28", 0 0, L_000002101bcd46d0;  1 drivers
v000002101bcd3e10_0 .net *"_ivl_29", 0 0, L_000002101bc77230;  1 drivers
v000002101bcd4770_0 .net *"_ivl_3", 0 0, L_000002101bcd3ff0;  1 drivers
v000002101bcd39b0_0 .net *"_ivl_31", 0 0, L_000002101bc773f0;  1 drivers
v000002101bcd3af0_0 .net *"_ivl_33", 0 0, L_000002101bc772a0;  1 drivers
v000002101bcd4090_0 .net *"_ivl_5", 0 0, L_000002101bcd43b0;  1 drivers
v000002101bcd3f50_0 .net *"_ivl_6", 0 0, L_000002101bc77770;  1 drivers
v000002101bcd3a50_0 .net *"_ivl_9", 0 0, L_000002101bcd44f0;  1 drivers
v000002101bcd3c30_0 .net "a", 1 0, L_000002101bcd41d0;  alias, 1 drivers
v000002101bcd3eb0_0 .net "y", 3 0, v000002101bcd4310_0;  1 drivers
L_000002101bcd3ff0 .part v000002101bcd4310_0, 3, 1;
L_000002101bcd43b0 .part v000002101bcd4310_0, 3, 1;
L_000002101bcd44f0 .part v000002101bcd4310_0, 2, 1;
L_000002101bcd4130 .part v000002101bcd4310_0, 1, 1;
L_000002101bcd41d0 .concat8 [ 1 1 0 0], L_000002101bc775b0, L_000002101bc772a0;
L_000002101bcd4590 .part v000002101bcd4310_0, 3, 1;
L_000002101bcd4630 .part v000002101bcd4310_0, 2, 1;
L_000002101bcd46d0 .part v000002101bcd4310_0, 3, 1;
    .scope S_000002101bc85640;
T_0 ;
    %vpi_call 2 11 "$dumpfile", "test.vcd" {0 0 0};
    %vpi_call 2 12 "$dumpvars", 32'sb00000000000000000000000000000000, S_000002101bc85640 {0 0 0};
    %pushi/vec4 0, 0, 4;
    %store/vec4 v000002101bcd4310_0, 0, 4;
    %delay 20000, 0;
    %pushi/vec4 1, 0, 4;
    %store/vec4 v000002101bcd4310_0, 0, 4;
    %delay 20000, 0;
    %pushi/vec4 3, 1, 4;
    %store/vec4 v000002101bcd4310_0, 0, 4;
    %delay 20000, 0;
    %pushi/vec4 7, 3, 4;
    %store/vec4 v000002101bcd4310_0, 0, 4;
    %delay 20000, 0;
    %pushi/vec4 15, 7, 4;
    %store/vec4 v000002101bcd4310_0, 0, 4;
    %delay 40000, 0;
    %delay 20000, 0;
    %pushi/vec4 6, 0, 4;
    %store/vec4 v000002101bcd4310_0, 0, 4;
    %vpi_call 2 21 "$finish" {0 0 0};
    %delay 40000, 0;
    %vpi_call 2 23 "$finish" {0 0 0};
    %end;
    .thread T_0;
    .scope S_000002101bc85640;
T_1 ;
    %vpi_call 2 27 "$monitor", "y3=%d|y2=%d|y1=%d|y0=%d|a1=%d|a0=%d", &PV<v000002101bcd4310_0, 3, 1>, &PV<v000002101bcd4310_0, 2, 1>, &PV<v000002101bcd4310_0, 1, 1>, &PV<v000002101bcd4310_0, 0, 1>, &PV<v000002101bcd4450_0, 1, 1>, &PV<v000002101bcd4450_0, 0, 1> {0 0 0};
    %end;
    .thread T_1;
# The file index is used to find the file name in the following table.
:file_names 4;
    "N/A";
    "<interactive>";
    "PrEncoder_tb.v";
    "PrEncoder.v";
