#! /c/Source/iverilog-install/bin/vvp
:ivl_version "12.0 (devel)" "(s20150603-1539-g2693dd32b)";
:ivl_delay_selection "TYPICAL";
:vpi_time_precision - 9;
:vpi_module "C:\iverilog\lib\ivl\system.vpi";
:vpi_module "C:\iverilog\lib\ivl\vhdl_sys.vpi";
:vpi_module "C:\iverilog\lib\ivl\vhdl_textio.vpi";
:vpi_module "C:\iverilog\lib\ivl\v2005_math.vpi";
:vpi_module "C:\iverilog\lib\ivl\va_math.vpi";
S_00000293c32ebde0 .scope module, "fa_tb" "fa_tb" 2 3;
 .timescale -9 -9;
v00000293c32e6c60_0 .var "A", 0 0;
v00000293c337e0c0_0 .var "B", 0 0;
v00000293c337dee0_0 .var "Cin", 0 0;
v00000293c337e700_0 .net "Co", 0 0, L_00000293c3324ac0;  1 drivers
v00000293c337e7a0_0 .net "S", 0 0, L_00000293c33249e0;  1 drivers
S_00000293c3326450 .scope module, "cir" "fa" 2 11, 3 1 0, S_00000293c32ebde0;
 .timescale 0 0;
    .port_info 0 /INPUT 1 "A";
    .port_info 1 /INPUT 1 "B";
    .port_info 2 /INPUT 1 "Cin";
    .port_info 3 /OUTPUT 1 "S";
    .port_info 4 /OUTPUT 1 "Co";
L_00000293c3324c80 .functor XOR 1, v00000293c32e6c60_0, v00000293c337e0c0_0, C4<0>, C4<0>;
L_00000293c33249e0 .functor XOR 1, L_00000293c3324c80, v00000293c337dee0_0, C4<0>, C4<0>;
L_00000293c3324cf0 .functor AND 1, v00000293c32e6c60_0, v00000293c337e0c0_0, C4<1>, C4<1>;
L_00000293c3324900 .functor XOR 1, v00000293c32e6c60_0, v00000293c337e0c0_0, C4<0>, C4<0>;
L_00000293c3324d60 .functor AND 1, v00000293c337dee0_0, L_00000293c3324900, C4<1>, C4<1>;
L_00000293c3324ac0 .functor OR 1, L_00000293c3324cf0, L_00000293c3324d60, C4<0>, C4<0>;
v00000293c32e7300_0 .net "A", 0 0, v00000293c32e6c60_0;  1 drivers
v00000293c32ea310_0 .net "B", 0 0, v00000293c337e0c0_0;  1 drivers
v00000293c32ebc20_0 .net "Cin", 0 0, v00000293c337dee0_0;  1 drivers
v00000293c33265e0_0 .net "Co", 0 0, L_00000293c3324ac0;  alias, 1 drivers
v00000293c3326680_0 .net "S", 0 0, L_00000293c33249e0;  alias, 1 drivers
v00000293c3326720_0 .net *"_ivl_0", 0 0, L_00000293c3324c80;  1 drivers
v00000293c32e6a80_0 .net *"_ivl_4", 0 0, L_00000293c3324cf0;  1 drivers
v00000293c32e6b20_0 .net *"_ivl_6", 0 0, L_00000293c3324900;  1 drivers
v00000293c32e6bc0_0 .net *"_ivl_8", 0 0, L_00000293c3324d60;  1 drivers
    .scope S_00000293c32ebde0;
T_0 ;
    %vpi_call 2 14 "$dumpfile", "test.vcd" {0 0 0};
    %vpi_call 2 15 "$dumpvars", 32'sb00000000000000000000000000000000, S_00000293c32ebde0 {0 0 0};
    %pushi/vec4 0, 0, 1;
    %store/vec4 v00000293c337dee0_0, 0, 1;
    %pushi/vec4 0, 0, 1;
    %store/vec4 v00000293c32e6c60_0, 0, 1;
    %pushi/vec4 0, 0, 1;
    %store/vec4 v00000293c337e0c0_0, 0, 1;
    %delay 20, 0;
    %pushi/vec4 1, 0, 1;
    %store/vec4 v00000293c337e0c0_0, 0, 1;
    %delay 20, 0;
    %pushi/vec4 1, 0, 1;
    %store/vec4 v00000293c32e6c60_0, 0, 1;
    %pushi/vec4 0, 0, 1;
    %store/vec4 v00000293c337e0c0_0, 0, 1;
    %delay 20, 0;
    %pushi/vec4 1, 0, 1;
    %store/vec4 v00000293c337e0c0_0, 0, 1;
    %delay 20, 0;
    %pushi/vec4 1, 0, 1;
    %store/vec4 v00000293c337dee0_0, 0, 1;
    %pushi/vec4 0, 0, 1;
    %store/vec4 v00000293c32e6c60_0, 0, 1;
    %pushi/vec4 0, 0, 1;
    %store/vec4 v00000293c337e0c0_0, 0, 1;
    %delay 20, 0;
    %pushi/vec4 1, 0, 1;
    %store/vec4 v00000293c337e0c0_0, 0, 1;
    %delay 20, 0;
    %pushi/vec4 1, 0, 1;
    %store/vec4 v00000293c32e6c60_0, 0, 1;
    %pushi/vec4 0, 0, 1;
    %store/vec4 v00000293c337e0c0_0, 0, 1;
    %delay 20, 0;
    %pushi/vec4 1, 0, 1;
    %store/vec4 v00000293c337e0c0_0, 0, 1;
    %delay 20, 0;
    %vpi_call 2 27 "$finish" {0 0 0};
    %end;
    .thread T_0;
    .scope S_00000293c32ebde0;
T_1 ;
    %vpi_call 2 31 "$monitor", "Cin=%d|A=%d|B=%d|Co=%d|S=%d", v00000293c337dee0_0, v00000293c32e6c60_0, v00000293c337e0c0_0, v00000293c337e700_0, v00000293c337e7a0_0 {0 0 0};
    %end;
    .thread T_1;
# The file index is used to find the file name in the following table.
:file_names 4;
    "N/A";
    "<interactive>";
    "FA_tb.v";
    "FA.v";
