#! /c/Source/iverilog-install/bin/vvp
:ivl_version "12.0 (devel)" "(s20150603-1539-g2693dd32b)";
:ivl_delay_selection "TYPICAL";
:vpi_time_precision - 9;
:vpi_module "C:\iverilog\lib\ivl\system.vpi";
:vpi_module "C:\iverilog\lib\ivl\vhdl_sys.vpi";
:vpi_module "C:\iverilog\lib\ivl\vhdl_textio.vpi";
:vpi_module "C:\iverilog\lib\ivl\v2005_math.vpi";
:vpi_module "C:\iverilog\lib\ivl\va_math.vpi";
S_00000290cead6a50 .scope module, "adder4bit_tb" "adder4bit_tb" 2 3;
 .timescale -9 -9;
v00000290ceae3470_0 .var "A", 3 0;
v00000290ceae3dd0_0 .var "B", 3 0;
v00000290ceae3b50_0 .var "Cin", 0 0;
v00000290ceae3d30_0 .net "Co", 0 0, L_00000290ceae4230;  1 drivers
v00000290ceae4050_0 .net "S", 3 0, L_00000290ceae3fb0;  1 drivers
S_00000290cead6be0 .scope module, "circ" "adder4bit" 2 11, 3 1 0, S_00000290cead6a50;
 .timescale 0 0;
    .port_info 0 /INPUT 4 "A";
    .port_info 1 /INPUT 4 "B";
    .port_info 2 /INPUT 1 "Cin";
    .port_info 3 /OUTPUT 4 "S";
    .port_info 4 /OUTPUT 1 "Co";
v00000290cea26f70_0 .net "A", 3 0, v00000290ceae3470_0;  1 drivers
v00000290cea2be70_0 .net "B", 3 0, v00000290ceae3dd0_0;  1 drivers
v00000290cea2bf10_0 .net "Cin", 0 0, v00000290ceae3b50_0;  1 drivers
v00000290cea267a0_0 .net "Co", 0 0, L_00000290ceae4230;  alias, 1 drivers
v00000290cea26840_0 .net "S", 3 0, L_00000290ceae3fb0;  alias, 1 drivers
v00000290cea268e0_0 .net *"_ivl_0", 4 0, L_00000290ceae3ab0;  1 drivers
v00000290cea26980_0 .net *"_ivl_10", 4 0, L_00000290ceae3bf0;  1 drivers
L_00000290ceb360c8 .functor BUFT 1, C4<0000>, C4<0>, C4<0>, C4<0>;
v00000290cea26a20_0 .net *"_ivl_13", 3 0, L_00000290ceb360c8;  1 drivers
L_00000290ceb36038 .functor BUFT 1, C4<0>, C4<0>, C4<0>, C4<0>;
v00000290cea26ac0_0 .net *"_ivl_3", 0 0, L_00000290ceb36038;  1 drivers
v00000290cea26b60_0 .net *"_ivl_4", 4 0, L_00000290ceae3330;  1 drivers
L_00000290ceb36080 .functor BUFT 1, C4<0>, C4<0>, C4<0>, C4<0>;
v00000290ceae31a0_0 .net *"_ivl_7", 0 0, L_00000290ceb36080;  1 drivers
v00000290ceae3240_0 .net *"_ivl_8", 4 0, L_00000290ceae3e70;  1 drivers
v00000290ceae4190_0 .net "result", 4 0, L_00000290ceae40f0;  1 drivers
L_00000290ceae3ab0 .concat [ 4 1 0 0], v00000290ceae3470_0, L_00000290ceb36038;
L_00000290ceae3330 .concat [ 4 1 0 0], v00000290ceae3dd0_0, L_00000290ceb36080;
L_00000290ceae3e70 .arith/sum 5, L_00000290ceae3ab0, L_00000290ceae3330;
L_00000290ceae3bf0 .concat [ 1 4 0 0], v00000290ceae3b50_0, L_00000290ceb360c8;
L_00000290ceae40f0 .arith/sum 5, L_00000290ceae3e70, L_00000290ceae3bf0;
L_00000290ceae4230 .part L_00000290ceae40f0, 4, 1;
L_00000290ceae3fb0 .part L_00000290ceae40f0, 0, 4;
    .scope S_00000290cead6a50;
T_0 ;
    %vpi_call 2 14 "$dumpfile", "test1.vcd" {0 0 0};
    %vpi_call 2 15 "$dumpvars", 32'sb00000000000000000000000000000000, S_00000290cead6a50 {0 0 0};
    %pushi/vec4 0, 0, 1;
    %store/vec4 v00000290ceae3b50_0, 0, 1;
    %pushi/vec4 0, 0, 4;
    %store/vec4 v00000290ceae3470_0, 0, 4;
    %pushi/vec4 0, 0, 4;
    %store/vec4 v00000290ceae3dd0_0, 0, 4;
    %delay 20, 0;
    %pushi/vec4 0, 0, 1;
    %store/vec4 v00000290ceae3b50_0, 0, 1;
    %pushi/vec4 1, 0, 4;
    %store/vec4 v00000290ceae3470_0, 0, 4;
    %pushi/vec4 1, 0, 4;
    %store/vec4 v00000290ceae3dd0_0, 0, 4;
    %delay 20, 0;
    %pushi/vec4 0, 0, 1;
    %store/vec4 v00000290ceae3b50_0, 0, 1;
    %pushi/vec4 1, 0, 4;
    %store/vec4 v00000290ceae3470_0, 0, 4;
    %pushi/vec4 2, 0, 4;
    %store/vec4 v00000290ceae3dd0_0, 0, 4;
    %delay 20, 0;
    %pushi/vec4 0, 0, 1;
    %store/vec4 v00000290ceae3b50_0, 0, 1;
    %pushi/vec4 15, 0, 4;
    %store/vec4 v00000290ceae3470_0, 0, 4;
    %pushi/vec4 15, 0, 4;
    %store/vec4 v00000290ceae3dd0_0, 0, 4;
    %delay 20, 0;
    %pushi/vec4 1, 0, 1;
    %store/vec4 v00000290ceae3b50_0, 0, 1;
    %pushi/vec4 8, 0, 4;
    %store/vec4 v00000290ceae3470_0, 0, 4;
    %pushi/vec4 1, 0, 4;
    %store/vec4 v00000290ceae3dd0_0, 0, 4;
    %delay 20, 0;
    %vpi_call 2 42 "$finish" {0 0 0};
    %end;
    .thread T_0;
    .scope S_00000290cead6a50;
T_1 ;
    %vpi_call 2 46 "$monitor", "Cin=%b|A=%b|B=%b|Co=%b|S=%b", v00000290ceae3b50_0, v00000290ceae3470_0, v00000290ceae3dd0_0, v00000290ceae3d30_0, v00000290ceae4050_0 {0 0 0};
    %end;
    .thread T_1;
# The file index is used to find the file name in the following table.
:file_names 4;
    "N/A";
    "<interactive>";
    "Adder4bit_tb.v";
    "Adder4bit.v";
