#! /c/Source/iverilog-install/bin/vvp
:ivl_version "12.0 (devel)" "(s20150603-1539-g2693dd32b)";
:ivl_delay_selection "TYPICAL";
:vpi_time_precision - 12;
:vpi_module "C:\iverilog\lib\ivl\system.vpi";
:vpi_module "C:\iverilog\lib\ivl\vhdl_sys.vpi";
:vpi_module "C:\iverilog\lib\ivl\vhdl_textio.vpi";
:vpi_module "C:\iverilog\lib\ivl\v2005_math.vpi";
:vpi_module "C:\iverilog\lib\ivl\va_math.vpi";
S_000001f14a06adf0 .scope module, "prEn_tb" "prEn_tb" 2 3;
 .timescale -9 -12;
v000001f14a0688c0_0 .net "a", 1 0, v000001f149ed2fc0_0;  1 drivers
v000001f14a06b110_0 .var "y", 3 0;
S_000001f14a06af80 .scope module, "Circuit" "prEn" 2 8, 3 1 0, S_000001f14a06adf0;
 .timescale 0 0;
    .port_info 0 /INPUT 4 "y";
    .port_info 1 /OUTPUT 2 "a";
v000001f149ed2fc0_0 .var "a", 1 0;
v000001f149ed3330_0 .net "y", 3 0, v000001f14a06b110_0;  1 drivers
E_000001f14a069860 .event anyedge, v000001f149ed3330_0;
    .scope S_000001f14a06af80;
T_0 ;
    %wait E_000001f14a069860;
    %load/vec4 v000001f149ed3330_0;
    %dup/vec4;
    %pushi/vec4 0, 0, 4;
    %cmp/x;
    %jmp/1 T_0.0, 4;
    %dup/vec4;
    %pushi/vec4 1, 0, 4;
    %cmp/x;
    %jmp/1 T_0.1, 4;
    %dup/vec4;
    %pushi/vec4 3, 1, 4;
    %cmp/x;
    %jmp/1 T_0.2, 4;
    %dup/vec4;
    %pushi/vec4 7, 3, 4;
    %cmp/x;
    %jmp/1 T_0.3, 4;
    %dup/vec4;
    %pushi/vec4 15, 7, 4;
    %cmp/x;
    %jmp/1 T_0.4, 4;
    %jmp T_0.5;
T_0.0 ;
    %pushi/vec4 0, 0, 2;
    %store/vec4 v000001f149ed2fc0_0, 0, 2;
    %jmp T_0.5;
T_0.1 ;
    %pushi/vec4 0, 0, 2;
    %store/vec4 v000001f149ed2fc0_0, 0, 2;
    %jmp T_0.5;
T_0.2 ;
    %pushi/vec4 1, 0, 2;
    %store/vec4 v000001f149ed2fc0_0, 0, 2;
    %jmp T_0.5;
T_0.3 ;
    %pushi/vec4 2, 0, 2;
    %store/vec4 v000001f149ed2fc0_0, 0, 2;
    %jmp T_0.5;
T_0.4 ;
    %pushi/vec4 3, 0, 2;
    %store/vec4 v000001f149ed2fc0_0, 0, 2;
    %jmp T_0.5;
T_0.5 ;
    %pop/vec4 1;
    %jmp T_0;
    .thread T_0, $push;
    .scope S_000001f14a06adf0;
T_1 ;
    %vpi_call 2 11 "$dumpfile", "test.vcd" {0 0 0};
    %vpi_call 2 12 "$dumpvars", 32'sb00000000000000000000000000000000, S_000001f14a06adf0 {0 0 0};
    %pushi/vec4 0, 0, 4;
    %store/vec4 v000001f14a06b110_0, 0, 4;
    %delay 20000, 0;
    %pushi/vec4 1, 0, 4;
    %store/vec4 v000001f14a06b110_0, 0, 4;
    %delay 20000, 0;
    %pushi/vec4 3, 1, 4;
    %store/vec4 v000001f14a06b110_0, 0, 4;
    %delay 20000, 0;
    %pushi/vec4 7, 3, 4;
    %store/vec4 v000001f14a06b110_0, 0, 4;
    %delay 20000, 0;
    %pushi/vec4 15, 7, 4;
    %store/vec4 v000001f14a06b110_0, 0, 4;
    %delay 20000, 0;
    %pushi/vec4 7, 0, 4;
    %store/vec4 v000001f14a06b110_0, 0, 4;
    %delay 40000, 0;
    %vpi_call 2 20 "$finish" {0 0 0};
    %end;
    .thread T_1;
    .scope S_000001f14a06adf0;
T_2 ;
    %vpi_call 2 24 "$monitor", "y3=%b|y2=%b|y1=%b|y0=%b|a1=%b|a0=%b", &PV<v000001f14a06b110_0, 3, 1>, &PV<v000001f14a06b110_0, 2, 1>, &PV<v000001f14a06b110_0, 1, 1>, &PV<v000001f14a06b110_0, 0, 1>, &PV<v000001f14a0688c0_0, 1, 1>, &PV<v000001f14a0688c0_0, 0, 1> {0 0 0};
    %end;
    .thread T_2;
# The file index is used to find the file name in the following table.
:file_names 4;
    "N/A";
    "<interactive>";
    "prEn_tb.v";
    "prEn.v";
