#! /c/Source/iverilog-install/bin/vvp
:ivl_version "12.0 (devel)" "(s20150603-1539-g2693dd32b)";
:ivl_delay_selection "TYPICAL";
:vpi_time_precision - 12;
:vpi_module "C:\iverilog\lib\ivl\system.vpi";
:vpi_module "C:\iverilog\lib\ivl\vhdl_sys.vpi";
:vpi_module "C:\iverilog\lib\ivl\vhdl_textio.vpi";
:vpi_module "C:\iverilog\lib\ivl\v2005_math.vpi";
:vpi_module "C:\iverilog\lib\ivl\va_math.vpi";
S_000001156f03b8d0 .scope module, "Decoder_Tb" "Decoder_Tb" 2 3;
 .timescale -9 -12;
v000001156f03ba60_0 .var "B", 2 0;
v000001156f0b6580_0 .net "D", 7 0, v000001156f0936d0_0;  1 drivers
v000001156f0b6620_0 .var "E", 0 0;
S_000001156f0b63f0 .scope module, "cir1" "Decoder" 2 8, 3 1 0, S_000001156f03b8d0;
 .timescale 0 0;
    .port_info 0 /INPUT 3 "B";
    .port_info 1 /INPUT 1 "E";
    .port_info 2 /OUTPUT 8 "D";
v000001156f0934b0_0 .net "B", 2 0, v000001156f03ba60_0;  1 drivers
v000001156f0936d0_0 .var "D", 7 0;
v000001156f03a5f0_0 .net "E", 0 0, v000001156f0b6620_0;  1 drivers
E_000001156f039160 .event anyedge, v000001156f03a5f0_0, v000001156f0934b0_0;
    .scope S_000001156f0b63f0;
T_0 ;
    %wait E_000001156f039160;
    %load/vec4 v000001156f03a5f0_0;
    %load/vec4 v000001156f0934b0_0;
    %concat/vec4; draw_concat_vec4
    %dup/vec4;
    %pushi/vec4 8, 0, 4;
    %cmp/u;
    %jmp/1 T_0.0, 6;
    %dup/vec4;
    %pushi/vec4 9, 0, 4;
    %cmp/u;
    %jmp/1 T_0.1, 6;
    %dup/vec4;
    %pushi/vec4 10, 0, 4;
    %cmp/u;
    %jmp/1 T_0.2, 6;
    %dup/vec4;
    %pushi/vec4 11, 0, 4;
    %cmp/u;
    %jmp/1 T_0.3, 6;
    %dup/vec4;
    %pushi/vec4 12, 0, 4;
    %cmp/u;
    %jmp/1 T_0.4, 6;
    %dup/vec4;
    %pushi/vec4 13, 0, 4;
    %cmp/u;
    %jmp/1 T_0.5, 6;
    %dup/vec4;
    %pushi/vec4 14, 0, 4;
    %cmp/u;
    %jmp/1 T_0.6, 6;
    %dup/vec4;
    %pushi/vec4 15, 0, 4;
    %cmp/u;
    %jmp/1 T_0.7, 6;
    %pushi/vec4 0, 0, 8;
    %store/vec4 v000001156f0936d0_0, 0, 8;
    %jmp T_0.9;
T_0.0 ;
    %pushi/vec4 1, 0, 8;
    %store/vec4 v000001156f0936d0_0, 0, 8;
    %jmp T_0.9;
T_0.1 ;
    %pushi/vec4 2, 0, 8;
    %store/vec4 v000001156f0936d0_0, 0, 8;
    %jmp T_0.9;
T_0.2 ;
    %pushi/vec4 4, 0, 8;
    %store/vec4 v000001156f0936d0_0, 0, 8;
    %jmp T_0.9;
T_0.3 ;
    %pushi/vec4 8, 0, 8;
    %store/vec4 v000001156f0936d0_0, 0, 8;
    %jmp T_0.9;
T_0.4 ;
    %pushi/vec4 16, 0, 8;
    %store/vec4 v000001156f0936d0_0, 0, 8;
    %jmp T_0.9;
T_0.5 ;
    %pushi/vec4 32, 0, 8;
    %store/vec4 v000001156f0936d0_0, 0, 8;
    %jmp T_0.9;
T_0.6 ;
    %pushi/vec4 64, 0, 8;
    %store/vec4 v000001156f0936d0_0, 0, 8;
    %jmp T_0.9;
T_0.7 ;
    %pushi/vec4 128, 0, 8;
    %store/vec4 v000001156f0936d0_0, 0, 8;
    %jmp T_0.9;
T_0.9 ;
    %pop/vec4 1;
    %jmp T_0;
    .thread T_0, $push;
    .scope S_000001156f03b8d0;
T_1 ;
    %vpi_call 2 16 "$dumpfile", "Decoder_gtk.vcd" {0 0 0};
    %vpi_call 2 17 "$dumpvars" {0 0 0};
    %pushi/vec4 0, 0, 1;
    %store/vec4 v000001156f0b6620_0, 0, 1;
    %delay 10000, 0;
    %pushi/vec4 1, 0, 1;
    %store/vec4 v000001156f0b6620_0, 0, 1;
    %pushi/vec4 0, 0, 3;
    %store/vec4 v000001156f03ba60_0, 0, 3;
    %delay 10000, 0;
    %pushi/vec4 1, 0, 3;
    %store/vec4 v000001156f03ba60_0, 0, 3;
    %delay 10000, 0;
    %pushi/vec4 2, 0, 3;
    %store/vec4 v000001156f03ba60_0, 0, 3;
    %delay 10000, 0;
    %pushi/vec4 3, 0, 3;
    %store/vec4 v000001156f03ba60_0, 0, 3;
    %delay 10000, 0;
    %pushi/vec4 4, 0, 3;
    %store/vec4 v000001156f03ba60_0, 0, 3;
    %delay 10000, 0;
    %pushi/vec4 5, 0, 3;
    %store/vec4 v000001156f03ba60_0, 0, 3;
    %delay 10000, 0;
    %pushi/vec4 6, 0, 3;
    %store/vec4 v000001156f03ba60_0, 0, 3;
    %delay 10000, 0;
    %pushi/vec4 7, 0, 3;
    %store/vec4 v000001156f03ba60_0, 0, 3;
    %delay 10000, 0;
    %end;
    .thread T_1;
    .scope S_000001156f03b8d0;
T_2 ;
    %vpi_call 2 43 "$monitor", "E = %b, B = %3b | D = %8b", v000001156f0b6620_0, v000001156f03ba60_0, v000001156f0b6580_0 {0 0 0};
    %end;
    .thread T_2;
# The file index is used to find the file name in the following table.
:file_names 4;
    "N/A";
    "<interactive>";
    "decoder_tb.v";
    "decoder.v";
