#! /c/Source/iverilog-install/bin/vvp
:ivl_version "12.0 (devel)" "(s20150603-1539-g2693dd32b)";
:ivl_delay_selection "TYPICAL";
:vpi_time_precision - 12;
:vpi_module "C:\iverilog\lib\ivl\system.vpi";
:vpi_module "C:\iverilog\lib\ivl\vhdl_sys.vpi";
:vpi_module "C:\iverilog\lib\ivl\vhdl_textio.vpi";
:vpi_module "C:\iverilog\lib\ivl\v2005_math.vpi";
:vpi_module "C:\iverilog\lib\ivl\va_math.vpi";
S_000001d6bb296d70 .scope module, "ct_tb" "ct_tb" 2 3;
 .timescale -9 -12;
v000001d6bb2a2dd0_0 .var "clk", 0 0;
v000001d6bb2a3410_0 .net "q", 3 0, L_000001d6bb2aa770;  1 drivers
v000001d6bb2a3190_0 .var "reset", 0 0;
S_000001d6bb37e5f0 .scope module, "circ3" "ct" 2 9, 3 1 0, S_000001d6bb296d70;
 .timescale 0 0;
    .port_info 0 /INPUT 1 "clk";
    .port_info 1 /INPUT 1 "reset";
    .port_info 2 /OUTPUT 4 "q";
L_000001d6bb2aa770 .functor BUFZ 4, v000001d6bb379d70_0, C4<0000>, C4<0000>, C4<0000>;
v000001d6bb2a5d50_0 .net "clk", 0 0, v000001d6bb2a2dd0_0;  1 drivers
v000001d6bb2a5df0_0 .net "d_temp", 3 0, L_000001d6bb2a2f10;  1 drivers
v000001d6bb376ab0_0 .net "q", 3 0, L_000001d6bb2aa770;  alias, 1 drivers
v000001d6bb376b50_0 .net "q_temp", 3 0, v000001d6bb379d70_0;  1 drivers
v000001d6bb376bf0_0 .net "reset", 0 0, v000001d6bb2a3190_0;  1 drivers
S_000001d6bb37e780 .scope module, "cir1" "register" 3 8, 4 1 0, S_000001d6bb37e5f0;
 .timescale -9 -12;
    .port_info 0 /INPUT 1 "clk";
    .port_info 1 /INPUT 1 "reset";
    .port_info 2 /INPUT 4 "d";
    .port_info 3 /OUTPUT 4 "q";
L_000001d6bb2aa850 .functor BUFZ 4, L_000001d6bb2a2f10, C4<0000>, C4<0000>, C4<0000>;
v000001d6bb377330_0 .net "clk", 0 0, v000001d6bb2a2dd0_0;  alias, 1 drivers
v000001d6bb37bed0_0 .net "d", 3 0, L_000001d6bb2a2f10;  alias, 1 drivers
v000001d6bb296f00_0 .net "q", 3 0, v000001d6bb379d70_0;  alias, 1 drivers
v000001d6bb295a30_0 .net "r_next", 3 0, L_000001d6bb2aa850;  1 drivers
v000001d6bb379d70_0 .var "r_reg", 3 0;
v000001d6bb37e910_0 .net "reset", 0 0, v000001d6bb2a3190_0;  alias, 1 drivers
E_000001d6bb2a8280 .event posedge, v000001d6bb37e910_0, v000001d6bb377330_0;
S_000001d6bb2a5a80 .scope module, "cir2" "subtractor" 3 9, 5 1 0, S_000001d6bb37e5f0;
 .timescale -9 -12;
    .port_info 0 /INPUT 4 "I";
    .port_info 1 /OUTPUT 4 "O";
v000001d6bb37e9b0_0 .net "I", 3 0, v000001d6bb379d70_0;  alias, 1 drivers
v000001d6bb2a5c10_0 .net "O", 3 0, L_000001d6bb2a2f10;  alias, 1 drivers
L_000001d6bb2f1008 .functor BUFT 1, C4<0001>, C4<0>, C4<0>, C4<0>;
v000001d6bb2a5cb0_0 .net/2u *"_ivl_0", 3 0, L_000001d6bb2f1008;  1 drivers
L_000001d6bb2a2f10 .arith/sub 4, v000001d6bb379d70_0, L_000001d6bb2f1008;
    .scope S_000001d6bb37e780;
T_0 ;
    %wait E_000001d6bb2a8280;
    %load/vec4 v000001d6bb37e910_0;
    %flag_set/vec4 8;
    %jmp/0xz  T_0.0, 8;
    %pushi/vec4 15, 0, 4;
    %assign/vec4 v000001d6bb379d70_0, 0;
    %jmp T_0.1;
T_0.0 ;
    %load/vec4 v000001d6bb295a30_0;
    %assign/vec4 v000001d6bb379d70_0, 0;
T_0.1 ;
    %jmp T_0;
    .thread T_0;
    .scope S_000001d6bb296d70;
T_1 ;
    %load/vec4 v000001d6bb2a2dd0_0;
    %inv;
    %store/vec4 v000001d6bb2a2dd0_0, 0, 1;
    %delay 10000, 0;
    %jmp T_1;
    .thread T_1;
    .scope S_000001d6bb296d70;
T_2 ;
    %vpi_call 2 17 "$dumpfile", "test.vcd" {0 0 0};
    %vpi_call 2 18 "$dumpvars", 32'sb00000000000000000000000000000000, S_000001d6bb296d70 {0 0 0};
    %pushi/vec4 0, 0, 1;
    %assign/vec4 v000001d6bb2a2dd0_0, 0;
    %pushi/vec4 1, 0, 1;
    %assign/vec4 v000001d6bb2a3190_0, 0;
    %delay 10000, 0;
    %pushi/vec4 0, 0, 1;
    %assign/vec4 v000001d6bb2a3190_0, 0;
    %delay 10000, 0;
    %delay 10000, 0;
    %delay 10000, 0;
    %delay 10000, 0;
    %end;
    .thread T_2;
    .scope S_000001d6bb296d70;
T_3 ;
    %vpi_call 2 34 "$monitor", "clk=%b|reset=%b|q=%b", v000001d6bb2a2dd0_0, v000001d6bb2a3190_0, v000001d6bb2a3410_0 {0 0 0};
    %end;
    .thread T_3;
# The file index is used to find the file name in the following table.
:file_names 6;
    "N/A";
    "<interactive>";
    "ct_tb.v";
    "ct.v";
    "reg.v";
    "sub.v";
