#! /c/Source/iverilog-install/bin/vvp
:ivl_version "12.0 (devel)" "(s20150603-1539-g2693dd32b)";
:ivl_delay_selection "TYPICAL";
:vpi_time_precision - 12;
:vpi_module "C:\iverilog\lib\ivl\system.vpi";
:vpi_module "C:\iverilog\lib\ivl\vhdl_sys.vpi";
:vpi_module "C:\iverilog\lib\ivl\vhdl_textio.vpi";
:vpi_module "C:\iverilog\lib\ivl\v2005_math.vpi";
:vpi_module "C:\iverilog\lib\ivl\va_math.vpi";
S_000002aaf92d6850 .scope module, "multiplexer_tb" "multiplexer_tb" 2 3;
 .timescale -9 -12;
v000002aaf929bee0_0 .var "I", 3 0;
v000002aaf929c960_0 .var "S", 1 0;
v000002aaf929ca00_0 .net "Y", 0 0, v000002aaf9296e90_0;  1 drivers
S_000002aaf929c7d0 .scope module, "uut" "multiplexer" 2 9, 3 1 0, S_000002aaf92d6850;
 .timescale 0 0;
    .port_info 0 /INPUT 2 "S";
    .port_info 1 /INPUT 4 "I";
    .port_info 2 /OUTPUT 1 "Y";
v000002aaf92975f0_0 .net "I", 3 0, v000002aaf929bee0_0;  1 drivers
v000002aaf9297260_0 .net "S", 1 0, v000002aaf929c960_0;  1 drivers
v000002aaf9296e90_0 .var "Y", 0 0;
E_000002aaf92e65b0 .event anyedge, v000002aaf9297260_0, v000002aaf92975f0_0;
    .scope S_000002aaf929c7d0;
T_0 ;
    %wait E_000002aaf92e65b0;
    %load/vec4 v000002aaf9297260_0;
    %dup/vec4;
    %pushi/vec4 0, 0, 2;
    %cmp/u;
    %jmp/1 T_0.0, 6;
    %dup/vec4;
    %pushi/vec4 1, 0, 2;
    %cmp/u;
    %jmp/1 T_0.1, 6;
    %dup/vec4;
    %pushi/vec4 2, 0, 2;
    %cmp/u;
    %jmp/1 T_0.2, 6;
    %dup/vec4;
    %pushi/vec4 3, 0, 2;
    %cmp/u;
    %jmp/1 T_0.3, 6;
    %jmp T_0.4;
T_0.0 ;
    %load/vec4 v000002aaf92975f0_0;
    %parti/s 1, 0, 2;
    %load/vec4 v000002aaf9297260_0;
    %parti/s 1, 1, 2;
    %inv;
    %and;
    %load/vec4 v000002aaf9297260_0;
    %parti/s 1, 0, 2;
    %inv;
    %and;
    %store/vec4 v000002aaf9296e90_0, 0, 1;
    %jmp T_0.4;
T_0.1 ;
    %load/vec4 v000002aaf92975f0_0;
    %parti/s 1, 1, 2;
    %load/vec4 v000002aaf9297260_0;
    %parti/s 1, 1, 2;
    %inv;
    %and;
    %load/vec4 v000002aaf9297260_0;
    %parti/s 1, 0, 2;
    %and;
    %store/vec4 v000002aaf9296e90_0, 0, 1;
    %jmp T_0.4;
T_0.2 ;
    %load/vec4 v000002aaf92975f0_0;
    %parti/s 1, 2, 3;
    %load/vec4 v000002aaf9297260_0;
    %parti/s 1, 1, 2;
    %and;
    %load/vec4 v000002aaf9297260_0;
    %parti/s 1, 0, 2;
    %inv;
    %and;
    %store/vec4 v000002aaf9296e90_0, 0, 1;
    %jmp T_0.4;
T_0.3 ;
    %load/vec4 v000002aaf92975f0_0;
    %parti/s 1, 3, 3;
    %load/vec4 v000002aaf9297260_0;
    %parti/s 1, 1, 2;
    %and;
    %load/vec4 v000002aaf9297260_0;
    %parti/s 1, 0, 2;
    %and;
    %store/vec4 v000002aaf9296e90_0, 0, 1;
    %jmp T_0.4;
T_0.4 ;
    %pop/vec4 1;
    %jmp T_0;
    .thread T_0, $push;
    .scope S_000002aaf92d6850;
T_1 ;
    %vpi_call 2 12 "$dumpfile", "test.vcd" {0 0 0};
    %vpi_call 2 13 "$dumpvars", 32'sb00000000000000000000000000000000, S_000002aaf92d6850 {0 0 0};
    %pushi/vec4 15, 0, 4;
    %store/vec4 v000002aaf929bee0_0, 0, 4;
    %pushi/vec4 0, 0, 2;
    %store/vec4 v000002aaf929c960_0, 0, 2;
    %delay 20000, 0;
    %pushi/vec4 1, 0, 2;
    %store/vec4 v000002aaf929c960_0, 0, 2;
    %delay 20000, 0;
    %pushi/vec4 2, 0, 2;
    %store/vec4 v000002aaf929c960_0, 0, 2;
    %delay 20000, 0;
    %pushi/vec4 3, 0, 2;
    %store/vec4 v000002aaf929c960_0, 0, 2;
    %end;
    .thread T_1;
    .scope S_000002aaf92d6850;
T_2 ;
    %vpi_call 2 23 "$monitor", "S1=%b|S0=%b|Y=%b", &PV<v000002aaf929c960_0, 1, 1>, &PV<v000002aaf929c960_0, 0, 1>, v000002aaf929ca00_0 {0 0 0};
    %end;
    .thread T_2;
# The file index is used to find the file name in the following table.
:file_names 4;
    "N/A";
    "<interactive>";
    "mult_tb.v";
    "mult.v";
