This is pdfTeX, Version 3.141592653-2.6-1.40.27 (TeX Live 2025) (preloaded format=pdflatex 2025.10.11)  12 OCT 2025 19:05
entering extended mode
 restricted \write18 enabled.
 file:line:error style messages enabled.
 %&-line parsing enabled.
**"/Users/sajid/Movies/Lab_Repository/CSE 4108/report.tex"
(/Users/sajid/Movies/Lab_Repository/CSE 4108/report.tex
LaTeX2e <2024-11-01> patch level 2
L3 programming layer <2025-01-18>
(/usr/local/texlive/2025/texmf-dist/tex/latex/base/report.cls
Document Class: report 2024/06/29 v1.4n Standard LaTeX document class
(/usr/local/texlive/2025/texmf-dist/tex/latex/base/size12.clo
File: size12.clo 2024/06/29 v1.4n Standard LaTeX file (size option)
)
\c@part=\count196
\c@chapter=\count197
\c@section=\count198
\c@subsection=\count199
\c@subsubsection=\count266
\c@paragraph=\count267
\c@subparagraph=\count268
\c@figure=\count269
\c@table=\count270
\abovecaptionskip=\skip49
\belowcaptionskip=\skip50
\bibindent=\dimen141
) (/usr/local/texlive/2025/texmf-dist/tex/latex/base/inputenc.sty
Package: inputenc 2024/02/08 v1.3d Input encoding file
\inpenc@prehook=\toks17
\inpenc@posthook=\toks18
) (/usr/local/texlive/2025/texmf-dist/tex/latex/tools/array.sty
Package: array 2024/10/17 v2.6g Tabular extension package (FMi)
\col@sep=\dimen142
\ar@mcellbox=\box52
\extrarowheight=\dimen143
\NC@list=\toks19
\extratabsurround=\skip51
\backup@length=\skip52
\ar@cellbox=\box53
) (/usr/local/texlive/2025/texmf-dist/tex/latex/geometry/geometry.sty
Package: geometry 2020/01/02 v5.9 Page Geometry
 (/usr/local/texlive/2025/texmf-dist/tex/latex/graphics/keyval.sty
Package: keyval 2022/05/29 v1.15 key=value parser (DPC)
\KV@toks@=\toks20
) (/usr/local/texlive/2025/texmf-dist/tex/generic/iftex/ifvtex.sty
Package: ifvtex 2019/10/25 v1.7 ifvtex legacy package. Use iftex instead.
 (/usr/local/texlive/2025/texmf-dist/tex/generic/iftex/iftex.sty
Package: iftex 2024/12/12 v1.0g TeX engine tests
))
\Gm@cnth=\count271
\Gm@cntv=\count272
\c@Gm@tempcnt=\count273
\Gm@bindingoffset=\dimen144
\Gm@wd@mp=\dimen145
\Gm@odd@mp=\dimen146
\Gm@even@mp=\dimen147
\Gm@layoutwidth=\dimen148
\Gm@layoutheight=\dimen149
\Gm@layouthoffset=\dimen150
\Gm@layoutvoffset=\dimen151
\Gm@dimlist=\toks21
) (/usr/local/texlive/2025/texmf-dist/tex/latex/graphics/graphicx.sty
Package: graphicx 2021/09/16 v1.2d Enhanced LaTeX Graphics (DPC,SPQR)
 (/usr/local/texlive/2025/texmf-dist/tex/latex/graphics/graphics.sty
Package: graphics 2024/08/06 v1.4g Standard LaTeX Graphics (DPC,SPQR)
 (/usr/local/texlive/2025/texmf-dist/tex/latex/graphics/trig.sty
Package: trig 2023/12/02 v1.11 sin cos tan (DPC)
) (/usr/local/texlive/2025/texmf-dist/tex/latex/graphics-cfg/graphics.cfg
File: graphics.cfg 2016/06/04 v1.11 sample graphics configuration
)
Package graphics Info: Driver file: pdftex.def on input line 106.
 (/usr/local/texlive/2025/texmf-dist/tex/latex/graphics-def/pdftex.def
File: pdftex.def 2024/04/13 v1.2c Graphics/color driver for pdftex
))
\Gin@req@height=\dimen152
\Gin@req@width=\dimen153
) (/usr/local/texlive/2025/texmf-dist/tex/latex/fancyhdr/fancyhdr.sty
Package: fancyhdr 2025/02/07 v5.2 Extensive control of page headers and footers
\f@nch@headwidth=\skip53
\f@nch@offset@elh=\skip54
\f@nch@offset@erh=\skip55
\f@nch@offset@olh=\skip56
\f@nch@offset@orh=\skip57
\f@nch@offset@elf=\skip58
\f@nch@offset@erf=\skip59
\f@nch@offset@olf=\skip60
\f@nch@offset@orf=\skip61
\f@nch@height=\skip62
\f@nch@footalignment=\skip63
\f@nch@widthL=\skip64
\f@nch@widthC=\skip65
\f@nch@widthR=\skip66
\@temptokenb=\toks22
) (/usr/local/texlive/2025/texmf-dist/tex/latex/amsmath/amsmath.sty
Package: amsmath 2024/11/05 v2.17t AMS math features
\@mathmargin=\skip67

For additional information on amsmath, use the `?' option.
(/usr/local/texlive/2025/texmf-dist/tex/latex/amsmath/amstext.sty
Package: amstext 2021/08/26 v2.01 AMS text
 (/usr/local/texlive/2025/texmf-dist/tex/latex/amsmath/amsgen.sty
File: amsgen.sty 1999/11/30 v2.0 generic functions
\@emptytoks=\toks23
\ex@=\dimen154
)) (/usr/local/texlive/2025/texmf-dist/tex/latex/amsmath/amsbsy.sty
Package: amsbsy 1999/11/29 v1.2d Bold Symbols
\pmbraise@=\dimen155
) (/usr/local/texlive/2025/texmf-dist/tex/latex/amsmath/amsopn.sty
Package: amsopn 2022/04/08 v2.04 operator names
)
\inf@bad=\count274
LaTeX Info: Redefining \frac on input line 233.
\uproot@=\count275
\leftroot@=\count276
LaTeX Info: Redefining \overline on input line 398.
LaTeX Info: Redefining \colon on input line 409.
\classnum@=\count277
\DOTSCASE@=\count278
LaTeX Info: Redefining \ldots on input line 495.
LaTeX Info: Redefining \dots on input line 498.
LaTeX Info: Redefining \cdots on input line 619.
\Mathstrutbox@=\box54
\strutbox@=\box55
LaTeX Info: Redefining \big on input line 721.
LaTeX Info: Redefining \Big on input line 722.
LaTeX Info: Redefining \bigg on input line 723.
LaTeX Info: Redefining \Bigg on input line 724.
\big@size=\dimen156
LaTeX Font Info:    Redeclaring font encoding OML on input line 742.
LaTeX Font Info:    Redeclaring font encoding OMS on input line 743.
\macc@depth=\count279
LaTeX Info: Redefining \bmod on input line 904.
LaTeX Info: Redefining \pmod on input line 909.
LaTeX Info: Redefining \smash on input line 939.
LaTeX Info: Redefining \relbar on input line 969.
LaTeX Info: Redefining \Relbar on input line 970.
\c@MaxMatrixCols=\count280
\dotsspace@=\muskip17
\c@parentequation=\count281
\dspbrk@lvl=\count282
\tag@help=\toks24
\row@=\count283
\column@=\count284
\maxfields@=\count285
\andhelp@=\toks25
\eqnshift@=\dimen157
\alignsep@=\dimen158
\tagshift@=\dimen159
\tagwidth@=\dimen160
\totwidth@=\dimen161
\lineht@=\dimen162
\@envbody=\toks26
\multlinegap=\skip68
\multlinetaggap=\skip69
\mathdisplay@stack=\toks27
LaTeX Info: Redefining \[ on input line 2953.
LaTeX Info: Redefining \] on input line 2954.
) (/usr/local/texlive/2025/texmf-dist/tex/latex/amsfonts/amsfonts.sty
Package: amsfonts 2013/01/14 v3.01 Basic AMSFonts support
\symAMSa=\mathgroup4
\symAMSb=\mathgroup5
LaTeX Font Info:    Redeclaring math symbol \hbar on input line 98.
LaTeX Font Info:    Overwriting math alphabet `\mathfrak' in version `bold'
(Font)                  U/euf/m/n --> U/euf/b/n on input line 106.
) (/usr/local/texlive/2025/texmf-dist/tex/latex/amsfonts/amssymb.sty
Package: amssymb 2013/01/14 v3.01 AMS font symbols
) (/usr/local/texlive/2025/texmf-dist/tex/latex/graphics/color.sty
Package: color 2024/06/23 v1.3e Standard LaTeX Color (DPC)
 (/usr/local/texlive/2025/texmf-dist/tex/latex/graphics-cfg/color.cfg
File: color.cfg 2016/01/02 v1.6 sample color configuration
)
Package color Info: Driver file: pdftex.def on input line 149.
 (/usr/local/texlive/2025/texmf-dist/tex/latex/graphics/mathcolor.ltx)) (/usr/local/texlive/2025/texmf-dist/tex/latex/hyperref/hyperref.sty
Package: hyperref 2024-11-05 v7.01l Hypertext links for LaTeX
 (/usr/local/texlive/2025/texmf-dist/tex/latex/kvsetkeys/kvsetkeys.sty
Package: kvsetkeys 2022-10-05 v1.19 Key value parser (HO)
) (/usr/local/texlive/2025/texmf-dist/tex/generic/kvdefinekeys/kvdefinekeys.sty
Package: kvdefinekeys 2019-12-19 v1.6 Define keys (HO)
) (/usr/local/texlive/2025/texmf-dist/tex/generic/pdfescape/pdfescape.sty
Package: pdfescape 2019/12/09 v1.15 Implements pdfTeX's escape features (HO)
 (/usr/local/texlive/2025/texmf-dist/tex/generic/ltxcmds/ltxcmds.sty
Package: ltxcmds 2023-12-04 v1.26 LaTeX kernel commands for general use (HO)
) (/usr/local/texlive/2025/texmf-dist/tex/generic/pdftexcmds/pdftexcmds.sty
Package: pdftexcmds 2020-06-27 v0.33 Utility functions of pdfTeX for LuaTeX (HO)
 (/usr/local/texlive/2025/texmf-dist/tex/generic/infwarerr/infwarerr.sty
Package: infwarerr 2019/12/03 v1.5 Providing info/warning/error messages (HO)
)
Package pdftexcmds Info: \pdf@primitive is available.
Package pdftexcmds Info: \pdf@ifprimitive is available.
Package pdftexcmds Info: \pdfdraftmode found.
)) (/usr/local/texlive/2025/texmf-dist/tex/latex/hycolor/hycolor.sty
Package: hycolor 2020-01-27 v1.10 Color options for hyperref/bookmark (HO)
) (/usr/local/texlive/2025/texmf-dist/tex/latex/hyperref/nameref.sty
Package: nameref 2023-11-26 v2.56 Cross-referencing by name of section
 (/usr/local/texlive/2025/texmf-dist/tex/latex/refcount/refcount.sty
Package: refcount 2019/12/15 v3.6 Data extraction from label references (HO)
) (/usr/local/texlive/2025/texmf-dist/tex/generic/gettitlestring/gettitlestring.sty
Package: gettitlestring 2019/12/15 v1.6 Cleanup title references (HO)
 (/usr/local/texlive/2025/texmf-dist/tex/latex/kvoptions/kvoptions.sty
Package: kvoptions 2022-06-15 v3.15 Key value format for package options (HO)
))
\c@section@level=\count286
) (/usr/local/texlive/2025/texmf-dist/tex/latex/etoolbox/etoolbox.sty
Package: etoolbox 2025/02/11 v2.5l e-TeX tools for LaTeX (JAW)
\etb@tempcnta=\count287
) (/usr/local/texlive/2025/texmf-dist/tex/generic/stringenc/stringenc.sty
Package: stringenc 2019/11/29 v1.12 Convert strings between diff. encodings (HO)
)
\@linkdim=\dimen163
\Hy@linkcounter=\count288
\Hy@pagecounter=\count289
 (/usr/local/texlive/2025/texmf-dist/tex/latex/hyperref/pd1enc.def
File: pd1enc.def 2024-11-05 v7.01l Hyperref: PDFDocEncoding definition (HO)
Now handling font encoding PD1 ...
... no UTF-8 mapping file for font encoding PD1
) (/usr/local/texlive/2025/texmf-dist/tex/generic/intcalc/intcalc.sty
Package: intcalc 2019/12/15 v1.3 Expandable calculations with integers (HO)
)
\Hy@SavedSpaceFactor=\count290
 (/usr/local/texlive/2025/texmf-dist/tex/latex/hyperref/puenc.def
File: puenc.def 2024-11-05 v7.01l Hyperref: PDF Unicode definition (HO)
Now handling font encoding PU ...
... no UTF-8 mapping file for font encoding PU
)
Package hyperref Info: Hyper figures OFF on input line 4157.
Package hyperref Info: Link nesting OFF on input line 4162.
Package hyperref Info: Hyper index ON on input line 4165.
Package hyperref Info: Plain pages OFF on input line 4172.
Package hyperref Info: Backreferencing OFF on input line 4177.
Package hyperref Info: Implicit mode ON; LaTeX internals redefined.
Package hyperref Info: Bookmarks ON on input line 4424.
\c@Hy@tempcnt=\count291
 (/usr/local/texlive/2025/texmf-dist/tex/latex/url/url.sty
\Urlmuskip=\muskip18
Package: url 2013/09/16  ver 3.4  Verb mode for urls, etc.
)
LaTeX Info: Redefining \url on input line 4763.
\XeTeXLinkMargin=\dimen164
 (/usr/local/texlive/2025/texmf-dist/tex/generic/bitset/bitset.sty
Package: bitset 2019/12/09 v1.3 Handle bit-vector datatype (HO)
 (/usr/local/texlive/2025/texmf-dist/tex/generic/bigintcalc/bigintcalc.sty
Package: bigintcalc 2019/12/15 v1.5 Expandable calculations on big integers (HO)
))
\Fld@menulength=\count292
\Field@Width=\dimen165
\Fld@charsize=\dimen166
Package hyperref Info: Hyper figures OFF on input line 6042.
Package hyperref Info: Link nesting OFF on input line 6047.
Package hyperref Info: Hyper index ON on input line 6050.
Package hyperref Info: backreferencing OFF on input line 6057.
Package hyperref Info: Link coloring OFF on input line 6062.
Package hyperref Info: Link coloring with OCG OFF on input line 6067.
Package hyperref Info: PDF/A mode OFF on input line 6072.
 (/usr/local/texlive/2025/texmf-dist/tex/latex/base/atbegshi-ltx.sty
Package: atbegshi-ltx 2021/01/10 v1.0c Emulation of the original atbegshi
package with kernel methods
)
\Hy@abspage=\count293
\c@Item=\count294
\c@Hfootnote=\count295
)
Package hyperref Info: Driver (autodetected): hpdftex.
 (/usr/local/texlive/2025/texmf-dist/tex/latex/hyperref/hpdftex.def
File: hpdftex.def 2024-11-05 v7.01l Hyperref driver for pdfTeX
 (/usr/local/texlive/2025/texmf-dist/tex/latex/base/atveryend-ltx.sty
Package: atveryend-ltx 2020/08/19 v1.0a Emulation of the original atveryend package
with kernel methods
)
\Fld@listcount=\count296
\c@bookmark@seq@number=\count297
 (/usr/local/texlive/2025/texmf-dist/tex/latex/rerunfilecheck/rerunfilecheck.sty
Package: rerunfilecheck 2022-07-10 v1.10 Rerun checks for auxiliary files (HO)
 (/usr/local/texlive/2025/texmf-dist/tex/generic/uniquecounter/uniquecounter.sty
Package: uniquecounter 2019/12/15 v1.4 Provide unlimited unique counter (HO)
)
Package uniquecounter Info: New unique counter `rerunfilecheck' on input line 285.
)
\Hy@SectionHShift=\skip70
) (/usr/local/texlive/2025/texmf-dist/tex/latex/listings/listings.sty
\lst@mode=\count298
\lst@gtempboxa=\box56
\lst@token=\toks28
\lst@length=\count299
\lst@currlwidth=\dimen167
\lst@column=\count300
\lst@pos=\count301
\lst@lostspace=\dimen168
\lst@width=\dimen169
\lst@newlines=\count302
\lst@lineno=\count303
\lst@maxwidth=\dimen170
 (/usr/local/texlive/2025/texmf-dist/tex/latex/listings/lstpatch.sty
File: lstpatch.sty 2024/09/23 1.10c (Carsten Heinz)
) (/usr/local/texlive/2025/texmf-dist/tex/latex/listings/lstmisc.sty
File: lstmisc.sty 2024/09/23 1.10c (Carsten Heinz)
\c@lstnumber=\count304
\lst@skipnumbers=\count305
\lst@framebox=\box57
) (/usr/local/texlive/2025/texmf-dist/tex/latex/listings/listings.cfg
File: listings.cfg 2024/09/23 1.10c listings configuration
))
Package: listings 2024/09/23 1.10c (Carsten Heinz)
 (/usr/local/texlive/2025/texmf-dist/tex/latex/booktabs/booktabs.sty
Package: booktabs 2020/01/12 v1.61803398 Publication quality tables
\heavyrulewidth=\dimen171
\lightrulewidth=\dimen172
\cmidrulewidth=\dimen173
\belowrulesep=\dimen174
\belowbottomsep=\dimen175
\aboverulesep=\dimen176
\abovetopsep=\dimen177
\cmidrulesep=\dimen178
\cmidrulekern=\dimen179
\defaultaddspace=\dimen180
\@cmidla=\count306
\@cmidlb=\count307
\@aboverulesep=\dimen181
\@belowrulesep=\dimen182
\@thisruleclass=\count308
\@lastruleclass=\count309
\@thisrulewidth=\dimen183
) (/usr/local/texlive/2025/texmf-dist/tex/latex/multirow/multirow.sty
Package: multirow 2024/11/12 v2.9 Span multiple rows of a table
\multirow@colwidth=\skip71
\multirow@cntb=\count310
\multirow@dima=\skip72
\bigstrutjot=\dimen184
) (/usr/local/texlive/2025/texmf-dist/tex/latex/caption/subcaption.sty
Package: subcaption 2023/07/28 v1.6b Sub-captions (AR)
 (/usr/local/texlive/2025/texmf-dist/tex/latex/caption/caption.sty
Package: caption 2023/08/05 v3.6o Customizing captions (AR)
 (/usr/local/texlive/2025/texmf-dist/tex/latex/caption/caption3.sty
Package: caption3 2023/07/31 v2.4d caption3 kernel (AR)
\caption@tempdima=\dimen185
\captionmargin=\dimen186
\caption@leftmargin=\dimen187
\caption@rightmargin=\dimen188
\caption@width=\dimen189
\caption@indent=\dimen190
\caption@parindent=\dimen191
\caption@hangindent=\dimen192
Package caption Info: Standard document class detected.
)
\c@caption@flags=\count311
\c@continuedfloat=\count312
Package caption Info: hyperref package is loaded.
Package caption Info: listings package is loaded.
)
Package caption Info: New subtype `subfigure' on input line 238.
\c@subfigure=\count313
Package caption Info: New subtype `subtable' on input line 238.
\c@subtable=\count314
) (/usr/local/texlive/2025/texmf-dist/tex/latex/titlesec/titlesec.sty
Package: titlesec 2025/01/04 v2.17 Sectioning titles
\ttl@box=\box58
\beforetitleunit=\skip73
\aftertitleunit=\skip74
\ttl@plus=\dimen193
\ttl@minus=\dimen194
\ttl@toksa=\toks29
\titlewidth=\dimen195
\titlewidthlast=\dimen196
\titlewidthfirst=\dimen197
) (/usr/local/texlive/2025/texmf-dist/tex/latex/tools/multicol.sty
Package: multicol 2024/09/14 v1.9i multicolumn formatting (FMi)
\c@tracingmulticols=\count315
\mult@box=\box59
\multicol@leftmargin=\dimen198
\c@unbalance=\count316
\c@collectmore=\count317
\doublecol@number=\count318
\multicoltolerance=\count319
\multicolpretolerance=\count320
\full@width=\dimen199
\page@free=\dimen256
\premulticols=\dimen257
\postmulticols=\dimen258
\multicolsep=\skip75
\multicolbaselineskip=\skip76
\partial@page=\box60
\last@line=\box61
\mc@boxedresult=\box62
\maxbalancingoverflow=\dimen259
\mult@rightbox=\box63
\mult@grightbox=\box64
\mult@firstbox=\box65
\mult@gfirstbox=\box66
\@tempa=\box67
\@tempa=\box68
\@tempa=\box69
\@tempa=\box70
\@tempa=\box71
\@tempa=\box72
\@tempa=\box73
\@tempa=\box74
\@tempa=\box75
\@tempa=\box76
\@tempa=\box77
\@tempa=\box78
\@tempa=\box79
\@tempa=\box80
\@tempa=\box81
\@tempa=\box82
\@tempa=\box83
\@tempa=\box84
\@tempa=\box85
\@tempa=\box86
\@tempa=\box87
\@tempa=\box88
\@tempa=\box89
\@tempa=\box90
\@tempa=\box91
\@tempa=\box92
\@tempa=\box93
\@tempa=\box94
\@tempa=\box95
\@tempa=\box96
\@tempa=\box97
\@tempa=\box98
\@tempa=\box99
\@tempa=\box100
\@tempa=\box101
\@tempa=\box102
\c@minrows=\count321
\c@columnbadness=\count322
\c@finalcolumnbadness=\count323
\last@try=\dimen260
\multicolovershoot=\dimen261
\multicolundershoot=\dimen262
\mult@nat@firstbox=\box103
\colbreak@box=\box104
\mc@col@check@num=\count324
) (/usr/local/texlive/2025/texmf-dist/tex/latex/colortbl/colortbl.sty
Package: colortbl 2024/07/06 v1.0i Color table columns (DPC)
\everycr=\toks30
\minrowclearance=\skip77
\rownum=\count325
) (/usr/local/texlive/2025/texmf-dist/tex/latex/enumitem/enumitem.sty
Package: enumitem 2025/02/06 v3.11 Customized lists
\labelindent=\skip78
\enit@outerparindent=\dimen263
\enit@toks=\toks31
\enit@inbox=\box105
\enit@count@id=\count326
\enitdp@description=\count327
)
Package hyperref Info: Option `colorlinks' set `true' on input line 95.
 (/usr/local/texlive/2025/texmf-dist/tex/latex/l3backend/l3backend-pdftex.def
File: l3backend-pdftex.def 2024-05-08 L3 backend support: PDF output (pdfTeX)
\l__color_backend_stack_int=\count328
\l__pdf_internal_box=\box106
) (./report.aux)
\openout1 = `report.aux'.

LaTeX Font Info:    Checking defaults for OML/cmm/m/it on input line 182.
LaTeX Font Info:    ... okay on input line 182.
LaTeX Font Info:    Checking defaults for OMS/cmsy/m/n on input line 182.
LaTeX Font Info:    ... okay on input line 182.
LaTeX Font Info:    Checking defaults for OT1/cmr/m/n on input line 182.
LaTeX Font Info:    ... okay on input line 182.
LaTeX Font Info:    Checking defaults for T1/cmr/m/n on input line 182.
LaTeX Font Info:    ... okay on input line 182.
LaTeX Font Info:    Checking defaults for TS1/cmr/m/n on input line 182.
LaTeX Font Info:    ... okay on input line 182.
LaTeX Font Info:    Checking defaults for OMX/cmex/m/n on input line 182.
LaTeX Font Info:    ... okay on input line 182.
LaTeX Font Info:    Checking defaults for U/cmr/m/n on input line 182.
LaTeX Font Info:    ... okay on input line 182.
LaTeX Font Info:    Checking defaults for PD1/pdf/m/n on input line 182.
LaTeX Font Info:    ... okay on input line 182.
LaTeX Font Info:    Checking defaults for PU/pdf/m/n on input line 182.
LaTeX Font Info:    ... okay on input line 182.

*geometry* driver: auto-detecting
*geometry* detected driver: pdftex
*geometry* verbose mode - [ preamble ] result:
* driver: pdftex
* paper: a4paper
* layout: <same size as paper>
* layoutoffset:(h,v)=(0.0pt,0.0pt)
* modes: includehead includefoot 
* h-part:(L,W,R)=(71.13188pt, 455.24411pt, 71.13188pt)
* v-part:(T,H,B)=(71.13188pt, 702.78308pt, 71.13188pt)
* \paperwidth=597.50787pt
* \paperheight=845.04684pt
* \textwidth=455.24411pt
* \textheight=647.78308pt
* \oddsidemargin=-1.1381pt
* \evensidemargin=-1.1381pt
* \topmargin=-1.1381pt
* \headheight=15.0pt
* \headsep=20.0pt
* \topskip=12.0pt
* \footskip=20.0pt
* \marginparwidth=35.0pt
* \marginparsep=10.0pt
* \columnsep=10.0pt
* \skip\footins=10.8pt plus 4.0pt minus 2.0pt
* \hoffset=0.0pt
* \voffset=0.0pt
* \mag=1000
* \@twocolumnfalse
* \@twosidefalse
* \@mparswitchfalse
* \@reversemarginfalse
* (1in=72.27pt=25.4mm, 1cm=28.453pt)

(/usr/local/texlive/2025/texmf-dist/tex/context/base/mkii/supp-pdf.mkii
[Loading MPS to PDF converter (version 2006.09.02).]
\scratchcounter=\count329
\scratchdimen=\dimen264
\scratchbox=\box107
\nofMPsegments=\count330
\nofMParguments=\count331
\everyMPshowfont=\toks32
\MPscratchCnt=\count332
\MPscratchDim=\dimen265
\MPnumerator=\count333
\makeMPintoPDFobject=\count334
\everyMPtoPDFconversion=\toks33
) (/usr/local/texlive/2025/texmf-dist/tex/latex/epstopdf-pkg/epstopdf-base.sty
Package: epstopdf-base 2020-01-24 v2.11 Base part for package epstopdf
Package epstopdf-base Info: Redefining graphics rule for `.eps' on input line 485.
 (/usr/local/texlive/2025/texmf-dist/tex/latex/latexconfig/epstopdf-sys.cfg
File: epstopdf-sys.cfg 2010/07/13 v1.3 Configuration of (r)epstopdf for TeX Live
))
Package hyperref Info: Link coloring ON on input line 182.
\@outlinefile=\write3
\openout3 = `report.out'.

\c@lstlisting=\count335
Package caption Info: Begin \AtBeginDocument code.
Package caption Info: End \AtBeginDocument code.


LaTeX Warning: File `ruet_logo.png' not found on input line 192.


/Users/sajid/Movies/Lab_Repository/CSE 4108/report.tex:192: Package pdftex.def Error: File `ruet_logo.png' not found: using draft setting.

See the pdftex.def package documentation for explanation.
Type  H <return>  for immediate help.
 ...                                              
                                                  
l.192 ...cludegraphics[width=4.5cm]{ruet_logo.png}
                                                   \\[0.4cm]
Try typing  <return>  to proceed.
If that doesn't work, type  X <return>  to quit.

LaTeX Font Info:    Trying to load font information for U+msa on input line 215.
(/usr/local/texlive/2025/texmf-dist/tex/latex/amsfonts/umsa.fd
File: umsa.fd 2013/01/14 v3.01 AMS symbols A
)
LaTeX Font Info:    Trying to load font information for U+msb on input line 215.
 (/usr/local/texlive/2025/texmf-dist/tex/latex/amsfonts/umsb.fd
File: umsb.fd 2013/01/14 v3.01 AMS symbols B
)

[1

{/usr/local/texlive/2025/texmf-var/fonts/map/pdftex/updmap/pdftex.map}]


pdfTeX warning (ext4): destination with the same identifier (name{page.1}) has been already used, duplicate ignored
<to be read again> 
                   \relax 
l.246 \chapter
              *{\textcolor{primaryblue}{Acknowledgment}} [1

]

[2

]

LaTeX Warning: Citation `ref8' on page 3 undefined on input line 260.


LaTeX Warning: Citation `ref3' on page 3 undefined on input line 262.


LaTeX Warning: Citation `ref5' on page 3 undefined on input line 262.


LaTeX Warning: Citation `ref11' on page 3 undefined on input line 267.



[3

]
No file report.toc.
\tf@toc=\write4
\openout4 = `report.toc'.



[4

]
No file report.lot.
\tf@lot=\write5
\openout5 = `report.lot'.



[5

]
No file report.lof.
\tf@lof=\write6
\openout6 = `report.lof'.



[6

]

[7

]
Chapter 1.

LaTeX Warning: Citation `ref11' on page 8 undefined on input line 316.



[8

]

LaTeX Warning: Citation `ref8' on page 9 undefined on input line 327.




Package fancyhdr Warning: \headheight is too small (15.0pt): 
(fancyhdr)                Make it at least 24.64995pt, for example:
(fancyhdr)                \setlength{\headheight}{24.64995pt}.
(fancyhdr)                You might also make \topmargin smaller:
(fancyhdr)                \addtolength{\topmargin}{-9.64995pt}.

[9]
/Users/sajid/Movies/Lab_Repository/CSE 4108/report.tex:338: Misplaced alignment tab character &.
<argument> ...5: Societal, Health, Safety, Legal &
                                                   Cultural Considerations
l.338 ...Safety, Legal & Cultural Considerations}}
                                                   – Discusses health, sa...
I can't figure out why you would want to use a tab mark
here. If you just want an ampersand, the remedy is
simple: Just type `I\&' now. But if some right brace
up above has ended a previous alignment prematurely,
you're probably due for more error messages, and you
might try typing `S' now just to see what is salvageable.

/Users/sajid/Movies/Lab_Repository/CSE 4108/report.tex:339: Misplaced alignment tab character &.
<argument> Chapter 6: Professional Ethics &
                                             Responsibilities
l.339 ... Professional Ethics & Responsibilities}}
                                                   – Explores ethical iss...
I can't figure out why you would want to use a tab mark
here. If you just want an ampersand, the remedy is
simple: Just type `I\&' now. But if some right brace
up above has ended a previous alignment prematurely,
you're probably due for more error messages, and you
might try typing `S' now just to see what is salvageable.

/Users/sajid/Movies/Lab_Repository/CSE 4108/report.tex:340: Misplaced alignment tab character &.
<argument> Chapter 7: Skills Gained &
                                       Lifelong Learning
l.340 ...r 7: Skills Gained & Lifelong Learning}}
                                                   – Reflects on the tech...
I can't figure out why you would want to use a tab mark
here. If you just want an ampersand, the remedy is
simple: Just type `I\&' now. But if some right brace
up above has ended a previous alignment prematurely,
you're probably due for more error messages, and you
might try typing `S' now just to see what is salvageable.

/Users/sajid/Movies/Lab_Repository/CSE 4108/report.tex:341: Misplaced alignment tab character &.
<argument> Chapter 8: Challenges &
                                    Solutions
l.341 ...xtbf{Chapter 8: Challenges & Solutions}}
                                                   – Describes the obstac...
I can't figure out why you would want to use a tab mark
here. If you just want an ampersand, the remedy is
simple: Just type `I\&' now. But if some right brace
up above has ended a previous alignment prematurely,
you're probably due for more error messages, and you
might try typing `S' now just to see what is salvageable.




Package fancyhdr Warning: \headheight is too small (15.0pt): 
(fancyhdr)                Make it at least 24.64995pt, for example:
(fancyhdr)                \setlength{\headheight}{24.64995pt}.
(fancyhdr)                You might also make \topmargin smaller:
(fancyhdr)                \addtolength{\topmargin}{-9.64995pt}.

[10]
Chapter 2.

LaTeX Warning: Citation `ref1' on page 11 undefined on input line 349.


LaTeX Warning: Citation `ref11' on page 11 undefined on input line 353.


LaTeX Warning: Citation `ref8' on page 11 undefined on input line 353.


Overfull \hbox (21.00107pt too wide) in paragraph at lines 357--358
[][]\OT1/cmr/bx/n/12 Primary Head-quar-ters:[] \OT1/cmr/m/n/12 Level 6B, Sil-i-con Tower, Hi-Tech Park, Ra-jshahi, Bangladesh 
 []

<Figures/logo.png, id=69, 317.185pt x 316.18124pt>
File: Figures/logo.png Graphic file (type png)
<use Figures/logo.png>
Package pdftex.def Info: Figures/logo.png  used on input line 364.
(pdftex.def)             Requested size: 136.57462pt x 136.14343pt.


[11

 <./Figures/logo.png>]
Overfull \hbox (16.03154pt too wide) in paragraph at lines 381--382
[][]\OT1/cmr/bx/n/12 Collaborative Cul-ture:[] \OT1/cmr/m/n/12 Fos-ter team-work, knowl-edge shar-ing, and col-lec-tive problem-
 []


Underfull \hbox (badness 10000) in paragraph at lines 397--398
[]|\OT1/cmr/m/n/12 Successfully de-liv-ered across
 []


Underfull \hbox (badness 3954) in paragraph at lines 397--398
\OT1/cmr/m/n/12 North Amer-ica, Eu-rope, and
 []


Underfull \hbox (badness 1997) in paragraph at lines 398--399
[]|\OT1/cmr/m/n/12 Rated 5.0 on Clutch, 4.5 on
 []


Underfull \hbox (badness 3492) in paragraph at lines 400--401
[]|\OT1/cmr/m/n/12 Average user en-gage-ment im-
 []


Overfull \hbox (7.5472pt too wide) in paragraph at lines 393--405
 [][] 
 []


LaTeX Warning: `!h' float specifier changed to `!ht'.




Package fancyhdr Warning: \headheight is too small (15.0pt): 
(fancyhdr)                Make it at least 24.64995pt, for example:
(fancyhdr)                \setlength{\headheight}{24.64995pt}.
(fancyhdr)                You might also make \topmargin smaller:
(fancyhdr)                \addtolength{\topmargin}{-9.64995pt}.

[12]


Package fancyhdr Warning: \headheight is too small (15.0pt): 
(fancyhdr)                Make it at least 24.64995pt, for example:
(fancyhdr)                \setlength{\headheight}{24.64995pt}.
(fancyhdr)                You might also make \topmargin smaller:
(fancyhdr)                \addtolength{\topmargin}{-9.64995pt}.

[13{/usr/local/texlive/2025/texmf-dist/fonts/enc/dvips/cm-super/cm-super-ts1.enc}]
Underfull \hbox (badness 1460) in paragraph at lines 441--442
\OT1/cmr/m/n/12 uct in-no-va-tion, re-spon-si-ble for over-all
 []




Package fancyhdr Warning: \headheight is too small (15.0pt): 
(fancyhdr)                Make it at least 24.64995pt, for example:
(fancyhdr)                \setlength{\headheight}{24.64995pt}.
(fancyhdr)                You might also make \topmargin smaller:
(fancyhdr)                \addtolength{\topmargin}{-9.64995pt}.

[14]


Package fancyhdr Warning: \headheight is too small (15.0pt): 
(fancyhdr)                Make it at least 24.64995pt, for example:
(fancyhdr)                \setlength{\headheight}{24.64995pt}.
(fancyhdr)                You might also make \topmargin smaller:
(fancyhdr)                \addtolength{\topmargin}{-9.64995pt}.

[15]


Package fancyhdr Warning: \headheight is too small (15.0pt): 
(fancyhdr)                Make it at least 24.64995pt, for example:
(fancyhdr)                \setlength{\headheight}{24.64995pt}.
(fancyhdr)                You might also make \topmargin smaller:
(fancyhdr)                \addtolength{\topmargin}{-9.64995pt}.

[16]
Overfull \hbox (15.72032pt too wide) in paragraph at lines 509--510
[][]\OT1/cmr/bx/n/12 Database So-lu-tions:[] \OT1/cmr/m/n/12 De-sign and im-ple-men-ta-tion of Post-greSQL, Mon-goDB, MySQL,
 []


LaTeX Warning: Citation `ref7' on page 17 undefined on input line 516.




Package fancyhdr Warning: \headheight is too small (15.0pt): 
(fancyhdr)                Make it at least 24.64995pt, for example:
(fancyhdr)                \setlength{\headheight}{24.64995pt}.
(fancyhdr)                You might also make \topmargin smaller:
(fancyhdr)                \addtolength{\topmargin}{-9.64995pt}.

[17]


Package fancyhdr Warning: \headheight is too small (15.0pt): 
(fancyhdr)                Make it at least 24.64995pt, for example:
(fancyhdr)                \setlength{\headheight}{24.64995pt}.
(fancyhdr)                You might also make \topmargin smaller:
(fancyhdr)                \addtolength{\topmargin}{-9.64995pt}.

[18]
<Figures/served.png, id=127, 394.47375pt x 742.775pt>
File: Figures/served.png Graphic file (type png)
<use Figures/served.png>
Package pdftex.def Info: Figures/served.png  used on input line 557.
(pdftex.def)             Requested size: 273.14923pt x 514.3287pt.



Package fancyhdr Warning: \headheight is too small (15.0pt): 
(fancyhdr)                Make it at least 24.64995pt, for example:
(fancyhdr)                \setlength{\headheight}{24.64995pt}.
(fancyhdr)                You might also make \topmargin smaller:
(fancyhdr)                \addtolength{\topmargin}{-9.64995pt}.

[19 <./Figures/served.png>]
Overfull \hbox (7.10846pt too wide) in paragraph at lines 571--571
[]|[]\OT1/cmr/bx/n/12 Industry/Country[]| 
 []


Underfull \hbox (badness 10000) in paragraph at lines 573--573
[]|[]\OT1/cmr/bx/n/12 Smart
 []


Underfull \hbox (badness 2635) in paragraph at lines 573--573
\OT1/cmr/m/n/12 with admin-teacher-parent
 []


Overfull \hbox (3.6143pt too wide) in paragraph at lines 573--573
[]|\OT1/cmr/m/n/12 EdTech/Bangladesh| 
 []


Underfull \hbox (badness 10000) in paragraph at lines 574--574
[]|\OT1/cmr/m/n/12 Service Au-toma-
 []


Underfull \hbox (badness 10000) in paragraph at lines 574--575
[]|\OT1/cmr/m/n/12 Increased cus-tomer
 []


Overfull \hbox (2.38321pt too wide) in paragraph at lines 575--575
[]|[]\OT1/cmr/bx/n/12 JazakAllah[]| 
 []


Underfull \hbox (badness 10000) in paragraph at lines 575--576
[]|\OT1/cmr/m/n/12 Enhanced com-mu-
 []


Underfull \hbox (badness 10000) in paragraph at lines 576--576
[]|[]\OT1/cmr/bx/n/12 YooWifi
 []


Underfull \hbox (badness 2334) in paragraph at lines 576--576
\OT1/cmr/m/n/12 tion for wire-less in-ter-net
 []


Underfull \hbox (badness 1418) in paragraph at lines 576--577
[]|\OT1/cmr/m/n/12 Improved user con-
 []


Underfull \hbox (badness 5893) in paragraph at lines 577--578
[]|\OT1/cmr/m/n/12 Reduced pro-cess-ing
 []


Overfull \hbox (5.39711pt too wide) in paragraph at lines 578--578
[]|[]\OT1/cmr/bx/n/12 DreamPath[]| 
 []


Overfull \hbox (3.09903pt too wide) in paragraph at lines 578--578
[]|\OT1/cmr/m/n/12 AI/Wellness/Global| 
 []


Underfull \hbox (badness 10000) in paragraph at lines 579--579
[]|\OT1/cmr/m/n/12 WordPress plu-gin for
 []


Overfull \hbox (5.32082pt too wide) in paragraph at lines 569--582
 [][] 
 []




Package fancyhdr Warning: \headheight is too small (15.0pt): 
(fancyhdr)                Make it at least 24.64995pt, for example:
(fancyhdr)                \setlength{\headheight}{24.64995pt}.
(fancyhdr)                You might also make \topmargin smaller:
(fancyhdr)                \addtolength{\topmargin}{-9.64995pt}.

[20]
<Figures/nlc.png, id=141, 392.46625pt x 556.0775pt>
File: Figures/nlc.png Graphic file (type png)
<use Figures/nlc.png>
Package pdftex.def Info: Figures/nlc.png  used on input line 589.
(pdftex.def)             Requested size: 195.75163pt x 277.35925pt.
<Figures/kanga.png, id=142, 387.4475pt x 528.97626pt>
File: Figures/kanga.png Graphic file (type png)
<use Figures/kanga.png>
Package pdftex.def Info: Figures/kanga.png  used on input line 595.
(pdftex.def)             Requested size: 195.75163pt x 267.256pt.
<Figures/jazakallah.png, id=143, 390.45876pt x 551.05875pt>
File: Figures/jazakallah.png Graphic file (type png)
<use Figures/jazakallah.png>
Package pdftex.def Info: Figures/jazakallah.png  used on input line 603.
(pdftex.def)             Requested size: 195.75163pt x 276.26863pt.
<Figures/yoowifi.png, id=144, 391.4625pt x 550.055pt>
File: Figures/yoowifi.png Graphic file (type png)
<use Figures/yoowifi.png>
Package pdftex.def Info: Figures/yoowifi.png  used on input line 609.
(pdftex.def)             Requested size: 195.75163pt x 275.0604pt.



Package fancyhdr Warning: \headheight is too small (15.0pt): 
(fancyhdr)                Make it at least 24.64995pt, for example:
(fancyhdr)                \setlength{\headheight}{24.64995pt}.
(fancyhdr)                You might also make \topmargin smaller:
(fancyhdr)                \addtolength{\topmargin}{-9.64995pt}.

[21 <./Figures/nlc.png> <./Figures/kanga.png> <./Figures/jazakallah.png> <./Figures/yoowifi.png>]
Underfull \hbox (badness 2245) in paragraph at lines 630--630
[]|\OT1/cmr/m/n/12 AI-powered vir-tual as-sis-tant
 []


Underfull \hbox (badness 10000) in paragraph at lines 631--631
\OT1/cmr/m/n/12 com-pan-ion with per-son-al-
 []


Underfull \hbox (badness 10000) in paragraph at lines 631--631
\OT1/cmr/m/n/12 ized rec-om-men-da-tions and
 []


Underfull \hbox (badness 1147) in paragraph at lines 633--634
\OT1/cmr/m/n/12 dic-tive mod-el-ing, au-to-mated
 []


Underfull \hbox (badness 4120) in paragraph at lines 634--634
[]|\OT1/cmr/m/n/12 Wearable de-vice in-te-gra-tion
 []


Underfull \hbox (badness 1173) in paragraph at lines 634--635
[]|\OT1/cmr/m/n/12 AI-powered health an-a-lyt-ics,
 []


Underfull \hbox (badness 10000) in paragraph at lines 635--635
[]|\OT1/cmr/m/n/12 Marketing au-toma-tion and
 []


Underfull \hbox (badness 4291) in paragraph at lines 635--635
\OT1/cmr/m/n/12 growth an-a-lyt-ics with cus-
 []


Underfull \hbox (badness 2443) in paragraph at lines 635--636
[]|\OT1/cmr/m/n/12 Customer be-hav-ior anal-y-sis,
 []


Underfull \hbox (badness 10000) in paragraph at lines 635--636
\OT1/cmr/m/n/12 au-to-mated cam-paign op-ti-
 []


Overfull \hbox (7.5472pt too wide) in paragraph at lines 626--638
 [][] 
 []

<Figures/ai.png, id=154, 366.36874pt x 530.98375pt>
File: Figures/ai.png Graphic file (type png)
<use Figures/ai.png>
Package pdftex.def Info: Figures/ai.png  used on input line 642.
(pdftex.def)             Requested size: 118.36096pt x 171.5387pt.



Package fancyhdr Warning: \headheight is too small (15.0pt): 
(fancyhdr)                Make it at least 24.64995pt, for example:
(fancyhdr)                \setlength{\headheight}{24.64995pt}.
(fancyhdr)                You might also make \topmargin smaller:
(fancyhdr)                \addtolength{\topmargin}{-9.64995pt}.

[22 <./Figures/ai.png>]
Underfull \hbox (badness 3701) in paragraph at lines 661--661
[]|[]\OT1/cmr/bx/n/12 Project Suc-cess
 []


Underfull \hbox (badness 1014) in paragraph at lines 661--662
[]|\OT1/cmr/m/n/12 On-time, on-budget project de-liv-ery
 []




Package fancyhdr Warning: \headheight is too small (15.0pt): 
(fancyhdr)                Make it at least 24.64995pt, for example:
(fancyhdr)                \setlength{\headheight}{24.64995pt}.
(fancyhdr)                You might also make \topmargin smaller:
(fancyhdr)                \addtolength{\topmargin}{-9.64995pt}.

[23]
<Figures/awards.png, id=173, 388.45125pt x 532.99126pt>
File: Figures/awards.png Graphic file (type png)
<use Figures/awards.png>
Package pdftex.def Info: Figures/awards.png  used on input line 689.
(pdftex.def)             Requested size: 227.62206pt x 312.3232pt.



Package fancyhdr Warning: \headheight is too small (15.0pt): 
(fancyhdr)                Make it at least 24.64995pt, for example:
(fancyhdr)                \setlength{\headheight}{24.64995pt}.
(fancyhdr)                You might also make \topmargin smaller:
(fancyhdr)                \addtolength{\topmargin}{-9.64995pt}.

[24 <./Figures/awards.png>]

LaTeX Warning: Citation `ref7' on page 25 undefined on input line 695.




Package fancyhdr Warning: \headheight is too small (15.0pt): 
(fancyhdr)                Make it at least 24.64995pt, for example:
(fancyhdr)                \setlength{\headheight}{24.64995pt}.
(fancyhdr)                You might also make \topmargin smaller:
(fancyhdr)                \addtolength{\topmargin}{-9.64995pt}.

[25]
Chapter 3.

LaTeX Warning: Citation `ref2' on page 26 undefined on input line 700.

<Figures/smart_pathshala.png, id=186, 388.45125pt x 549.05125pt>
File: Figures/smart_pathshala.png Graphic file (type png)
<use Figures/smart_pathshala.png>
Package pdftex.def Info: Figures/smart_pathshala.png  used on input line 711.
(pdftex.def)             Requested size: 159.33821pt x 225.22137pt.


[26

 <./Figures/smart_pathshala.png>]

LaTeX Warning: Citation `ref8' on page 27 undefined on input line 729.




Package fancyhdr Warning: \headheight is too small (15.0pt): 
(fancyhdr)                Make it at least 24.64995pt, for example:
(fancyhdr)                \setlength{\headheight}{24.64995pt}.
(fancyhdr)                You might also make \topmargin smaller:
(fancyhdr)                \addtolength{\topmargin}{-9.64995pt}.

[27]

LaTeX Warning: Citation `ref5' on page 28 undefined on input line 739.


LaTeX Warning: Citation `ref3' on page 28 undefined on input line 739.


LaTeX Warning: Citation `ref7' on page 28 undefined on input line 744.




Package fancyhdr Warning: \headheight is too small (15.0pt): 
(fancyhdr)                Make it at least 24.64995pt, for example:
(fancyhdr)                \setlength{\headheight}{24.64995pt}.
(fancyhdr)                You might also make \topmargin smaller:
(fancyhdr)                \addtolength{\topmargin}{-9.64995pt}.

[28]


Package fancyhdr Warning: \headheight is too small (15.0pt): 
(fancyhdr)                Make it at least 24.64995pt, for example:
(fancyhdr)                \setlength{\headheight}{24.64995pt}.
(fancyhdr)                You might also make \topmargin smaller:
(fancyhdr)                \addtolength{\topmargin}{-9.64995pt}.

[29]
Chapter 4.

LaTeX Warning: Citation `ref5' on page 30 undefined on input line 770.



[30

]

LaTeX Warning: Citation `ref3' on page 31 undefined on input line 781.


LaTeX Warning: Citation `ref4' on page 31 undefined on input line 801.


LaTeX Warning: Citation `ref6' on page 31 undefined on input line 808.




Package fancyhdr Warning: \headheight is too small (15.0pt): 
(fancyhdr)                Make it at least 24.64995pt, for example:
(fancyhdr)                \setlength{\headheight}{24.64995pt}.
(fancyhdr)                You might also make \topmargin smaller:
(fancyhdr)                \addtolength{\topmargin}{-9.64995pt}.

[31]

LaTeX Warning: Citation `ref8' on page 32 undefined on input line 841.


LaTeX Warning: Citation `ref7' on page 32 undefined on input line 850.




Package fancyhdr Warning: \headheight is too small (15.0pt): 
(fancyhdr)                Make it at least 24.64995pt, for example:
(fancyhdr)                \setlength{\headheight}{24.64995pt}.
(fancyhdr)                You might also make \topmargin smaller:
(fancyhdr)                \addtolength{\topmargin}{-9.64995pt}.

[32]
Underfull \hbox (badness 4156) in paragraph at lines 869--870
[]|[]\OT1/cmr/bx/n/12 Node.js, Ex-press.js, PHP Lar-avel,
 []


LaTeX Warning: Citation `ref7' on page 33 undefined on input line 872.




Package fancyhdr Warning: \headheight is too small (15.0pt): 
(fancyhdr)                Make it at least 24.64995pt, for example:
(fancyhdr)                \setlength{\headheight}{24.64995pt}.
(fancyhdr)                You might also make \topmargin smaller:
(fancyhdr)                \addtolength{\topmargin}{-9.64995pt}.

[33]


Package fancyhdr Warning: \headheight is too small (15.0pt): 
(fancyhdr)                Make it at least 24.64995pt, for example:
(fancyhdr)                \setlength{\headheight}{24.64995pt}.
(fancyhdr)                You might also make \topmargin smaller:
(fancyhdr)                \addtolength{\topmargin}{-9.64995pt}.

[34]
Chapter 5.


[35

]
Underfull \hbox (badness 2990) in paragraph at lines 941--942
[]|\OT1/cmr/m/n/12 Continuous learn-ing op-por-tu-ni-ties, in-ter-nal
 []


Underfull \hbox (badness 2245) in paragraph at lines 942--943
[]|\OT1/cmr/m/n/12 Modern com-mu-ni-ca-tion plat-forms in-clud-ing
 []


Underfull \hbox (badness 1337) in paragraph at lines 943--944
[]|\OT1/cmr/m/n/12 Regular team-building ac-tiv-i-ties, lunch-and-
 []




Package fancyhdr Warning: \headheight is too small (15.0pt): 
(fancyhdr)                Make it at least 24.64995pt, for example:
(fancyhdr)                \setlength{\headheight}{24.64995pt}.
(fancyhdr)                You might also make \topmargin smaller:
(fancyhdr)                \addtolength{\topmargin}{-9.64995pt}.

[36]
<Figures/workplace.png, id=264, 307.1475pt x 325.215pt>
File: Figures/workplace.png Graphic file (type png)
<use Figures/workplace.png>
Package pdftex.def Info: Figures/workplace.png  used on input line 960.
(pdftex.def)             Requested size: 227.62206pt x 241.01262pt.


LaTeX Warning: Citation `ref11' on page 37 undefined on input line 975.




Package fancyhdr Warning: \headheight is too small (15.0pt): 
(fancyhdr)                Make it at least 24.64995pt, for example:
(fancyhdr)                \setlength{\headheight}{24.64995pt}.
(fancyhdr)                You might also make \topmargin smaller:
(fancyhdr)                \addtolength{\topmargin}{-9.64995pt}.

[37 <./Figures/workplace.png>]


Package fancyhdr Warning: \headheight is too small (15.0pt): 
(fancyhdr)                Make it at least 24.64995pt, for example:
(fancyhdr)                \setlength{\headheight}{24.64995pt}.
(fancyhdr)                You might also make \topmargin smaller:
(fancyhdr)                \addtolength{\topmargin}{-9.64995pt}.

[38]

LaTeX Warning: Citation `ref7' on page 39 undefined on input line 998.




Package fancyhdr Warning: \headheight is too small (15.0pt): 
(fancyhdr)                Make it at least 24.64995pt, for example:
(fancyhdr)                \setlength{\headheight}{24.64995pt}.
(fancyhdr)                You might also make \topmargin smaller:
(fancyhdr)                \addtolength{\topmargin}{-9.64995pt}.

[39]
Chapter 6.

Underfull \hbox (badness 10000) in paragraph at lines 1018--1023

 []


Underfull \hbox (badness 10000) in paragraph at lines 1024--1030

 []


LaTeX Warning: Citation `ref9' on page 40 undefined on input line 1036.


LaTeX Warning: Citation `ref10' on page 40 undefined on input line 1036.



[40

]


Package fancyhdr Warning: \headheight is too small (15.0pt): 
(fancyhdr)                Make it at least 24.64995pt, for example:
(fancyhdr)                \setlength{\headheight}{24.64995pt}.
(fancyhdr)                You might also make \topmargin smaller:
(fancyhdr)                \addtolength{\topmargin}{-9.64995pt}.

[41]
Chapter 7.

LaTeX Warning: Citation `ref11' on page 42 undefined on input line 1059.


LaTeX Warning: Citation `ref4' on page 42 undefined on input line 1064.


LaTeX Warning: Citation `ref6' on page 42 undefined on input line 1068.


LaTeX Warning: Citation `ref7' on page 42 undefined on input line 1070.



[42

]
Overfull \hbox (4.66486pt too wide) in paragraph at lines 1083--1084
[][]\OT1/cmr/bx/n/12 Time Man-age-ment:[] \OT1/cmr/m/n/12 I learned to bal-ance mul-ti-ple re-spon-si-bil-i-ties|documentation,
 []




Package fancyhdr Warning: \headheight is too small (15.0pt): 
(fancyhdr)                Make it at least 24.64995pt, for example:
(fancyhdr)                \setlength{\headheight}{24.64995pt}.
(fancyhdr)                You might also make \topmargin smaller:
(fancyhdr)                \addtolength{\topmargin}{-9.64995pt}.

[43]
Chapter 8.

Underfull \hbox (badness 10000) in paragraph at lines 1102--1103

 []


Underfull \hbox (badness 10000) in paragraph at lines 1106--1107

 []


Underfull \hbox (badness 10000) in paragraph at lines 1110--1111

 []


Underfull \hbox (badness 10000) in paragraph at lines 1114--1115

 []



[44

]


Package fancyhdr Warning: \headheight is too small (15.0pt): 
(fancyhdr)                Make it at least 24.64995pt, for example:
(fancyhdr)                \setlength{\headheight}{24.64995pt}.
(fancyhdr)                You might also make \topmargin smaller:
(fancyhdr)                \addtolength{\topmargin}{-9.64995pt}.

[45]
Chapter 9.


[46

]


Package fancyhdr Warning: \headheight is too small (15.0pt): 
(fancyhdr)                Make it at least 24.64995pt, for example:
(fancyhdr)                \setlength{\headheight}{24.64995pt}.
(fancyhdr)                You might also make \topmargin smaller:
(fancyhdr)                \addtolength{\topmargin}{-9.64995pt}.

[47]
Chapter 10.

LaTeX Warning: Citation `ref11' on page 48 undefined on input line 1158.



[48

]

LaTeX Warning: Citation `ref7' on page 49 undefined on input line 1176.




Package fancyhdr Warning: \headheight is too small (15.0pt): 
(fancyhdr)                Make it at least 24.64995pt, for example:
(fancyhdr)                \setlength{\headheight}{24.64995pt}.
(fancyhdr)                You might also make \topmargin smaller:
(fancyhdr)                \addtolength{\topmargin}{-9.64995pt}.

[49]


Package fancyhdr Warning: \headheight is too small (15.0pt): 
(fancyhdr)                Make it at least 24.64995pt, for example:
(fancyhdr)                \setlength{\headheight}{24.64995pt}.
(fancyhdr)                You might also make \topmargin smaller:
(fancyhdr)                \addtolength{\topmargin}{-9.64995pt}.

[50]
Underfull \hbox (badness 1009) in paragraph at lines 1201--1202
[]\OT1/cmr/m/n/12 Netro Sys-tems, Of-fi-cial Web-site, Ra-jshahi, Bangladesh. Avail-able: [][]$\OT1/cmtt/m/n/12 https : / /
 []


Underfull \hbox (badness 3482) in paragraph at lines 1202--1203
[]\OT1/cmr/m/n/12 Netro Sys-tems, \OT1/cmr/m/it/12 Smart Pathshala { School Man-age-ment Sys-tem\OT1/cmr/m/n/12 , Ra-jshahi,
 []


Underfull \hbox (badness 3189) in paragraph at lines 1210--1211
[]\OT1/cmr/m/n/12 BCS, The Char-tered In-sti-tute for IT, \OT1/cmr/m/it/12 Code of Con-duct and Pro-fes-sional
 []



[51

] (./report.aux)
 ***********
LaTeX2e <2024-11-01> patch level 2
L3 programming layer <2025-01-18>
 ***********


LaTeX Warning: There were undefined references.


LaTeX Warning: Label(s) may have changed. Rerun to get cross-references right.


Package rerunfilecheck Warning: File `report.out' has changed.
(rerunfilecheck)                Rerun to get outlines right
(rerunfilecheck)                or use package `bookmark'.

Package rerunfilecheck Info: Checksums for `report.out':
(rerunfilecheck)             Before: <no file>
(rerunfilecheck)             After:  1C3532CE2F0D42471D0027158E28A88C;19333.
 ) 
Here is how much of TeX's memory you used:
 14813 strings out of 473190
 232453 string characters out of 5715799
 646134 words of memory out of 5000000
 37717 multiletter control sequences out of 15000+600000
 569087 words of font info for 72 fonts, out of 8000000 for 9000
 1141 hyphenation exceptions out of 8191
 75i,12n,79p,1117b,572s stack positions out of 10000i,1000n,20000p,200000b,200000s
</usr/local/texlive/2025/texmf-dist/fonts/type1/public/amsfonts/cm/cmbx10.pfb></usr/local/texlive/2025/texmf-dist/fonts/type1/public/amsfonts/cm/cmbx12.pfb></usr/local/texlive/2025/texmf-dist/fonts/type1/public/amsfonts/cm/cmbxti10.pfb></usr/local/texlive/2025/texmf-dist/fonts/type1/public/amsfonts/cm/cmr12.pfb></usr/local/texlive/2025/texmf-dist/fonts/type1/public/amsfonts/cm/cmsy10.pfb></usr/local/texlive/2025/texmf-dist/fonts/type1/public/amsfonts/cm/cmti12.pfb></usr/local/texlive/2025/texmf-dist/fonts/type1/public/amsfonts/cm/cmtt12.pfb></usr/local/texlive/2025/texmf-dist/fonts/type1/public/cm-super/sfbx1200.pfb></usr/local/texlive/2025/texmf-dist/fonts/type1/public/cm-super/sfrm1200.pfb>
Output written on report.pdf (52 pages, 4838460 bytes).
PDF statistics:
 467 PDF objects out of 1000 (max. 8388607)
 371 compressed objects within 4 object streams
 174 named destinations out of 1000 (max. 500000)
 51 words of extra memory for PDF output out of 10000 (max. 10000000)

