#! /c/Source/iverilog-install/bin/vvp
:ivl_version "12.0 (devel)" "(s20150603-1539-g2693dd32b)";
:ivl_delay_selection "TYPICAL";
:vpi_time_precision - 9;
:vpi_module "C:\iverilog\lib\ivl\system.vpi";
:vpi_module "C:\iverilog\lib\ivl\vhdl_sys.vpi";
:vpi_module "C:\iverilog\lib\ivl\vhdl_textio.vpi";
:vpi_module "C:\iverilog\lib\ivl\v2005_math.vpi";
:vpi_module "C:\iverilog\lib\ivl\va_math.vpi";
S_000002731c89bcb0 .scope module, "counter_tb" "counter_tb" 2 3;
 .timescale -9 -9;
v000002731c8e5f50_0 .var "clk", 0 0;
v000002731c896760_0 .net "q", 3 0, L_000002731c89b330;  1 drivers
v000002731c8e2ba0_0 .var "reset", 0 0;
S_000002731c8d5b30 .scope module, "circ" "counter" 2 9, 3 1 0, S_000002731c89bcb0;
 .timescale 0 0;
    .port_info 0 /INPUT 1 "clk";
    .port_info 1 /INPUT 1 "reset";
    .port_info 2 /OUTPUT 4 "q";
L_000002731c89b330 .functor BUFZ 4, v000002731c89bef0_0, C4<0000>, C4<0000>, C4<0000>;
v000002731c8e5c30_0 .net "clk", 0 0, v000002731c8e5f50_0;  1 drivers
v000002731c8e5cd0_0 .net "d_temp", 3 0, L_000002731c8e2d80;  1 drivers
v000002731c8e5d70_0 .net "q", 3 0, L_000002731c89b330;  alias, 1 drivers
v000002731c8e5e10_0 .net "q_temp", 3 0, v000002731c89bef0_0;  1 drivers
v000002731c8e5eb0_0 .net "reset", 0 0, v000002731c8e2ba0_0;  1 drivers
S_000002731c8e7270 .scope module, "circ1" "register" 3 8, 4 1 0, S_000002731c8d5b30;
 .timescale 0 0;
    .port_info 0 /INPUT 1 "clk";
    .port_info 1 /INPUT 1 "reset";
    .port_info 2 /INPUT 4 "d";
    .port_info 3 /OUTPUT 4 "q";
v000002731c896de0_0 .net "clk", 0 0, v000002731c8e5f50_0;  alias, 1 drivers
v000002731c897000_0 .net "d", 3 0, L_000002731c8e2d80;  alias, 1 drivers
v000002731c89bef0_0 .var "q", 3 0;
v000002731c8d5cc0_0 .net "reset", 0 0, v000002731c8e2ba0_0;  alias, 1 drivers
E_000002731c8e95f0 .event posedge, v000002731c8d5cc0_0, v000002731c896de0_0;
S_000002731c8e7400 .scope module, "circ2" "subtractor" 3 9, 5 1 0, S_000002731c8d5b30;
 .timescale -9 -9;
    .port_info 0 /INPUT 4 "I";
    .port_info 1 /OUTPUT 4 "O";
v000002731c8e7590_0 .net "I", 3 0, v000002731c89bef0_0;  alias, 1 drivers
v000002731c8e7630_0 .net "O", 3 0, L_000002731c8e2d80;  alias, 1 drivers
L_000002731c92f038 .functor BUFT 1, C4<0001>, C4<0>, C4<0>, C4<0>;
v000002731c8e5b90_0 .net/2u *"_ivl_0", 3 0, L_000002731c92f038;  1 drivers
L_000002731c8e2d80 .arith/sub 4, v000002731c89bef0_0, L_000002731c92f038;
    .scope S_000002731c8e7270;
T_0 ;
    %wait E_000002731c8e95f0;
    %load/vec4 v000002731c8d5cc0_0;
    %flag_set/vec4 8;
    %jmp/0xz  T_0.0, 8;
    %pushi/vec4 15, 0, 4;
    %assign/vec4 v000002731c89bef0_0, 0;
    %jmp T_0.1;
T_0.0 ;
    %load/vec4 v000002731c897000_0;
    %assign/vec4 v000002731c89bef0_0, 0;
T_0.1 ;
    %jmp T_0;
    .thread T_0;
    .scope S_000002731c89bcb0;
T_1 ;
    %load/vec4 v000002731c8e5f50_0;
    %inv;
    %store/vec4 v000002731c8e5f50_0, 0, 1;
    %delay 10, 0;
    %jmp T_1;
    .thread T_1;
    .scope S_000002731c89bcb0;
T_2 ;
    %vpi_call 2 17 "$dumpfile", "test.vcd" {0 0 0};
    %vpi_call 2 18 "$dumpvars", 32'sb00000000000000000000000000000000, S_000002731c89bcb0 {0 0 0};
    %pushi/vec4 0, 0, 1;
    %assign/vec4 v000002731c8e5f50_0, 0;
    %pushi/vec4 1, 0, 1;
    %assign/vec4 v000002731c8e2ba0_0, 0;
    %delay 20, 0;
    %pushi/vec4 0, 0, 1;
    %assign/vec4 v000002731c8e2ba0_0, 0;
    %delay 20, 0;
    %end;
    .thread T_2;
    .scope S_000002731c89bcb0;
T_3 ;
    %vpi_call 2 28 "$monitor", "clk=%b,reset=%b,q=%b", v000002731c8e5f50_0, v000002731c8e2ba0_0, v000002731c896760_0 {0 0 0};
    %end;
    .thread T_3;
# The file index is used to find the file name in the following table.
:file_names 6;
    "N/A";
    "<interactive>";
    "counter_tb.v";
    "counter.v";
    "register.v";
    "subtractor.v";
