#! /c/Source/iverilog-install/bin/vvp
:ivl_version "12.0 (devel)" "(s20150603-1539-g2693dd32b)";
:ivl_delay_selection "TYPICAL";
:vpi_time_precision - 12;
:vpi_module "C:\iverilog\lib\ivl\system.vpi";
:vpi_module "C:\iverilog\lib\ivl\vhdl_sys.vpi";
:vpi_module "C:\iverilog\lib\ivl\vhdl_textio.vpi";
:vpi_module "C:\iverilog\lib\ivl\v2005_math.vpi";
:vpi_module "C:\iverilog\lib\ivl\va_math.vpi";
S_0000024c088b8710 .scope module, "d_ff_tb" "d_ff_tb" 2 3;
 .timescale -9 -12;
v0000024c08905460_0 .var "clk", 0 0;
v0000024c08905500_0 .var "d", 0 0;
v0000024c089055a0_0 .net "q", 0 0, v0000024c088b7290_0;  1 drivers
S_0000024c089052d0 .scope module, "cir" "d_ff" 2 9, 3 1 0, S_0000024c088b8710;
 .timescale 0 0;
    .port_info 0 /INPUT 1 "clk";
    .port_info 1 /INPUT 1 "d";
    .port_info 2 /OUTPUT 1 "q";
v0000024c088b6de0_0 .net "clk", 0 0, v0000024c08905460_0;  1 drivers
v0000024c088b7000_0 .net "d", 0 0, v0000024c08905500_0;  1 drivers
v0000024c088b7290_0 .var "q", 0 0;
E_0000024c088bc800 .event posedge, v0000024c088b6de0_0;
    .scope S_0000024c089052d0;
T_0 ;
    %wait E_0000024c088bc800;
    %load/vec4 v0000024c088b7000_0;
    %assign/vec4 v0000024c088b7290_0, 0;
    %jmp T_0;
    .thread T_0;
    .scope S_0000024c088b8710;
T_1 ;
    %load/vec4 v0000024c08905460_0;
    %inv;
    %store/vec4 v0000024c08905460_0, 0, 1;
    %delay 10000, 0;
    %jmp T_1;
    .thread T_1;
    .scope S_0000024c088b8710;
T_2 ;
    %vpi_call 2 17 "$dumpfile", "test.vcd" {0 0 0};
    %vpi_call 2 18 "$dumpvars", 32'sb00000000000000000000000000000000, S_0000024c088b8710 {0 0 0};
    %pushi/vec4 0, 0, 1;
    %assign/vec4 v0000024c08905460_0, 0;
    %pushi/vec4 0, 0, 1;
    %assign/vec4 v0000024c08905500_0, 0;
    %delay 20000, 0;
    %pushi/vec4 1, 0, 1;
    %assign/vec4 v0000024c08905500_0, 0;
    %delay 20000, 0;
    %vpi_call 2 27 "$finish" {0 0 0};
    %end;
    .thread T_2;
    .scope S_0000024c088b8710;
T_3 ;
    %vpi_call 2 31 "$monitor", "clk=%b,d=%b,q=%b", v0000024c08905460_0, v0000024c08905500_0, v0000024c089055a0_0 {0 0 0};
    %end;
    .thread T_3;
# The file index is used to find the file name in the following table.
:file_names 4;
    "N/A";
    "<interactive>";
    "d_ff_tb.v";
    "d_ff.v";
