\BOOKMARK [1][-]{chapter*.2}{\376\377\000G\000e\000o\000m\000e\000t\000r\000i\000c\000\040\000T\000r\000a\000n\000s\000f\000o\000r\000m\000a\000t\000i\000o\000n\000s\000\040\000o\000n\000\040\000I\000m\000a\000g\000e\000s}{}% 1
\BOOKMARK [1][-]{section.0.1}{\376\377\000I\000m\000a\000g\000e\000\040\000L\000o\000a\000d\000i\000n\000g\000\040\000a\000n\000d\000\040\000P\000r\000e\000p\000r\000o\000c\000e\000s\000s\000i\000n\000g}{}% 2
\BOOKMARK [2][-]{subsection.0.1.1}{\376\377\000C\000o\000d\000e\000\040\000S\000n\000i\000p\000p\000e\000t}{section.0.1}% 3
\BOOKMARK [2][-]{subsection.0.1.2}{\376\377\000I\000m\000p\000l\000e\000m\000e\000n\000t\000a\000t\000i\000o\000n\000\040\000A\000p\000p\000r\000o\000a\000c\000h}{section.0.1}% 4
\BOOKMARK [1][-]{section.0.2}{\376\377\000T\000r\000a\000n\000s\000l\000a\000t\000i\000o\000n\000\040\000T\000r\000a\000n\000s\000f\000o\000r\000m\000a\000t\000i\000o\000n}{}% 5
\BOOKMARK [2][-]{subsection.0.2.1}{\376\377\000C\000o\000d\000e\000\040\000S\000n\000i\000p\000p\000e\000t}{section.0.2}% 6
\BOOKMARK [2][-]{subsection.0.2.2}{\376\377\000I\000m\000p\000l\000e\000m\000e\000n\000t\000a\000t\000i\000o\000n\000\040\000A\000p\000p\000r\000o\000a\000c\000h}{section.0.2}% 7
\BOOKMARK [1][-]{section.0.3}{\376\377\000R\000o\000t\000a\000t\000i\000o\000n\000\040\000T\000r\000a\000n\000s\000f\000o\000r\000m\000a\000t\000i\000o\000n}{}% 8
\BOOKMARK [2][-]{subsection.0.3.1}{\376\377\000C\000o\000d\000e\000\040\000S\000n\000i\000p\000p\000e\000t}{section.0.3}% 9
\BOOKMARK [2][-]{subsection.0.3.2}{\376\377\000I\000m\000p\000l\000e\000m\000e\000n\000t\000a\000t\000i\000o\000n\000\040\000A\000p\000p\000r\000o\000a\000c\000h}{section.0.3}% 10
\BOOKMARK [1][-]{section.0.4}{\376\377\000S\000c\000a\000l\000i\000n\000g\000\040\000T\000r\000a\000n\000s\000f\000o\000r\000m\000a\000t\000i\000o\000n}{}% 11
\BOOKMARK [2][-]{subsection.0.4.1}{\376\377\000C\000o\000d\000e\000\040\000S\000n\000i\000p\000p\000e\000t}{section.0.4}% 12
\BOOKMARK [2][-]{subsection.0.4.2}{\376\377\000I\000m\000p\000l\000e\000m\000e\000n\000t\000a\000t\000i\000o\000n\000\040\000A\000p\000p\000r\000o\000a\000c\000h}{section.0.4}% 13
\BOOKMARK [1][-]{section.0.5}{\376\377\000S\000h\000e\000a\000r\000i\000n\000g\000\040\000T\000r\000a\000n\000s\000f\000o\000r\000m\000a\000t\000i\000o\000n}{}% 14
\BOOKMARK [2][-]{subsection.0.5.1}{\376\377\000C\000o\000d\000e\000\040\000S\000n\000i\000p\000p\000e\000t}{section.0.5}% 15
\BOOKMARK [2][-]{subsection.0.5.2}{\376\377\000I\000m\000p\000l\000e\000m\000e\000n\000t\000a\000t\000i\000o\000n\000\040\000A\000p\000p\000r\000o\000a\000c\000h}{section.0.5}% 16
\BOOKMARK [1][-]{section.0.6}{\376\377\000C\000o\000m\000b\000i\000n\000e\000d\000\040\000A\000f\000f\000i\000n\000e\000\040\000T\000r\000a\000n\000s\000f\000o\000r\000m\000a\000t\000i\000o\000n}{}% 17
\BOOKMARK [2][-]{subsection.0.6.1}{\376\377\000C\000o\000d\000e\000\040\000S\000n\000i\000p\000p\000e\000t}{section.0.6}% 18
\BOOKMARK [2][-]{subsection.0.6.2}{\376\377\000I\000m\000p\000l\000e\000m\000e\000n\000t\000a\000t\000i\000o\000n\000\040\000A\000p\000p\000r\000o\000a\000c\000h}{section.0.6}% 19
\BOOKMARK [1][-]{Item.4}{\376\377\000D\000i\000s\000c\000u\000s\000s\000i\000o\000n\000\040\000a\000n\000d\000\040\000C\000o\000n\000c\000l\000u\000s\000i\000o\000n}{}% 20
