#! /c/Source/iverilog-install/bin/vvp
:ivl_version "12.0 (devel)" "(s20150603-1539-g2693dd32b)";
:ivl_delay_selection "TYPICAL";
:vpi_time_precision - 9;
:vpi_module "C:\iverilog\lib\ivl\system.vpi";
:vpi_module "C:\iverilog\lib\ivl\vhdl_sys.vpi";
:vpi_module "C:\iverilog\lib\ivl\vhdl_textio.vpi";
:vpi_module "C:\iverilog\lib\ivl\v2005_math.vpi";
:vpi_module "C:\iverilog\lib\ivl\va_math.vpi";
S_000001a4c1f6d650 .scope module, "adder4bit_tb" "adder4bit_tb" 2 3;
 .timescale -9 -9;
v000001a4c1fc3340_0 .var "A", 3 0;
v000001a4c1fc2c60_0 .var "B", 3 0;
v000001a4c1fc2e40_0 .var "Cin", 0 0;
v000001a4c1fc33e0_0 .net "Co", 0 0, L_000001a4c1f61f50;  1 drivers
v000001a4c1fc3480_0 .net "S", 3 0, L_000001a4c1f62c70;  1 drivers
v000001a4c1fc2d00_0 .var "clk", 0 0;
v000001a4c1fc3520_0 .var "en", 0 0;
v000001a4c1f62b30_0 .net "q", 3 0, v000001a4c1ead310_0;  1 drivers
v000001a4c1f62bd0_0 .var "reset", 0 0;
S_000001a4c1f6d7e0 .scope module, "circ" "adder4bit" 2 15, 3 1 0, S_000001a4c1f6d650;
 .timescale 0 0;
    .port_info 0 /INPUT 4 "A";
    .port_info 1 /INPUT 4 "B";
    .port_info 2 /INPUT 1 "Cin";
    .port_info 3 /INPUT 1 "clk";
    .port_info 4 /INPUT 1 "reset";
    .port_info 5 /INPUT 1 "en";
    .port_info 6 /OUTPUT 4 "S";
    .port_info 7 /OUTPUT 4 "q";
    .port_info 8 /OUTPUT 1 "Co";
v000001a4c1fc3020_0 .net "A", 3 0, v000001a4c1fc3340_0;  1 drivers
v000001a4c1fc2ee0_0 .net "B", 3 0, v000001a4c1fc2c60_0;  1 drivers
v000001a4c1fc35c0_0 .net "Cin", 0 0, v000001a4c1fc2e40_0;  1 drivers
v000001a4c1fc37a0_0 .net "Co", 0 0, L_000001a4c1f61f50;  alias, 1 drivers
v000001a4c1fc2940_0 .net "S", 3 0, L_000001a4c1f62c70;  alias, 1 drivers
v000001a4c1fc3660_0 .net *"_ivl_0", 4 0, L_000001a4c1f62950;  1 drivers
v000001a4c1fc29e0_0 .net *"_ivl_10", 4 0, L_000001a4c1f61410;  1 drivers
L_000001a4c1fc38f8 .functor BUFT 1, C4<0000>, C4<0>, C4<0>, C4<0>;
v000001a4c1fc2f80_0 .net *"_ivl_13", 3 0, L_000001a4c1fc38f8;  1 drivers
L_000001a4c1fc3868 .functor BUFT 1, C4<0>, C4<0>, C4<0>, C4<0>;
v000001a4c1fc30c0_0 .net *"_ivl_3", 0 0, L_000001a4c1fc3868;  1 drivers
v000001a4c1fc3700_0 .net *"_ivl_4", 4 0, L_000001a4c1f63030;  1 drivers
L_000001a4c1fc38b0 .functor BUFT 1, C4<0>, C4<0>, C4<0>, C4<0>;
v000001a4c1fc2a80_0 .net *"_ivl_7", 0 0, L_000001a4c1fc38b0;  1 drivers
v000001a4c1fc2b20_0 .net *"_ivl_8", 4 0, L_000001a4c1f62590;  1 drivers
v000001a4c1fc3160_0 .net "clk", 0 0, v000001a4c1fc2d00_0;  1 drivers
v000001a4c1fc3200_0 .net "en", 0 0, v000001a4c1fc3520_0;  1 drivers
v000001a4c1fc32a0_0 .net "q", 3 0, v000001a4c1ead310_0;  alias, 1 drivers
v000001a4c1fc2bc0_0 .net "reset", 0 0, v000001a4c1f62bd0_0;  1 drivers
v000001a4c1fc2da0_0 .net "result", 4 0, L_000001a4c1f617d0;  1 drivers
L_000001a4c1f62950 .concat [ 4 1 0 0], v000001a4c1fc3340_0, L_000001a4c1fc3868;
L_000001a4c1f63030 .concat [ 4 1 0 0], v000001a4c1fc2c60_0, L_000001a4c1fc38b0;
L_000001a4c1f62590 .arith/sum 5, L_000001a4c1f62950, L_000001a4c1f63030;
L_000001a4c1f61410 .concat [ 1 4 0 0], v000001a4c1fc2e40_0, L_000001a4c1fc38f8;
L_000001a4c1f617d0 .arith/sum 5, L_000001a4c1f62590, L_000001a4c1f61410;
L_000001a4c1f61f50 .part L_000001a4c1f617d0, 4, 1;
L_000001a4c1f62c70 .part L_000001a4c1f617d0, 0, 4;
S_000001a4c1ead180 .scope module, "circ" "register" 3 18, 4 1 0, S_000001a4c1f6d7e0;
 .timescale -9 -9;
    .port_info 0 /INPUT 1 "clk";
    .port_info 1 /INPUT 1 "reset";
    .port_info 2 /INPUT 1 "en";
    .port_info 3 /INPUT 4 "d";
    .port_info 4 /OUTPUT 4 "q";
v000001a4c1ea6c40_0 .net "clk", 0 0, v000001a4c1fc2d00_0;  alias, 1 drivers
v000001a4c1f6d970_0 .net "d", 3 0, L_000001a4c1f62c70;  alias, 1 drivers
v000001a4c1f6da10_0 .net "en", 0 0, v000001a4c1fc3520_0;  alias, 1 drivers
v000001a4c1ead310_0 .var "q", 3 0;
v000001a4c1ead3b0_0 .var "r_next", 3 0;
v000001a4c1ead450_0 .var "r_reg", 3 0;
v000001a4c1fc28a0_0 .net "reset", 0 0, v000001a4c1f62bd0_0;  alias, 1 drivers
E_000001a4c1eaa8c0 .event anyedge, v000001a4c1ead450_0;
E_000001a4c1eaac40 .event anyedge, v000001a4c1f6da10_0, v000001a4c1f6d970_0, v000001a4c1ead450_0;
E_000001a4c1eaaec0 .event posedge, v000001a4c1fc28a0_0, v000001a4c1ea6c40_0;
    .scope S_000001a4c1ead180;
T_0 ;
    %wait E_000001a4c1eaaec0;
    %load/vec4 v000001a4c1fc28a0_0;
    %flag_set/vec4 8;
    %jmp/0xz  T_0.0, 8;
    %pushi/vec4 0, 0, 4;
    %store/vec4 v000001a4c1ead450_0, 0, 4;
    %jmp T_0.1;
T_0.0 ;
    %load/vec4 v000001a4c1ead3b0_0;
    %store/vec4 v000001a4c1ead450_0, 0, 4;
T_0.1 ;
    %jmp T_0;
    .thread T_0;
    .scope S_000001a4c1ead180;
T_1 ;
    %wait E_000001a4c1eaac40;
    %load/vec4 v000001a4c1f6da10_0;
    %flag_set/vec4 8;
    %jmp/0xz  T_1.0, 8;
    %load/vec4 v000001a4c1f6d970_0;
    %store/vec4 v000001a4c1ead3b0_0, 0, 4;
    %jmp T_1.1;
T_1.0 ;
    %load/vec4 v000001a4c1ead450_0;
    %store/vec4 v000001a4c1ead3b0_0, 0, 4;
T_1.1 ;
    %jmp T_1;
    .thread T_1, $push;
    .scope S_000001a4c1ead180;
T_2 ;
    %wait E_000001a4c1eaa8c0;
    %load/vec4 v000001a4c1ead450_0;
    %store/vec4 v000001a4c1ead310_0, 0, 4;
    %jmp T_2;
    .thread T_2, $push;
    .scope S_000001a4c1f6d650;
T_3 ;
    %load/vec4 v000001a4c1fc2d00_0;
    %inv;
    %store/vec4 v000001a4c1fc2d00_0, 0, 1;
    %delay 10, 0;
    %jmp T_3;
    .thread T_3;
    .scope S_000001a4c1f6d650;
T_4 ;
    %vpi_call 2 22 "$dumpfile", "test1.vcd" {0 0 0};
    %vpi_call 2 23 "$dumpvars", 32'sb00000000000000000000000000000000, S_000001a4c1f6d650 {0 0 0};
    %pushi/vec4 0, 0, 1;
    %assign/vec4 v000001a4c1fc2d00_0, 0;
    %pushi/vec4 0, 0, 1;
    %assign/vec4 v000001a4c1fc3520_0, 0;
    %pushi/vec4 1, 0, 1;
    %assign/vec4 v000001a4c1f62bd0_0, 0;
    %pushi/vec4 0, 0, 1;
    %store/vec4 v000001a4c1fc2e40_0, 0, 1;
    %pushi/vec4 15, 0, 4;
    %store/vec4 v000001a4c1fc3340_0, 0, 4;
    %pushi/vec4 15, 0, 4;
    %store/vec4 v000001a4c1fc2c60_0, 0, 4;
    %delay 20, 0;
    %pushi/vec4 1, 0, 1;
    %assign/vec4 v000001a4c1fc3520_0, 0;
    %pushi/vec4 0, 0, 1;
    %assign/vec4 v000001a4c1f62bd0_0, 0;
    %delay 20, 0;
    %pushi/vec4 0, 0, 1;
    %store/vec4 v000001a4c1fc2e40_0, 0, 1;
    %pushi/vec4 1, 0, 4;
    %store/vec4 v000001a4c1fc3340_0, 0, 4;
    %pushi/vec4 1, 0, 4;
    %store/vec4 v000001a4c1fc2c60_0, 0, 4;
    %delay 20, 0;
    %pushi/vec4 0, 0, 1;
    %store/vec4 v000001a4c1fc2e40_0, 0, 1;
    %pushi/vec4 6, 0, 4;
    %store/vec4 v000001a4c1fc3340_0, 0, 4;
    %pushi/vec4 1, 0, 4;
    %store/vec4 v000001a4c1fc2c60_0, 0, 4;
    %delay 20, 0;
    %vpi_call 2 44 "$finish" {0 0 0};
    %end;
    .thread T_4;
    .scope S_000001a4c1f6d650;
T_5 ;
    %vpi_call 2 48 "$monitor", "clk=%b|reset=%b|en=%b|A=%b|B=%b|Cin=%b|d=%b|q=%b", v000001a4c1fc2d00_0, v000001a4c1f62bd0_0, v000001a4c1fc3520_0, v000001a4c1fc3340_0, v000001a4c1fc2c60_0, v000001a4c1fc2e40_0, v000001a4c1fc3480_0, v000001a4c1f62b30_0 {0 0 0};
    %end;
    .thread T_5;
# The file index is used to find the file name in the following table.
:file_names 5;
    "N/A";
    "<interactive>";
    "Adder4bit_tb.v";
    "Adder4bit.v";
    "reg.v";
