#! /c/Source/iverilog-install/bin/vvp
:ivl_version "12.0 (devel)" "(s20150603-1539-g2693dd32b)";
:ivl_delay_selection "TYPICAL";
:vpi_time_precision - 12;
:vpi_module "C:\iverilog\lib\ivl\system.vpi";
:vpi_module "C:\iverilog\lib\ivl\vhdl_sys.vpi";
:vpi_module "C:\iverilog\lib\ivl\vhdl_textio.vpi";
:vpi_module "C:\iverilog\lib\ivl\v2005_math.vpi";
:vpi_module "C:\iverilog\lib\ivl\va_math.vpi";
S_000001bba0e9af20 .scope module, "prEn_tb" "prEn_tb" 2 3;
 .timescale -9 -12;
v000001bba0e9b240_0 .net "a", 1 0, v000001bba0e97280_0;  1 drivers
v000001bba0e9b2e0_0 .var "y", 3 0;
S_000001bba0e9b0b0 .scope module, "Circuit" "prEn" 2 8, 3 1 0, S_000001bba0e9af20;
 .timescale 0 0;
    .port_info 0 /INPUT 4 "y";
    .port_info 1 /OUTPUT 2 "a";
v000001bba0e97280_0 .var "a", 1 0;
v000001bba0e975f0_0 .net "y", 3 0, v000001bba0e9b2e0_0;  1 drivers
E_000001bba0f45bf0 .event anyedge, v000001bba0e975f0_0;
    .scope S_000001bba0e9b0b0;
T_0 ;
    %wait E_000001bba0f45bf0;
    %load/vec4 v000001bba0e975f0_0;
    %cmpi/e 0, 0, 4;
    %jmp/0xz  T_0.0, 4;
    %pushi/vec4 0, 0, 2;
    %store/vec4 v000001bba0e97280_0, 0, 2;
    %jmp T_0.1;
T_0.0 ;
    %load/vec4 v000001bba0e975f0_0;
    %parti/s 1, 0, 2;
    %cmpi/e 1, 0, 1;
    %flag_get/vec4 4;
    %jmp/0 T_0.4, 4;
    %load/vec4 v000001bba0e975f0_0;
    %parti/s 3, 1, 2;
    %pushi/vec4 0, 0, 3;
    %cmp/e;
    %flag_get/vec4 4;
    %and;
T_0.4;
    %flag_set/vec4 8;
    %jmp/0xz  T_0.2, 8;
    %pushi/vec4 0, 0, 2;
    %store/vec4 v000001bba0e97280_0, 0, 2;
    %jmp T_0.3;
T_0.2 ;
    %load/vec4 v000001bba0e975f0_0;
    %parti/s 1, 1, 2;
    %cmpi/e 1, 0, 1;
    %flag_get/vec4 4;
    %jmp/0 T_0.7, 4;
    %load/vec4 v000001bba0e975f0_0;
    %parti/s 2, 2, 3;
    %pushi/vec4 0, 0, 2;
    %cmp/e;
    %flag_get/vec4 4;
    %and;
T_0.7;
    %flag_set/vec4 8;
    %jmp/0xz  T_0.5, 8;
    %pushi/vec4 1, 0, 2;
    %store/vec4 v000001bba0e97280_0, 0, 2;
    %jmp T_0.6;
T_0.5 ;
    %load/vec4 v000001bba0e975f0_0;
    %parti/s 1, 2, 3;
    %cmpi/e 1, 0, 1;
    %flag_get/vec4 4;
    %jmp/0 T_0.10, 4;
    %load/vec4 v000001bba0e975f0_0;
    %parti/s 1, 3, 3;
    %pushi/vec4 0, 0, 1;
    %cmp/e;
    %flag_get/vec4 4;
    %and;
T_0.10;
    %flag_set/vec4 8;
    %jmp/0xz  T_0.8, 8;
    %pushi/vec4 2, 0, 2;
    %store/vec4 v000001bba0e97280_0, 0, 2;
    %jmp T_0.9;
T_0.8 ;
    %load/vec4 v000001bba0e975f0_0;
    %parti/s 1, 3, 3;
    %cmpi/e 1, 0, 1;
    %jmp/0xz  T_0.11, 4;
    %pushi/vec4 3, 0, 2;
    %store/vec4 v000001bba0e97280_0, 0, 2;
T_0.11 ;
T_0.9 ;
T_0.6 ;
T_0.3 ;
T_0.1 ;
    %jmp T_0;
    .thread T_0, $push;
    .scope S_000001bba0e9af20;
T_1 ;
    %vpi_call 2 11 "$dumpfile", "test.vcd" {0 0 0};
    %vpi_call 2 12 "$dumpvars", 32'sb00000000000000000000000000000000, S_000001bba0e9af20 {0 0 0};
    %pushi/vec4 0, 0, 4;
    %store/vec4 v000001bba0e9b2e0_0, 0, 4;
    %delay 20000, 0;
    %pushi/vec4 1, 0, 4;
    %store/vec4 v000001bba0e9b2e0_0, 0, 4;
    %delay 20000, 0;
    %pushi/vec4 3, 1, 4;
    %store/vec4 v000001bba0e9b2e0_0, 0, 4;
    %delay 20000, 0;
    %pushi/vec4 7, 3, 4;
    %store/vec4 v000001bba0e9b2e0_0, 0, 4;
    %delay 20000, 0;
    %pushi/vec4 15, 7, 4;
    %store/vec4 v000001bba0e9b2e0_0, 0, 4;
    %delay 20000, 0;
    %pushi/vec4 11, 0, 4;
    %store/vec4 v000001bba0e9b2e0_0, 0, 4;
    %delay 40000, 0;
    %vpi_call 2 21 "$finish" {0 0 0};
    %end;
    .thread T_1;
    .scope S_000001bba0e9af20;
T_2 ;
    %vpi_call 2 25 "$monitor", "y3=%b|y2=%b|y1=%b|y0=%b|a1=%b|a0=%b", &PV<v000001bba0e9b2e0_0, 3, 1>, &PV<v000001bba0e9b2e0_0, 2, 1>, &PV<v000001bba0e9b2e0_0, 1, 1>, &PV<v000001bba0e9b2e0_0, 0, 1>, &PV<v000001bba0e9b240_0, 1, 1>, &PV<v000001bba0e9b240_0, 0, 1> {0 0 0};
    %end;
    .thread T_2;
# The file index is used to find the file name in the following table.
:file_names 4;
    "N/A";
    "<interactive>";
    "prEn_tb.v";
    "prEn.v";
