\BOOKMARK [1][-]{chapter*.2}{\376\377\000S\000p\000a\000t\000i\000a\000l\000\040\000F\000i\000l\000t\000e\000r\000i\000n\000g\000\040\000a\000n\000d\000\040\000E\000d\000g\000e\000\040\000D\000e\000t\000e\000c\000t\000i\000o\000n}{}% 1
\BOOKMARK [1][-]{chapter*.2}{\376\377\000H\000e\000l\000p\000e\000r\000\040\000F\000u\000n\000c\000t\000i\000o\000n\000s}{}% 2
\BOOKMARK [1][-]{section.0.1}{\376\377\000P\000r\000o\000b\000l\000e\000m\000\040\000\050\000a\000\051\000:\000\040\000M\000e\000a\000n\000\040\000\050\000B\000o\000x\000\051\000\040\000F\000i\000l\000t\000e\000r}{}% 3
\BOOKMARK [2][-]{subsection.0.1.1}{\376\377\000C\000o\000d\000e\000\040\000S\000n\000i\000p\000p\000e\000t}{section.0.1}% 4
\BOOKMARK [2][-]{subsection.0.1.2}{\376\377\000I\000m\000p\000l\000e\000m\000e\000n\000t\000a\000t\000i\000o\000n\000\040\000A\000p\000p\000r\000o\000a\000c\000h}{section.0.1}% 5
\BOOKMARK [2][-]{subsection.0.1.3}{\376\377\000O\000u\000t\000p\000u\000t\000\040\000F\000i\000g\000u\000r\000e}{section.0.1}% 6
\BOOKMARK [1][-]{section.0.2}{\376\377\000P\000r\000o\000b\000l\000e\000m\000\040\000\050\000b\000\051\000:\000\040\000W\000e\000i\000g\000h\000t\000e\000d\000\040\000A\000v\000e\000r\000a\000g\000e\000\040\000F\000i\000l\000t\000e\000r}{}% 7
\BOOKMARK [2][-]{subsection.0.2.1}{\376\377\000C\000o\000d\000e\000\040\000S\000n\000i\000p\000p\000e\000t}{section.0.2}% 8
\BOOKMARK [2][-]{subsection.0.2.2}{\376\377\000I\000m\000p\000l\000e\000m\000e\000n\000t\000a\000t\000i\000o\000n\000\040\000A\000p\000p\000r\000o\000a\000c\000h}{section.0.2}% 9
\BOOKMARK [2][-]{subsection.0.2.3}{\376\377\000O\000u\000t\000p\000u\000t\000\040\000F\000i\000g\000u\000r\000e}{section.0.2}% 10
\BOOKMARK [1][-]{section.0.3}{\376\377\000P\000r\000o\000b\000l\000e\000m\000\040\000\050\000c\000\051\000:\000\040\000M\000e\000d\000i\000a\000n\000\040\000F\000i\000l\000t\000e\000r}{}% 11
\BOOKMARK [2][-]{subsection.0.3.1}{\376\377\000C\000o\000d\000e\000\040\000S\000n\000i\000p\000p\000e\000t}{section.0.3}% 12
\BOOKMARK [2][-]{subsection.0.3.2}{\376\377\000I\000m\000p\000l\000e\000m\000e\000n\000t\000a\000t\000i\000o\000n\000\040\000A\000p\000p\000r\000o\000a\000c\000h}{section.0.3}% 13
\BOOKMARK [2][-]{subsection.0.3.3}{\376\377\000O\000u\000t\000p\000u\000t\000\040\000F\000i\000g\000u\000r\000e}{section.0.3}% 14
\BOOKMARK [1][-]{section.0.4}{\376\377\000P\000r\000o\000b\000l\000e\000m\000\040\000\050\000d\000\051\000:\000\040\000M\000i\000n\000\040\000a\000n\000d\000\040\000M\000a\000x\000\040\000F\000i\000l\000t\000e\000r\000s}{}% 15
\BOOKMARK [2][-]{subsection.0.4.1}{\376\377\000C\000o\000d\000e\000\040\000S\000n\000i\000p\000p\000e\000t}{section.0.4}% 16
\BOOKMARK [2][-]{subsection.0.4.2}{\376\377\000I\000m\000p\000l\000e\000m\000e\000n\000t\000a\000t\000i\000o\000n\000\040\000A\000p\000p\000r\000o\000a\000c\000h}{section.0.4}% 17
\BOOKMARK [2][-]{subsection.0.4.3}{\376\377\000O\000u\000t\000p\000u\000t\000\040\000F\000i\000g\000u\000r\000e}{section.0.4}% 18
\BOOKMARK [1][-]{section.0.5}{\376\377\000P\000r\000o\000b\000l\000e\000m\000\040\000\050\000e\000\051\000:\000\040\000L\000a\000p\000l\000a\000c\000i\000a\000n\000\040\000F\000i\000l\000t\000e\000r}{}% 19
\BOOKMARK [2][-]{subsection.0.5.1}{\376\377\000C\000o\000d\000e\000\040\000S\000n\000i\000p\000p\000e\000t}{section.0.5}% 20
\BOOKMARK [2][-]{subsection.0.5.2}{\376\377\000I\000m\000p\000l\000e\000m\000e\000n\000t\000a\000t\000i\000o\000n\000\040\000A\000p\000p\000r\000o\000a\000c\000h}{section.0.5}% 21
\BOOKMARK [2][-]{subsection.0.5.3}{\376\377\000O\000u\000t\000p\000u\000t\000\040\000F\000i\000g\000u\000r\000e}{section.0.5}% 22
\BOOKMARK [1][-]{section.0.6}{\376\377\000P\000r\000o\000b\000l\000e\000m\000\040\000\050\000f\000\051\000:\000\040\000U\000n\000s\000h\000a\000r\000p\000\040\000M\000a\000s\000k\000i\000n\000g}{}% 23
\BOOKMARK [2][-]{subsection.0.6.1}{\376\377\000C\000o\000d\000e\000\040\000S\000n\000i\000p\000p\000e\000t}{section.0.6}% 24
\BOOKMARK [2][-]{subsection.0.6.2}{\376\377\000I\000m\000p\000l\000e\000m\000e\000n\000t\000a\000t\000i\000o\000n\000\040\000A\000p\000p\000r\000o\000a\000c\000h}{section.0.6}% 25
\BOOKMARK [2][-]{subsection.0.6.3}{\376\377\000O\000u\000t\000p\000u\000t\000\040\000F\000i\000g\000u\000r\000e}{section.0.6}% 26
\BOOKMARK [1][-]{section.0.7}{\376\377\000P\000r\000o\000b\000l\000e\000m\000\040\000\050\000g\000\051\000:\000\040\000H\000i\000g\000h\000-\000B\000o\000o\000s\000t\000\040\000F\000i\000l\000t\000e\000r\000i\000n\000g}{}% 27
\BOOKMARK [2][-]{subsection.0.7.1}{\376\377\000C\000o\000d\000e\000\040\000S\000n\000i\000p\000p\000e\000t}{section.0.7}% 28
\BOOKMARK [2][-]{subsection.0.7.2}{\376\377\000I\000m\000p\000l\000e\000m\000e\000n\000t\000a\000t\000i\000o\000n\000\040\000A\000p\000p\000r\000o\000a\000c\000h}{section.0.7}% 29
\BOOKMARK [2][-]{subsection.0.7.3}{\376\377\000O\000u\000t\000p\000u\000t\000\040\000F\000i\000g\000u\000r\000e}{section.0.7}% 30
\BOOKMARK [1][-]{section.0.8}{\376\377\000P\000r\000o\000b\000l\000e\000m\000\040\000\050\000h\000\051\000:\000\040\000L\000a\000p\000l\000a\000c\000i\000a\000n\000-\000b\000a\000s\000e\000d\000\040\000S\000h\000a\000r\000p\000e\000n\000i\000n\000g}{}% 31
\BOOKMARK [2][-]{subsection.0.8.1}{\376\377\000C\000o\000d\000e\000\040\000S\000n\000i\000p\000p\000e\000t}{section.0.8}% 32
\BOOKMARK [2][-]{subsection.0.8.2}{\376\377\000I\000m\000p\000l\000e\000m\000e\000n\000t\000a\000t\000i\000o\000n\000\040\000A\000p\000p\000r\000o\000a\000c\000h}{section.0.8}% 33
\BOOKMARK [2][-]{subsection.0.8.3}{\376\377\000O\000u\000t\000p\000u\000t\000\040\000F\000i\000g\000u\000r\000e}{section.0.8}% 34
\BOOKMARK [1][-]{section.0.9}{\376\377\000P\000r\000o\000b\000l\000e\000m\000\040\000\050\000i\000\051\000:\000\040\000S\000o\000b\000e\000l\000\040\000E\000d\000g\000e\000\040\000D\000e\000t\000e\000c\000t\000i\000o\000n}{}% 35
\BOOKMARK [2][-]{subsection.0.9.1}{\376\377\000C\000o\000d\000e\000\040\000S\000n\000i\000p\000p\000e\000t}{section.0.9}% 36
\BOOKMARK [2][-]{subsection.0.9.2}{\376\377\000I\000m\000p\000l\000e\000m\000e\000n\000t\000a\000t\000i\000o\000n\000\040\000A\000p\000p\000r\000o\000a\000c\000h}{section.0.9}% 37
\BOOKMARK [2][-]{subsection.0.9.3}{\376\377\000O\000u\000t\000p\000u\000t\000\040\000F\000i\000g\000u\000r\000e}{section.0.9}% 38
\BOOKMARK [1][-]{figure.caption.11}{\376\377\000O\000v\000e\000r\000a\000l\000l\000\040\000D\000i\000s\000c\000u\000s\000s\000i\000o\000n\000\040\000a\000n\000d\000\040\000C\000o\000n\000c\000l\000u\000s\000i\000o\000n}{}% 39
