This is pdfTeX, Version 3.141592653-2.6-1.40.27 (TeX Live 2025) (preloaded format=pdflatex 2025.10.11)  27 OCT 2025 21:26
entering extended mode
 restricted \write18 enabled.
 file:line:error style messages enabled.
 %&-line parsing enabled.
**/Users/sajid/Movies/Lab_Repository/CSE_4110/Final_Report/report.tex
(/Users/sajid/Movies/Lab_Repository/CSE_4110/Final_Report/report.tex
LaTeX2e <2024-11-01> patch level 2
L3 programming layer <2025-01-18>
(/usr/local/texlive/2025/texmf-dist/tex/latex/base/article.cls
Document Class: article 2024/06/29 v1.4n Standard LaTeX document class
(/usr/local/texlive/2025/texmf-dist/tex/latex/base/size12.clo
File: size12.clo 2024/06/29 v1.4n Standard LaTeX file (size option)
)
\c@part=\count196
\c@section=\count197
\c@subsection=\count198
\c@subsubsection=\count199
\c@paragraph=\count266
\c@subparagraph=\count267
\c@figure=\count268
\c@table=\count269
\abovecaptionskip=\skip49
\belowcaptionskip=\skip50
\bibindent=\dimen141
) (/usr/local/texlive/2025/texmf-dist/tex/latex/tools/array.sty
Package: array 2024/10/17 v2.6g Tabular extension package (FMi)
\col@sep=\dimen142
\ar@mcellbox=\box52
\extrarowheight=\dimen143
\NC@list=\toks17
\extratabsurround=\skip51
\backup@length=\skip52
\ar@cellbox=\box53
) (/usr/local/texlive/2025/texmf-dist/tex/latex/geometry/geometry.sty
Package: geometry 2020/01/02 v5.9 Page Geometry
 (/usr/local/texlive/2025/texmf-dist/tex/latex/graphics/keyval.sty
Package: keyval 2022/05/29 v1.15 key=value parser (DPC)
\KV@toks@=\toks18
) (/usr/local/texlive/2025/texmf-dist/tex/generic/iftex/ifvtex.sty
Package: ifvtex 2019/10/25 v1.7 ifvtex legacy package. Use iftex instead.
 (/usr/local/texlive/2025/texmf-dist/tex/generic/iftex/iftex.sty
Package: iftex 2024/12/12 v1.0g TeX engine tests
))
\Gm@cnth=\count270
\Gm@cntv=\count271
\c@Gm@tempcnt=\count272
\Gm@bindingoffset=\dimen144
\Gm@wd@mp=\dimen145
\Gm@odd@mp=\dimen146
\Gm@even@mp=\dimen147
\Gm@layoutwidth=\dimen148
\Gm@layoutheight=\dimen149
\Gm@layouthoffset=\dimen150
\Gm@layoutvoffset=\dimen151
\Gm@dimlist=\toks19
) (/usr/local/texlive/2025/texmf-dist/tex/latex/graphics/graphicx.sty
Package: graphicx 2021/09/16 v1.2d Enhanced LaTeX Graphics (DPC,SPQR)
 (/usr/local/texlive/2025/texmf-dist/tex/latex/graphics/graphics.sty
Package: graphics 2024/08/06 v1.4g Standard LaTeX Graphics (DPC,SPQR)
 (/usr/local/texlive/2025/texmf-dist/tex/latex/graphics/trig.sty
Package: trig 2023/12/02 v1.11 sin cos tan (DPC)
) (/usr/local/texlive/2025/texmf-dist/tex/latex/graphics-cfg/graphics.cfg
File: graphics.cfg 2016/06/04 v1.11 sample graphics configuration
)
Package graphics Info: Driver file: pdftex.def on input line 106.
 (/usr/local/texlive/2025/texmf-dist/tex/latex/graphics-def/pdftex.def
File: pdftex.def 2024/04/13 v1.2c Graphics/color driver for pdftex
))
\Gin@req@height=\dimen152
\Gin@req@width=\dimen153
) (/usr/local/texlive/2025/texmf-dist/tex/latex/fancyhdr/fancyhdr.sty
Package: fancyhdr 2025/02/07 v5.2 Extensive control of page headers and footers
\f@nch@headwidth=\skip53
\f@nch@offset@elh=\skip54
\f@nch@offset@erh=\skip55
\f@nch@offset@olh=\skip56
\f@nch@offset@orh=\skip57
\f@nch@offset@elf=\skip58
\f@nch@offset@erf=\skip59
\f@nch@offset@olf=\skip60
\f@nch@offset@orf=\skip61
\f@nch@height=\skip62
\f@nch@footalignment=\skip63
\f@nch@widthL=\skip64
\f@nch@widthC=\skip65
\f@nch@widthR=\skip66
\@temptokenb=\toks20
) (/usr/local/texlive/2025/texmf-dist/tex/latex/amsmath/amsmath.sty
Package: amsmath 2024/11/05 v2.17t AMS math features
\@mathmargin=\skip67

For additional information on amsmath, use the `?' option.
(/usr/local/texlive/2025/texmf-dist/tex/latex/amsmath/amstext.sty
Package: amstext 2021/08/26 v2.01 AMS text
 (/usr/local/texlive/2025/texmf-dist/tex/latex/amsmath/amsgen.sty
File: amsgen.sty 1999/11/30 v2.0 generic functions
\@emptytoks=\toks21
\ex@=\dimen154
)) (/usr/local/texlive/2025/texmf-dist/tex/latex/amsmath/amsbsy.sty
Package: amsbsy 1999/11/29 v1.2d Bold Symbols
\pmbraise@=\dimen155
) (/usr/local/texlive/2025/texmf-dist/tex/latex/amsmath/amsopn.sty
Package: amsopn 2022/04/08 v2.04 operator names
)
\inf@bad=\count273
LaTeX Info: Redefining \frac on input line 233.
\uproot@=\count274
\leftroot@=\count275
LaTeX Info: Redefining \overline on input line 398.
LaTeX Info: Redefining \colon on input line 409.
\classnum@=\count276
\DOTSCASE@=\count277
LaTeX Info: Redefining \ldots on input line 495.
LaTeX Info: Redefining \dots on input line 498.
LaTeX Info: Redefining \cdots on input line 619.
\Mathstrutbox@=\box54
\strutbox@=\box55
LaTeX Info: Redefining \big on input line 721.
LaTeX Info: Redefining \Big on input line 722.
LaTeX Info: Redefining \bigg on input line 723.
LaTeX Info: Redefining \Bigg on input line 724.
\big@size=\dimen156
LaTeX Font Info:    Redeclaring font encoding OML on input line 742.
LaTeX Font Info:    Redeclaring font encoding OMS on input line 743.
\macc@depth=\count278
LaTeX Info: Redefining \bmod on input line 904.
LaTeX Info: Redefining \pmod on input line 909.
LaTeX Info: Redefining \smash on input line 939.
LaTeX Info: Redefining \relbar on input line 969.
LaTeX Info: Redefining \Relbar on input line 970.
\c@MaxMatrixCols=\count279
\dotsspace@=\muskip17
\c@parentequation=\count280
\dspbrk@lvl=\count281
\tag@help=\toks22
\row@=\count282
\column@=\count283
\maxfields@=\count284
\andhelp@=\toks23
\eqnshift@=\dimen157
\alignsep@=\dimen158
\tagshift@=\dimen159
\tagwidth@=\dimen160
\totwidth@=\dimen161
\lineht@=\dimen162
\@envbody=\toks24
\multlinegap=\skip68
\multlinetaggap=\skip69
\mathdisplay@stack=\toks25
LaTeX Info: Redefining \[ on input line 2953.
LaTeX Info: Redefining \] on input line 2954.
) (/usr/local/texlive/2025/texmf-dist/tex/latex/amsfonts/amsfonts.sty
Package: amsfonts 2013/01/14 v3.01 Basic AMSFonts support
\symAMSa=\mathgroup4
\symAMSb=\mathgroup5
LaTeX Font Info:    Redeclaring math symbol \hbar on input line 98.
LaTeX Font Info:    Overwriting math alphabet `\mathfrak' in version `bold'
(Font)                  U/euf/m/n --> U/euf/b/n on input line 106.
) (/usr/local/texlive/2025/texmf-dist/tex/latex/amsfonts/amssymb.sty
Package: amssymb 2013/01/14 v3.01 AMS font symbols
) (/usr/local/texlive/2025/texmf-dist/tex/latex/graphics/color.sty
Package: color 2024/06/23 v1.3e Standard LaTeX Color (DPC)
 (/usr/local/texlive/2025/texmf-dist/tex/latex/graphics-cfg/color.cfg
File: color.cfg 2016/01/02 v1.6 sample color configuration
)
Package color Info: Driver file: pdftex.def on input line 149.
 (/usr/local/texlive/2025/texmf-dist/tex/latex/graphics/mathcolor.ltx)) (/usr/local/texlive/2025/texmf-dist/tex/latex/hyperref/hyperref.sty
Package: hyperref 2024-11-05 v7.01l Hypertext links for LaTeX
 (/usr/local/texlive/2025/texmf-dist/tex/latex/kvsetkeys/kvsetkeys.sty
Package: kvsetkeys 2022-10-05 v1.19 Key value parser (HO)
) (/usr/local/texlive/2025/texmf-dist/tex/generic/kvdefinekeys/kvdefinekeys.sty
Package: kvdefinekeys 2019-12-19 v1.6 Define keys (HO)
) (/usr/local/texlive/2025/texmf-dist/tex/generic/pdfescape/pdfescape.sty
Package: pdfescape 2019/12/09 v1.15 Implements pdfTeX's escape features (HO)
 (/usr/local/texlive/2025/texmf-dist/tex/generic/ltxcmds/ltxcmds.sty
Package: ltxcmds 2023-12-04 v1.26 LaTeX kernel commands for general use (HO)
) (/usr/local/texlive/2025/texmf-dist/tex/generic/pdftexcmds/pdftexcmds.sty
Package: pdftexcmds 2020-06-27 v0.33 Utility functions of pdfTeX for LuaTeX (HO)
 (/usr/local/texlive/2025/texmf-dist/tex/generic/infwarerr/infwarerr.sty
Package: infwarerr 2019/12/03 v1.5 Providing info/warning/error messages (HO)
)
Package pdftexcmds Info: \pdf@primitive is available.
Package pdftexcmds Info: \pdf@ifprimitive is available.
Package pdftexcmds Info: \pdfdraftmode found.
)) (/usr/local/texlive/2025/texmf-dist/tex/latex/hycolor/hycolor.sty
Package: hycolor 2020-01-27 v1.10 Color options for hyperref/bookmark (HO)
) (/usr/local/texlive/2025/texmf-dist/tex/latex/hyperref/nameref.sty
Package: nameref 2023-11-26 v2.56 Cross-referencing by name of section
 (/usr/local/texlive/2025/texmf-dist/tex/latex/refcount/refcount.sty
Package: refcount 2019/12/15 v3.6 Data extraction from label references (HO)
) (/usr/local/texlive/2025/texmf-dist/tex/generic/gettitlestring/gettitlestring.sty
Package: gettitlestring 2019/12/15 v1.6 Cleanup title references (HO)
 (/usr/local/texlive/2025/texmf-dist/tex/latex/kvoptions/kvoptions.sty
Package: kvoptions 2022-06-15 v3.15 Key value format for package options (HO)
))
\c@section@level=\count285
) (/usr/local/texlive/2025/texmf-dist/tex/latex/etoolbox/etoolbox.sty
Package: etoolbox 2025/02/11 v2.5l e-TeX tools for LaTeX (JAW)
\etb@tempcnta=\count286
) (/usr/local/texlive/2025/texmf-dist/tex/generic/stringenc/stringenc.sty
Package: stringenc 2019/11/29 v1.12 Convert strings between diff. encodings (HO)
)
\@linkdim=\dimen163
\Hy@linkcounter=\count287
\Hy@pagecounter=\count288
 (/usr/local/texlive/2025/texmf-dist/tex/latex/hyperref/pd1enc.def
File: pd1enc.def 2024-11-05 v7.01l Hyperref: PDFDocEncoding definition (HO)
Now handling font encoding PD1 ...
... no UTF-8 mapping file for font encoding PD1
) (/usr/local/texlive/2025/texmf-dist/tex/generic/intcalc/intcalc.sty
Package: intcalc 2019/12/15 v1.3 Expandable calculations with integers (HO)
)
\Hy@SavedSpaceFactor=\count289
 (/usr/local/texlive/2025/texmf-dist/tex/latex/hyperref/puenc.def
File: puenc.def 2024-11-05 v7.01l Hyperref: PDF Unicode definition (HO)
Now handling font encoding PU ...
... no UTF-8 mapping file for font encoding PU
)
Package hyperref Info: Hyper figures OFF on input line 4157.
Package hyperref Info: Link nesting OFF on input line 4162.
Package hyperref Info: Hyper index ON on input line 4165.
Package hyperref Info: Plain pages OFF on input line 4172.
Package hyperref Info: Backreferencing OFF on input line 4177.
Package hyperref Info: Implicit mode ON; LaTeX internals redefined.
Package hyperref Info: Bookmarks ON on input line 4424.
\c@Hy@tempcnt=\count290
 (/usr/local/texlive/2025/texmf-dist/tex/latex/url/url.sty
\Urlmuskip=\muskip18
Package: url 2013/09/16  ver 3.4  Verb mode for urls, etc.
)
LaTeX Info: Redefining \url on input line 4763.
\XeTeXLinkMargin=\dimen164
 (/usr/local/texlive/2025/texmf-dist/tex/generic/bitset/bitset.sty
Package: bitset 2019/12/09 v1.3 Handle bit-vector datatype (HO)
 (/usr/local/texlive/2025/texmf-dist/tex/generic/bigintcalc/bigintcalc.sty
Package: bigintcalc 2019/12/15 v1.5 Expandable calculations on big integers (HO)
))
\Fld@menulength=\count291
\Field@Width=\dimen165
\Fld@charsize=\dimen166
Package hyperref Info: Hyper figures OFF on input line 6042.
Package hyperref Info: Link nesting OFF on input line 6047.
Package hyperref Info: Hyper index ON on input line 6050.
Package hyperref Info: backreferencing OFF on input line 6057.
Package hyperref Info: Link coloring OFF on input line 6062.
Package hyperref Info: Link coloring with OCG OFF on input line 6067.
Package hyperref Info: PDF/A mode OFF on input line 6072.
 (/usr/local/texlive/2025/texmf-dist/tex/latex/base/atbegshi-ltx.sty
Package: atbegshi-ltx 2021/01/10 v1.0c Emulation of the original atbegshi
package with kernel methods
)
\Hy@abspage=\count292
\c@Item=\count293
\c@Hfootnote=\count294
)
Package hyperref Info: Driver (autodetected): hpdftex.
 (/usr/local/texlive/2025/texmf-dist/tex/latex/hyperref/hpdftex.def
File: hpdftex.def 2024-11-05 v7.01l Hyperref driver for pdfTeX
 (/usr/local/texlive/2025/texmf-dist/tex/latex/base/atveryend-ltx.sty
Package: atveryend-ltx 2020/08/19 v1.0a Emulation of the original atveryend package
with kernel methods
)
\Fld@listcount=\count295
\c@bookmark@seq@number=\count296
 (/usr/local/texlive/2025/texmf-dist/tex/latex/rerunfilecheck/rerunfilecheck.sty
Package: rerunfilecheck 2022-07-10 v1.10 Rerun checks for auxiliary files (HO)
 (/usr/local/texlive/2025/texmf-dist/tex/generic/uniquecounter/uniquecounter.sty
Package: uniquecounter 2019/12/15 v1.4 Provide unlimited unique counter (HO)
)
Package uniquecounter Info: New unique counter `rerunfilecheck' on input line 285.
)
\Hy@SectionHShift=\skip70
) (/usr/local/texlive/2025/texmf-dist/tex/latex/pgf/frontendlayer/tikz.sty (/usr/local/texlive/2025/texmf-dist/tex/latex/pgf/basiclayer/pgf.sty (/usr/local/texlive/2025/texmf-dist/tex/latex/pgf/utilities/pgfrcs.sty (/usr/local/texlive/2025/texmf-dist/tex/generic/pgf/utilities/pgfutil-common.tex
\pgfutil@everybye=\toks26
\pgfutil@tempdima=\dimen167
\pgfutil@tempdimb=\dimen168
) (/usr/local/texlive/2025/texmf-dist/tex/generic/pgf/utilities/pgfutil-latex.def
\pgfutil@abb=\box56
) (/usr/local/texlive/2025/texmf-dist/tex/generic/pgf/utilities/pgfrcs.code.tex (/usr/local/texlive/2025/texmf-dist/tex/generic/pgf/pgf.revision.tex)
Package: pgfrcs 2023-01-15 v3.1.10 (3.1.10)
))
Package: pgf 2023-01-15 v3.1.10 (3.1.10)
 (/usr/local/texlive/2025/texmf-dist/tex/latex/pgf/basiclayer/pgfcore.sty (/usr/local/texlive/2025/texmf-dist/tex/latex/pgf/systemlayer/pgfsys.sty (/usr/local/texlive/2025/texmf-dist/tex/generic/pgf/systemlayer/pgfsys.code.tex
Package: pgfsys 2023-01-15 v3.1.10 (3.1.10)
 (/usr/local/texlive/2025/texmf-dist/tex/generic/pgf/utilities/pgfkeys.code.tex
\pgfkeys@pathtoks=\toks27
\pgfkeys@temptoks=\toks28
 (/usr/local/texlive/2025/texmf-dist/tex/generic/pgf/utilities/pgfkeyslibraryfiltered.code.tex
\pgfkeys@tmptoks=\toks29
))
\pgf@x=\dimen169
\pgf@y=\dimen170
\pgf@xa=\dimen171
\pgf@ya=\dimen172
\pgf@xb=\dimen173
\pgf@yb=\dimen174
\pgf@xc=\dimen175
\pgf@yc=\dimen176
\pgf@xd=\dimen177
\pgf@yd=\dimen178
\w@pgf@writea=\write3
\r@pgf@reada=\read2
\c@pgf@counta=\count297
\c@pgf@countb=\count298
\c@pgf@countc=\count299
\c@pgf@countd=\count300
\t@pgf@toka=\toks30
\t@pgf@tokb=\toks31
\t@pgf@tokc=\toks32
\pgf@sys@id@count=\count301
 (/usr/local/texlive/2025/texmf-dist/tex/generic/pgf/systemlayer/pgf.cfg
File: pgf.cfg 2023-01-15 v3.1.10 (3.1.10)
)
Driver file for pgf: pgfsys-pdftex.def
 (/usr/local/texlive/2025/texmf-dist/tex/generic/pgf/systemlayer/pgfsys-pdftex.def
File: pgfsys-pdftex.def 2023-01-15 v3.1.10 (3.1.10)
 (/usr/local/texlive/2025/texmf-dist/tex/generic/pgf/systemlayer/pgfsys-common-pdf.def
File: pgfsys-common-pdf.def 2023-01-15 v3.1.10 (3.1.10)
))) (/usr/local/texlive/2025/texmf-dist/tex/generic/pgf/systemlayer/pgfsyssoftpath.code.tex
File: pgfsyssoftpath.code.tex 2023-01-15 v3.1.10 (3.1.10)
\pgfsyssoftpath@smallbuffer@items=\count302
\pgfsyssoftpath@bigbuffer@items=\count303
) (/usr/local/texlive/2025/texmf-dist/tex/generic/pgf/systemlayer/pgfsysprotocol.code.tex
File: pgfsysprotocol.code.tex 2023-01-15 v3.1.10 (3.1.10)
)) (/usr/local/texlive/2025/texmf-dist/tex/latex/xcolor/xcolor.sty
Package: xcolor 2024/09/29 v3.02 LaTeX color extensions (UK)
 (/usr/local/texlive/2025/texmf-dist/tex/latex/graphics-cfg/color.cfg
File: color.cfg 2016/01/02 v1.6 sample color configuration
)
Package xcolor Info: Driver file: pdftex.def on input line 274.
LaTeX Info: Redefining \color on input line 762.
 (/usr/local/texlive/2025/texmf-dist/tex/latex/graphics/mathcolor.ltx)
Package xcolor Info: Model `cmy' substituted by `cmy0' on input line 1349.
Package xcolor Info: Model `hsb' substituted by `rgb' on input line 1353.
Package xcolor Info: Model `RGB' extended on input line 1365.
Package xcolor Info: Model `HTML' substituted by `rgb' on input line 1367.
Package xcolor Info: Model `Hsb' substituted by `hsb' on input line 1368.
Package xcolor Info: Model `tHsb' substituted by `hsb' on input line 1369.
Package xcolor Info: Model `HSB' substituted by `hsb' on input line 1370.
Package xcolor Info: Model `Gray' substituted by `gray' on input line 1371.
Package xcolor Info: Model `wave' substituted by `hsb' on input line 1372.
) (/usr/local/texlive/2025/texmf-dist/tex/generic/pgf/basiclayer/pgfcore.code.tex
Package: pgfcore 2023-01-15 v3.1.10 (3.1.10)
 (/usr/local/texlive/2025/texmf-dist/tex/generic/pgf/math/pgfmath.code.tex (/usr/local/texlive/2025/texmf-dist/tex/generic/pgf/math/pgfmathutil.code.tex) (/usr/local/texlive/2025/texmf-dist/tex/generic/pgf/math/pgfmathparser.code.tex
\pgfmath@dimen=\dimen179
\pgfmath@count=\count304
\pgfmath@box=\box57
\pgfmath@toks=\toks33
\pgfmath@stack@operand=\toks34
\pgfmath@stack@operation=\toks35
) (/usr/local/texlive/2025/texmf-dist/tex/generic/pgf/math/pgfmathfunctions.code.tex) (/usr/local/texlive/2025/texmf-dist/tex/generic/pgf/math/pgfmathfunctions.basic.code.tex) (/usr/local/texlive/2025/texmf-dist/tex/generic/pgf/math/pgfmathfunctions.trigonometric.code.tex) (/usr/local/texlive/2025/texmf-dist/tex/generic/pgf/math/pgfmathfunctions.random.code.tex) (/usr/local/texlive/2025/texmf-dist/tex/generic/pgf/math/pgfmathfunctions.comparison.code.tex) (/usr/local/texlive/2025/texmf-dist/tex/generic/pgf/math/pgfmathfunctions.base.code.tex) (/usr/local/texlive/2025/texmf-dist/tex/generic/pgf/math/pgfmathfunctions.round.code.tex) (/usr/local/texlive/2025/texmf-dist/tex/generic/pgf/math/pgfmathfunctions.misc.code.tex) (/usr/local/texlive/2025/texmf-dist/tex/generic/pgf/math/pgfmathfunctions.integerarithmetics.code.tex) (/usr/local/texlive/2025/texmf-dist/tex/generic/pgf/math/pgfmathcalc.code.tex) (/usr/local/texlive/2025/texmf-dist/tex/generic/pgf/math/pgfmathfloat.code.tex
\c@pgfmathroundto@lastzeros=\count305
)) (/usr/local/texlive/2025/texmf-dist/tex/generic/pgf/math/pgfint.code.tex) (/usr/local/texlive/2025/texmf-dist/tex/generic/pgf/basiclayer/pgfcorepoints.code.tex
File: pgfcorepoints.code.tex 2023-01-15 v3.1.10 (3.1.10)
\pgf@picminx=\dimen180
\pgf@picmaxx=\dimen181
\pgf@picminy=\dimen182
\pgf@picmaxy=\dimen183
\pgf@pathminx=\dimen184
\pgf@pathmaxx=\dimen185
\pgf@pathminy=\dimen186
\pgf@pathmaxy=\dimen187
\pgf@xx=\dimen188
\pgf@xy=\dimen189
\pgf@yx=\dimen190
\pgf@yy=\dimen191
\pgf@zx=\dimen192
\pgf@zy=\dimen193
) (/usr/local/texlive/2025/texmf-dist/tex/generic/pgf/basiclayer/pgfcorepathconstruct.code.tex
File: pgfcorepathconstruct.code.tex 2023-01-15 v3.1.10 (3.1.10)
\pgf@path@lastx=\dimen194
\pgf@path@lasty=\dimen195
) (/usr/local/texlive/2025/texmf-dist/tex/generic/pgf/basiclayer/pgfcorepathusage.code.tex
File: pgfcorepathusage.code.tex 2023-01-15 v3.1.10 (3.1.10)
\pgf@shorten@end@additional=\dimen196
\pgf@shorten@start@additional=\dimen197
) (/usr/local/texlive/2025/texmf-dist/tex/generic/pgf/basiclayer/pgfcorescopes.code.tex
File: pgfcorescopes.code.tex 2023-01-15 v3.1.10 (3.1.10)
\pgfpic=\box58
\pgf@hbox=\box59
\pgf@layerbox@main=\box60
\pgf@picture@serial@count=\count306
) (/usr/local/texlive/2025/texmf-dist/tex/generic/pgf/basiclayer/pgfcoregraphicstate.code.tex
File: pgfcoregraphicstate.code.tex 2023-01-15 v3.1.10 (3.1.10)
\pgflinewidth=\dimen198
) (/usr/local/texlive/2025/texmf-dist/tex/generic/pgf/basiclayer/pgfcoretransformations.code.tex
File: pgfcoretransformations.code.tex 2023-01-15 v3.1.10 (3.1.10)
\pgf@pt@x=\dimen199
\pgf@pt@y=\dimen256
\pgf@pt@temp=\dimen257
) (/usr/local/texlive/2025/texmf-dist/tex/generic/pgf/basiclayer/pgfcorequick.code.tex
File: pgfcorequick.code.tex 2023-01-15 v3.1.10 (3.1.10)
) (/usr/local/texlive/2025/texmf-dist/tex/generic/pgf/basiclayer/pgfcoreobjects.code.tex
File: pgfcoreobjects.code.tex 2023-01-15 v3.1.10 (3.1.10)
) (/usr/local/texlive/2025/texmf-dist/tex/generic/pgf/basiclayer/pgfcorepathprocessing.code.tex
File: pgfcorepathprocessing.code.tex 2023-01-15 v3.1.10 (3.1.10)
) (/usr/local/texlive/2025/texmf-dist/tex/generic/pgf/basiclayer/pgfcorearrows.code.tex
File: pgfcorearrows.code.tex 2023-01-15 v3.1.10 (3.1.10)
\pgfarrowsep=\dimen258
) (/usr/local/texlive/2025/texmf-dist/tex/generic/pgf/basiclayer/pgfcoreshade.code.tex
File: pgfcoreshade.code.tex 2023-01-15 v3.1.10 (3.1.10)
\pgf@max=\dimen259
\pgf@sys@shading@range@num=\count307
\pgf@shadingcount=\count308
) (/usr/local/texlive/2025/texmf-dist/tex/generic/pgf/basiclayer/pgfcoreimage.code.tex
File: pgfcoreimage.code.tex 2023-01-15 v3.1.10 (3.1.10)
) (/usr/local/texlive/2025/texmf-dist/tex/generic/pgf/basiclayer/pgfcoreexternal.code.tex
File: pgfcoreexternal.code.tex 2023-01-15 v3.1.10 (3.1.10)
\pgfexternal@startupbox=\box61
) (/usr/local/texlive/2025/texmf-dist/tex/generic/pgf/basiclayer/pgfcorelayers.code.tex
File: pgfcorelayers.code.tex 2023-01-15 v3.1.10 (3.1.10)
) (/usr/local/texlive/2025/texmf-dist/tex/generic/pgf/basiclayer/pgfcoretransparency.code.tex
File: pgfcoretransparency.code.tex 2023-01-15 v3.1.10 (3.1.10)
) (/usr/local/texlive/2025/texmf-dist/tex/generic/pgf/basiclayer/pgfcorepatterns.code.tex
File: pgfcorepatterns.code.tex 2023-01-15 v3.1.10 (3.1.10)
) (/usr/local/texlive/2025/texmf-dist/tex/generic/pgf/basiclayer/pgfcorerdf.code.tex
File: pgfcorerdf.code.tex 2023-01-15 v3.1.10 (3.1.10)
))) (/usr/local/texlive/2025/texmf-dist/tex/generic/pgf/modules/pgfmoduleshapes.code.tex
File: pgfmoduleshapes.code.tex 2023-01-15 v3.1.10 (3.1.10)
\pgfnodeparttextbox=\box62
) (/usr/local/texlive/2025/texmf-dist/tex/generic/pgf/modules/pgfmoduleplot.code.tex
File: pgfmoduleplot.code.tex 2023-01-15 v3.1.10 (3.1.10)
) (/usr/local/texlive/2025/texmf-dist/tex/latex/pgf/compatibility/pgfcomp-version-0-65.sty
Package: pgfcomp-version-0-65 2023-01-15 v3.1.10 (3.1.10)
\pgf@nodesepstart=\dimen260
\pgf@nodesepend=\dimen261
) (/usr/local/texlive/2025/texmf-dist/tex/latex/pgf/compatibility/pgfcomp-version-1-18.sty
Package: pgfcomp-version-1-18 2023-01-15 v3.1.10 (3.1.10)
)) (/usr/local/texlive/2025/texmf-dist/tex/latex/pgf/utilities/pgffor.sty (/usr/local/texlive/2025/texmf-dist/tex/latex/pgf/utilities/pgfkeys.sty (/usr/local/texlive/2025/texmf-dist/tex/generic/pgf/utilities/pgfkeys.code.tex)) (/usr/local/texlive/2025/texmf-dist/tex/latex/pgf/math/pgfmath.sty (/usr/local/texlive/2025/texmf-dist/tex/generic/pgf/math/pgfmath.code.tex)) (/usr/local/texlive/2025/texmf-dist/tex/generic/pgf/utilities/pgffor.code.tex
Package: pgffor 2023-01-15 v3.1.10 (3.1.10)
\pgffor@iter=\dimen262
\pgffor@skip=\dimen263
\pgffor@stack=\toks36
\pgffor@toks=\toks37
)) (/usr/local/texlive/2025/texmf-dist/tex/generic/pgf/frontendlayer/tikz/tikz.code.tex
Package: tikz 2023-01-15 v3.1.10 (3.1.10)
 (/usr/local/texlive/2025/texmf-dist/tex/generic/pgf/libraries/pgflibraryplothandlers.code.tex
File: pgflibraryplothandlers.code.tex 2023-01-15 v3.1.10 (3.1.10)
\pgf@plot@mark@count=\count309
\pgfplotmarksize=\dimen264
)
\tikz@lastx=\dimen265
\tikz@lasty=\dimen266
\tikz@lastxsaved=\dimen267
\tikz@lastysaved=\dimen268
\tikz@lastmovetox=\dimen269
\tikz@lastmovetoy=\dimen270
\tikzleveldistance=\dimen271
\tikzsiblingdistance=\dimen272
\tikz@figbox=\box63
\tikz@figbox@bg=\box64
\tikz@tempbox=\box65
\tikz@tempbox@bg=\box66
\tikztreelevel=\count310
\tikznumberofchildren=\count311
\tikznumberofcurrentchild=\count312
\tikz@fig@count=\count313
 (/usr/local/texlive/2025/texmf-dist/tex/generic/pgf/modules/pgfmodulematrix.code.tex
File: pgfmodulematrix.code.tex 2023-01-15 v3.1.10 (3.1.10)
\pgfmatrixcurrentrow=\count314
\pgfmatrixcurrentcolumn=\count315
\pgf@matrix@numberofcolumns=\count316
)
\tikz@expandcount=\count317
 (/usr/local/texlive/2025/texmf-dist/tex/generic/pgf/frontendlayer/tikz/libraries/tikzlibrarytopaths.code.tex
File: tikzlibrarytopaths.code.tex 2023-01-15 v3.1.10 (3.1.10)
))) (/usr/local/texlive/2025/texmf-dist/tex/generic/pgf/frontendlayer/tikz/libraries/tikzlibraryshapes.geometric.code.tex
File: tikzlibraryshapes.geometric.code.tex 2023-01-15 v3.1.10 (3.1.10)
 (/usr/local/texlive/2025/texmf-dist/tex/generic/pgf/libraries/shapes/pgflibraryshapes.geometric.code.tex
File: pgflibraryshapes.geometric.code.tex 2023-01-15 v3.1.10 (3.1.10)
)) (/usr/local/texlive/2025/texmf-dist/tex/generic/pgf/frontendlayer/tikz/libraries/tikzlibraryarrows.code.tex
File: tikzlibraryarrows.code.tex 2023-01-15 v3.1.10 (3.1.10)
 (/usr/local/texlive/2025/texmf-dist/tex/generic/pgf/libraries/pgflibraryarrows.code.tex
File: pgflibraryarrows.code.tex 2023-01-15 v3.1.10 (3.1.10)
\arrowsize=\dimen273
)) (/usr/local/texlive/2025/texmf-dist/tex/generic/pgf/frontendlayer/tikz/libraries/tikzlibrarypositioning.code.tex
File: tikzlibrarypositioning.code.tex 2023-01-15 v3.1.10 (3.1.10)
) (/usr/local/texlive/2025/texmf-dist/tex/generic/pgf/frontendlayer/tikz/libraries/tikzlibraryshadows.code.tex
File: tikzlibraryshadows.code.tex 2023-01-15 v3.1.10 (3.1.10)
 (/usr/local/texlive/2025/texmf-dist/tex/generic/pgf/frontendlayer/tikz/libraries/tikzlibraryfadings.code.tex
File: tikzlibraryfadings.code.tex 2023-01-15 v3.1.10 (3.1.10)
 (/usr/local/texlive/2025/texmf-dist/tex/generic/pgf/libraries/pgflibraryfadings.code.tex
File: pgflibraryfadings.code.tex 2023-01-15 v3.1.10 (3.1.10)
))) (/usr/local/texlive/2025/texmf-dist/tex/latex/pgfgantt/pgfgantt.sty
Package: pgfgantt 2024/06/19 v5.0a Draw Gantt diagrams with TikZ
 (/usr/local/texlive/2025/texmf-dist/tex/generic/pgf/frontendlayer/tikz/libraries/tikzlibrarybackgrounds.code.tex
File: tikzlibrarybackgrounds.code.tex 2023-01-15 v3.1.10 (3.1.10)
\pgf@layerbox@background=\box67
\pgf@layerboxsaved@background=\box68
) (/usr/local/texlive/2025/texmf-dist/tex/generic/pgf/frontendlayer/tikz/libraries/tikzlibrarycalc.code.tex
File: tikzlibrarycalc.code.tex 2023-01-15 v3.1.10 (3.1.10)
) (/usr/local/texlive/2025/texmf-dist/tex/generic/pgf/frontendlayer/tikz/libraries/tikzlibrarypatterns.code.tex
File: tikzlibrarypatterns.code.tex 2023-01-15 v3.1.10 (3.1.10)
 (/usr/local/texlive/2025/texmf-dist/tex/generic/pgf/libraries/pgflibrarypatterns.code.tex
File: pgflibrarypatterns.code.tex 2023-01-15 v3.1.10 (3.1.10)
)) (/usr/local/texlive/2025/texmf-dist/tex/latex/pgf/utilities/pgfcalendar.sty (/usr/local/texlive/2025/texmf-dist/tex/generic/pgf/utilities/pgfcalendar.code.tex
File: pgfcalendar.code.tex 2023-01-15 v3.1.10 (3.1.10)
\pgfcalendarcurrentjulian=\count318
\pgf@cal@easter@Y=\count319
\pgf@cal@easter@G=\count320
\pgf@cal@easter@C=\count321
\pgf@cal@easter@X=\count322
\pgf@cal@easter@Z=\count323
\pgf@cal@easter@D=\count324
\pgf@cal@easter@E=\count325
\pgf@cal@easter@N=\count326
\pgf@cal@easter@M=\count327
\pgf@cal@easter@julianday=\count328
))
\gtt@currentline=\count329
\gtt@lasttitleline=\count330
\gtt@currgrid=\count331
\gtt@chartwidth=\count332
\gtt@lasttitleslot=\count333
\gtt@elementid=\count334
\gtt@today@slot=\count335
\gtt@startjulian=\count336
\gtt@endjulian=\count337
\gtt@chartid=\count338
\gtt@vrule@slot=\count339
\gtt@calendar@slots=\count340
\gtt@calendar@weeknumber=\count341
\gtt@calendar@startofweek=\count342
\gtt@left@slot=\count343
\gtt@right@slot=\count344
) (/usr/local/texlive/2025/texmf-dist/tex/latex/float/float.sty
Package: float 2001/11/08 v1.3d Float enhancements (AL)
\c@float@type=\count345
\float@exts=\toks38
\float@box=\box69
\@float@everytoks=\toks39
\@floatcapt=\box70
) (/usr/local/texlive/2025/texmf-dist/tex/latex/listings/listings.sty
\lst@mode=\count346
\lst@gtempboxa=\box71
\lst@token=\toks40
\lst@length=\count347
\lst@currlwidth=\dimen274
\lst@column=\count348
\lst@pos=\count349
\lst@lostspace=\dimen275
\lst@width=\dimen276
\lst@newlines=\count350
\lst@lineno=\count351
\lst@maxwidth=\dimen277
 (/usr/local/texlive/2025/texmf-dist/tex/latex/listings/lstpatch.sty
File: lstpatch.sty 2024/09/23 1.10c (Carsten Heinz)
) (/usr/local/texlive/2025/texmf-dist/tex/latex/listings/lstmisc.sty
File: lstmisc.sty 2024/09/23 1.10c (Carsten Heinz)
\c@lstnumber=\count352
\lst@skipnumbers=\count353
\lst@framebox=\box72
) (/usr/local/texlive/2025/texmf-dist/tex/latex/listings/listings.cfg
File: listings.cfg 2024/09/23 1.10c listings configuration
))
Package: listings 2024/09/23 1.10c (Carsten Heinz)
 (/usr/local/texlive/2025/texmf-dist/tex/latex/booktabs/booktabs.sty
Package: booktabs 2020/01/12 v1.61803398 Publication quality tables
\heavyrulewidth=\dimen278
\lightrulewidth=\dimen279
\cmidrulewidth=\dimen280
\belowrulesep=\dimen281
\belowbottomsep=\dimen282
\aboverulesep=\dimen283
\abovetopsep=\dimen284
\cmidrulesep=\dimen285
\cmidrulekern=\dimen286
\defaultaddspace=\dimen287
\@cmidla=\count354
\@cmidlb=\count355
\@aboverulesep=\dimen288
\@belowrulesep=\dimen289
\@thisruleclass=\count356
\@lastruleclass=\count357
\@thisrulewidth=\dimen290
) (/usr/local/texlive/2025/texmf-dist/tex/latex/multirow/multirow.sty
Package: multirow 2024/11/12 v2.9 Span multiple rows of a table
\multirow@colwidth=\skip71
\multirow@cntb=\count358
\multirow@dima=\skip72
\bigstrutjot=\dimen291
)
(/usr/local/texlive/2025/texmf-dist/tex/latex/caption/subcaption.sty
Package: subcaption 2023/07/28 v1.6b Sub-captions (AR)
 (/usr/local/texlive/2025/texmf-dist/tex/latex/caption/caption.sty
Package: caption 2023/08/05 v3.6o Customizing captions (AR)
 (/usr/local/texlive/2025/texmf-dist/tex/latex/caption/caption3.sty
Package: caption3 2023/07/31 v2.4d caption3 kernel (AR)
\caption@tempdima=\dimen292
\captionmargin=\dimen293
\caption@leftmargin=\dimen294
\caption@rightmargin=\dimen295
\caption@width=\dimen296
\caption@indent=\dimen297
\caption@parindent=\dimen298
\caption@hangindent=\dimen299
Package caption Info: Standard document class detected.
)
\c@caption@flags=\count359
\c@continuedfloat=\count360
Package caption Info: float package is loaded.
Package caption Info: hyperref package is loaded.
Package caption Info: listings package is loaded.
)
Package caption Info: New subtype `subfigure' on input line 238.
\c@subfigure=\count361
Package caption Info: New subtype `subtable' on input line 238.
\c@subtable=\count362
) (/usr/local/texlive/2025/texmf-dist/tex/latex/titlesec/titlesec.sty
Package: titlesec 2025/01/04 v2.17 Sectioning titles
\ttl@box=\box73
\beforetitleunit=\skip73
\aftertitleunit=\skip74
\ttl@plus=\dimen300
\ttl@minus=\dimen301
\ttl@toksa=\toks41
\titlewidth=\dimen302
\titlewidthlast=\dimen303
\titlewidthfirst=\dimen304
) (/usr/local/texlive/2025/texmf-dist/tex/latex/tools/multicol.sty
Package: multicol 2024/09/14 v1.9i multicolumn formatting (FMi)
\c@tracingmulticols=\count363
\mult@box=\box74
\multicol@leftmargin=\dimen305
\c@unbalance=\count364
\c@collectmore=\count365
\doublecol@number=\count366
\multicoltolerance=\count367
\multicolpretolerance=\count368
\full@width=\dimen306
\page@free=\dimen307
\premulticols=\dimen308
\postmulticols=\dimen309
\multicolsep=\skip75
\multicolbaselineskip=\skip76
\partial@page=\box75
\last@line=\box76
\mc@boxedresult=\box77
\maxbalancingoverflow=\dimen310
\mult@rightbox=\box78
\mult@grightbox=\box79
\mult@firstbox=\box80
\mult@gfirstbox=\box81
\@tempa=\box82
\@tempa=\box83
\@tempa=\box84
\@tempa=\box85
\@tempa=\box86
\@tempa=\box87
\@tempa=\box88
\@tempa=\box89
\@tempa=\box90
\@tempa=\box91
\@tempa=\box92
\@tempa=\box93
\@tempa=\box94
\@tempa=\box95
\@tempa=\box96
\@tempa=\box97
\@tempa=\box98
\@tempa=\box99
\@tempa=\box100
\@tempa=\box101
\@tempa=\box102
\@tempa=\box103
\@tempa=\box104
\@tempa=\box105
\@tempa=\box106
\@tempa=\box107
\@tempa=\box108
\@tempa=\box109
\@tempa=\box110
\@tempa=\box111
\@tempa=\box112
\@tempa=\box113
\@tempa=\box114
\@tempa=\box115
\@tempa=\box116
\@tempa=\box117
\c@minrows=\count369
\c@columnbadness=\count370
\c@finalcolumnbadness=\count371
\last@try=\dimen311
\multicolovershoot=\dimen312
\multicolundershoot=\dimen313
\mult@nat@firstbox=\box118
\colbreak@box=\box119
\mc@col@check@num=\count372
) (/usr/local/texlive/2025/texmf-dist/tex/latex/colortbl/colortbl.sty
Package: colortbl 2024/07/06 v1.0i Color table columns (DPC)
\everycr=\toks42
\minrowclearance=\skip77
\rownum=\count373
)
Package hyperref Info: Option `colorlinks' set `true' on input line 87.
 (/usr/local/texlive/2025/texmf-dist/tex/latex/l3backend/l3backend-pdftex.def
File: l3backend-pdftex.def 2024-05-08 L3 backend support: PDF output (pdfTeX)
\l__color_backend_stack_int=\count374
\l__pdf_internal_box=\box120
) (./report.aux

LaTeX Warning: Label `fig:tech_contact' multiply defined.


LaTeX Warning: Label `fig:decision_tree_tech' multiply defined.

)
\openout1 = `report.aux'.

LaTeX Font Info:    Checking defaults for OML/cmm/m/it on input line 246.
LaTeX Font Info:    ... okay on input line 246.
LaTeX Font Info:    Checking defaults for OMS/cmsy/m/n on input line 246.
LaTeX Font Info:    ... okay on input line 246.
LaTeX Font Info:    Checking defaults for OT1/cmr/m/n on input line 246.
LaTeX Font Info:    ... okay on input line 246.
LaTeX Font Info:    Checking defaults for T1/cmr/m/n on input line 246.
LaTeX Font Info:    ... okay on input line 246.
LaTeX Font Info:    Checking defaults for TS1/cmr/m/n on input line 246.
LaTeX Font Info:    ... okay on input line 246.
LaTeX Font Info:    Checking defaults for OMX/cmex/m/n on input line 246.
LaTeX Font Info:    ... okay on input line 246.
LaTeX Font Info:    Checking defaults for U/cmr/m/n on input line 246.
LaTeX Font Info:    ... okay on input line 246.
LaTeX Font Info:    Checking defaults for PD1/pdf/m/n on input line 246.
LaTeX Font Info:    ... okay on input line 246.
LaTeX Font Info:    Checking defaults for PU/pdf/m/n on input line 246.
LaTeX Font Info:    ... okay on input line 246.

*geometry* driver: auto-detecting
*geometry* detected driver: pdftex
*geometry* verbose mode - [ preamble ] result:
* driver: pdftex
* paper: a4paper
* layout: <same size as paper>
* layoutoffset:(h,v)=(0.0pt,0.0pt)
* modes: 
* h-part:(L,W,R)=(71.13188pt, 455.24411pt, 71.13188pt)
* v-part:(T,H,B)=(71.13188pt, 702.78308pt, 71.13188pt)
* \paperwidth=597.50787pt
* \paperheight=845.04684pt
* \textwidth=455.24411pt
* \textheight=702.78308pt
* \oddsidemargin=-1.1381pt
* \evensidemargin=-1.1381pt
* \topmargin=-56.1381pt
* \headheight=25.0pt
* \headsep=30.0pt
* \topskip=12.0pt
* \footskip=30.0pt
* \marginparwidth=35.0pt
* \marginparsep=10.0pt
* \columnsep=10.0pt
* \skip\footins=10.8pt plus 4.0pt minus 2.0pt
* \hoffset=0.0pt
* \voffset=0.0pt
* \mag=1000
* \@twocolumnfalse
* \@twosidefalse
* \@mparswitchfalse
* \@reversemarginfalse
* (1in=72.27pt=25.4mm, 1cm=28.453pt)

(/usr/local/texlive/2025/texmf-dist/tex/context/base/mkii/supp-pdf.mkii
[Loading MPS to PDF converter (version 2006.09.02).]
\scratchcounter=\count375
\scratchdimen=\dimen314
\scratchbox=\box121
\nofMPsegments=\count376
\nofMParguments=\count377
\everyMPshowfont=\toks43
\MPscratchCnt=\count378
\MPscratchDim=\dimen315
\MPnumerator=\count379
\makeMPintoPDFobject=\count380
\everyMPtoPDFconversion=\toks44
) (/usr/local/texlive/2025/texmf-dist/tex/latex/epstopdf-pkg/epstopdf-base.sty
Package: epstopdf-base 2020-01-24 v2.11 Base part for package epstopdf
Package epstopdf-base Info: Redefining graphics rule for `.eps' on input line 485.
 (/usr/local/texlive/2025/texmf-dist/tex/latex/latexconfig/epstopdf-sys.cfg
File: epstopdf-sys.cfg 2010/07/13 v1.3 Configuration of (r)epstopdf for TeX Live
))
Package hyperref Info: Link coloring ON on input line 246.
 (./report.out) (./report.out)
\@outlinefile=\write4
\openout4 = `report.out'.

\c@lstlisting=\count381
Package caption Info: Begin \AtBeginDocument code.
Package caption Info: End \AtBeginDocument code.
<Fig/Ruet_Logo.png, id=493, 602.25pt x 602.25pt>
File: Fig/Ruet_Logo.png Graphic file (type png)
<use Fig/Ruet_Logo.png>
Package pdftex.def Info: Fig/Ruet_Logo.png  used on input line 257.
(pdftex.def)             Requested size: 85.35826pt x 85.35284pt.
LaTeX Font Info:    Trying to load font information for U+msa on input line 276.
 (/usr/local/texlive/2025/texmf-dist/tex/latex/amsfonts/umsa.fd
File: umsa.fd 2013/01/14 v3.01 AMS symbols A
)
LaTeX Font Info:    Trying to load font information for U+msb on input line 276.
 (/usr/local/texlive/2025/texmf-dist/tex/latex/amsfonts/umsb.fd
File: umsb.fd 2013/01/14 v3.01 AMS symbols B
)

[1

{/usr/local/texlive/2025/texmf-var/fonts/map/pdftex/updmap/pdftex.map} <./Fig/Ruet_Logo.png>] (./report.lof
Overfull \hbox (0.525pt too wide) in paragraph at lines 33--33
 [][] [][][]\OT1/cmr/m/n/12 Entity{Relationship Di-a-gram (ERD) for Tech Ra-jshahi AI-Powered Project 
 []

)
\tf@lof=\write5
\openout5 = `report.lof'.




pdfTeX warning (ext4): destination with the same identifier (name{page.1}) has been already used, duplicate ignored
<to be read again> 
                   \relax 
l.314 \newpage
               [1] (./report.lot)
\tf@lot=\write6
\openout6 = `report.lot'.



[2] (./report.toc

[3]

[4])
\tf@toc=\write7
\openout7 = `report.toc'.



[5]

[6]
<Fig/tech_rajshahi_logo.png, id=743, 131.49126pt x 87.32625pt>
File: Fig/tech_rajshahi_logo.png Graphic file (type png)
<use Fig/tech_rajshahi_logo.png>
Package pdftex.def Info: Fig/tech_rajshahi_logo.png  used on input line 344.
(pdftex.def)             Requested size: 273.14923pt x 181.43443pt.

Overfull \hbox (2.65114pt too wide) in paragraph at lines 353--354
[]\OT1/cmr/bx/n/12 Software De-vel-op-ment: \OT1/cmr/m/n/12 Uti-liz-ing mod-ern ap-proaches and best prac-tices, Tech Ra-
 []



[7{/usr/local/texlive/2025/texmf-dist/fonts/enc/dvips/cm-super/cm-super-ts1.enc} <./Fig/tech_rajshahi_logo.png>]
Overfull \hbox (55.51448pt too wide) in paragraph at lines 369--370
\OT1/cmr/m/n/12 The op-er-a-tional ethos of Tech Ra-jshahi is grounded in in-no-va-tion, team-work, and customer[]centricity.
 []


Underfull \hbox (badness 10000) in paragraph at lines 380--383

 []



[8]
<Fig/tech_leadership_structure.png, id=756, 1072.005pt x 635.37375pt>
File: Fig/tech_leadership_structure.png Graphic file (type png)
<use Fig/tech_leadership_structure.png>
Package pdftex.def Info: Fig/tech_leadership_structure.png  used on input line 407.
(pdftex.def)             Requested size: 455.24411pt x 269.82182pt.


[9 <./Fig/tech_leadership_structure.png>]

[10]

[11]

[12]
Overfull \hbox (2.30113pt too wide) in paragraph at lines 538--539
[]\OT1/cmr/m/n/12 Comprehensive prod-uct cat-a-log (Jute Yarn/Twine, Jute Bags, Di-ver-si-fied Prod-
 []


Overfull \hbox (25.76157pt too wide) in paragraph at lines 548--549
\OT1/cmr/m/n/12 Tech Ra-jshahi Ltd. epit-o-mizes tech-no-log-i-cal in-no-va-tion and ex-cel-lence in North-ern Bangladesh.
 []



[13]

[14]
Overfull \hbox (0.12894pt too wide) in paragraph at lines 591--592
[]\OT1/cmr/m/n/12 Collaborate with ed-u-ca-tional in-sti-tu-tions to of-fer courses or sem-i-nars on e[]commerce. 
 []



[15]

[16]

[17]

[18]
<Fig/tech_website.png, id=800, 1463.4675pt x 819.06pt>
File: Fig/tech_website.png Graphic file (type png)
<use Fig/tech_website.png>
Package pdftex.def Info: Fig/tech_website.png  used on input line 673.
(pdftex.def)             Requested size: 364.19667pt x 203.82715pt.


[19]
<Fig/tech_contact.png, id=805, 944.52875pt x 469.755pt>
File: Fig/tech_contact.png Graphic file (type png)
<use Fig/tech_contact.png>
Package pdftex.def Info: Fig/tech_contact.png  used on input line 684.
(pdftex.def)             Requested size: 364.19667pt x 181.1322pt.


[20 <./Fig/tech_website.png> <./Fig/tech_contact.png>]
<Fig/tech.png, id=813, 1244.65pt x 471.7625pt>
File: Fig/tech.png Graphic file (type png)
<use Fig/tech.png>
Package pdftex.def Info: Fig/tech.png  used on input line 702.
(pdftex.def)             Requested size: 455.24411pt x 172.5482pt.

Overfull \hbox (25.14351pt too wide) in paragraph at lines 708--709
\OT1/cmr/m/n/12 Hi[]Tech Park, Ra-jshahi. The of-fice ex-udes a wel-com-ing at-mo-sphere, with well[]maintained
 []



[21 <./Fig/tech.png>]
<Fig/bdm_shahinur_rahman.png, id=819, 511.9125pt x 288.07625pt>
File: Fig/bdm_shahinur_rahman.png Graphic file (type png)
<use Fig/bdm_shahinur_rahman.png>
Package pdftex.def Info: Fig/bdm_shahinur_rahman.png  used on input line 726.
(pdftex.def)             Requested size: 273.14923pt x 153.71266pt.


[22 <./Fig/bdm_shahinur_rahman.png>]
Overfull \hbox (25.4723pt too wide) in paragraph at lines 744--746
[]\OT1/cmr/bx/n/12 Question: \OT1/cmr/m/n/12 En-sur-ing qual-ity and per-for-mance through de-vel-op-ment and post-deployment
 []


Overfull \hbox (9.18617pt too wide) in paragraph at lines 761--762
[]\OT1/cmr/bx/n/12 Employee Train-ing Pro-grams: \OT1/cmr/m/n/12 Train-ing pro-grams in-clude en-rolling in courses
 []



[23]

[24]
<Fig/role.png, id=834, 433.62pt x 161.60374pt>
File: Fig/role.png Graphic file (type png)
<use Fig/role.png>
Package pdftex.def Info: Fig/role.png  used on input line 806.
(pdftex.def)             Requested size: 455.24411pt x 169.67168pt.
<Fig/we.png, id=835, 423.5825pt x 157.58875pt>
File: Fig/we.png Graphic file (type png)
<use Fig/we.png>
Package pdftex.def Info: Fig/we.png  used on input line 815.
(pdftex.def)             Requested size: 455.24411pt x 169.37332pt.


[25 <./Fig/role.png> <./Fig/we.png>]
<Fig/pg.png, id=844, 421.575pt x 156.585pt>
File: Fig/pg.png Graphic file (type png)
<use Fig/pg.png>
Package pdftex.def Info: Fig/pg.png  used on input line 824.
(pdftex.def)             Requested size: 455.24411pt x 169.09494pt.
<Fig/wlb.png, id=845, 427.5975pt x 165.61874pt>
File: Fig/wlb.png Graphic file (type png)
<use Fig/wlb.png>
Package pdftex.def Info: Fig/wlb.png  used on input line 832.
(pdftex.def)             Requested size: 455.24411pt x 176.32579pt.


[26 <./Fig/pg.png> <./Fig/wlb.png>]
<Fig/hpg.png, id=854, 420.57124pt x 193.72375pt>
File: Fig/hpg.png Graphic file (type png)
<use Fig/hpg.png>
Package pdftex.def Info: Fig/hpg.png  used on input line 840.
(pdftex.def)             Requested size: 455.24411pt x 209.69739pt.
<Fig/vm.png, id=855, 430.60875pt x 170.6375pt>
File: Fig/vm.png Graphic file (type png)
<use Fig/vm.png>
Package pdftex.def Info: Fig/vm.png  used on input line 848.
(pdftex.def)             Requested size: 455.24411pt x 180.4036pt.


[27 <./Fig/hpg.png> <./Fig/vm.png>]
<Fig/colab.png, id=864, 470.75874pt x 172.645pt>
File: Fig/colab.png Graphic file (type png)
<use Fig/colab.png>
Package pdftex.def Info: Fig/colab.png  used on input line 856.
(pdftex.def)             Requested size: 455.24411pt x 166.957pt.
<Fig/pj.png, id=865, 450.68375pt x 176.66pt>
File: Fig/pj.png Graphic file (type png)
<use Fig/pj.png>
Package pdftex.def Info: Fig/pj.png  used on input line 864.
(pdftex.def)             Requested size: 455.24411pt x 178.45752pt.


[28 <./Fig/colab.png> <./Fig/pj.png>]
<Fig/rs.png, id=874, 420.57124pt x 167.62625pt>
File: Fig/rs.png Graphic file (type png)
<use Fig/rs.png>
Package pdftex.def Info: Fig/rs.png  used on input line 872.
(pdftex.def)             Requested size: 455.24411pt x 181.44798pt.
<Fig/sdlc.png, id=875, 423.5825pt x 176.66pt>
File: Fig/sdlc.png Graphic file (type png)
<use Fig/sdlc.png>
Package pdftex.def Info: Fig/sdlc.png  used on input line 880.
(pdftex.def)             Requested size: 455.24411pt x 189.87074pt.


[29 <./Fig/rs.png> <./Fig/sdlc.png>]
<Fig/senh.png, id=884, 424.58624pt x 300.12125pt>
File: Fig/senh.png Graphic file (type png)
<use Fig/senh.png>
Package pdftex.def Info: Fig/senh.png  used on input line 888.
(pdftex.def)             Requested size: 455.24411pt x 321.8089pt.
<Fig/imp.png, id=885, 437.635pt x 178.6675pt>
File: Fig/imp.png Graphic file (type png)
<use Fig/imp.png>
Package pdftex.def Info: Fig/imp.png  used on input line 896.
(pdftex.def)             Requested size: 455.24411pt x 185.85887pt.
<Fig/work.png, id=886, 431.6125pt x 175.65625pt>
File: Fig/work.png Graphic file (type png)
<use Fig/work.png>
Package pdftex.def Info: Fig/work.png  used on input line 904.
(pdftex.def)             Requested size: 455.24411pt x 185.28075pt.


[30 <./Fig/senh.png> <./Fig/imp.png>]

[31 <./Fig/work.png>]

[32]
<Fig/context_dfd.png, id=906, 599.23875pt x 154.5775pt>
File: Fig/context_dfd.png Graphic file (type png)
<use Fig/context_dfd.png>
Package pdftex.def Info: Fig/context_dfd.png  used on input line 937.
(pdftex.def)             Requested size: 455.24411pt x 117.43529pt.
<Fig/level1_dfd.png, id=907, 963.6pt x 595.22375pt>
File: Fig/level1_dfd.png Graphic file (type png)
<use Fig/level1_dfd.png>
Package pdftex.def Info: Fig/level1_dfd.png  used on input line 956.
(pdftex.def)             Requested size: 455.24411pt x 281.20839pt.


[33 <./Fig/context_dfd.png>]
<Fig/process1_dfd.png, id=913, 862.22125pt x 318.18875pt>
File: Fig/process1_dfd.png Graphic file (type png)
<use Fig/process1_dfd.png>
Package pdftex.def Info: Fig/process1_dfd.png  used on input line 968.
(pdftex.def)             Requested size: 455.24411pt x 167.99834pt.


[34 <./Fig/level1_dfd.png> <./Fig/process1_dfd.png>]
<Fig/process2_dfd.png, id=920, 685.56125pt x 242.9075pt>
File: Fig/process2_dfd.png Graphic file (type png)
<use Fig/process2_dfd.png>
Package pdftex.def Info: Fig/process2_dfd.png  used on input line 980.
(pdftex.def)             Requested size: 455.24411pt x 161.30534pt.
<Fig/process3_dfd.png, id=921, 684.5575pt x 270.00874pt>
File: Fig/process3_dfd.png Graphic file (type png)
<use Fig/process3_dfd.png>
Package pdftex.def Info: Fig/process3_dfd.png  used on input line 992.
(pdftex.def)             Requested size: 455.24411pt x 179.5659pt.


[35 <./Fig/process2_dfd.png> <./Fig/process3_dfd.png>]
<Fig/process4_dfd.png, id=928, 678.535pt x 292.09125pt>
File: Fig/process4_dfd.png Graphic file (type png)
<use Fig/process4_dfd.png>
Package pdftex.def Info: Fig/process4_dfd.png  used on input line 1004.
(pdftex.def)             Requested size: 455.24411pt x 195.96751pt.
<Fig/process5_dfd.png, id=929, 675.52374pt x 164.615pt>
File: Fig/process5_dfd.png Graphic file (type png)
<use Fig/process5_dfd.png>
Package pdftex.def Info: Fig/process5_dfd.png  used on input line 1016.
(pdftex.def)             Requested size: 455.24411pt x 110.93951pt.


[36 <./Fig/process4_dfd.png> <./Fig/process5_dfd.png>]
<Fig/process6_dfd.png, id=937, 751.80875pt x 287.0725pt>
File: Fig/process6_dfd.png Graphic file (type png)
<use Fig/process6_dfd.png>
Package pdftex.def Info: Fig/process6_dfd.png  used on input line 1028.
(pdftex.def)             Requested size: 455.24411pt x 173.8349pt.

Underfull \hbox (badness 10000) in paragraph at lines 1047--1047
[]|[]\OT1/cmr/bx/n/12 Element
 []


Underfull \hbox (badness 10000) in paragraph at lines 1049--1049
[]|[]\OT1/cmr/bx/n/12 Element
 []


Underfull \hbox (badness 10000) in paragraph at lines 1054--1054
\OT1/cmr/m/n/12 dur-ing on-
 []


Underfull \hbox (badness 10000) in paragraph at lines 1054--1054
[]|\OT1/cmr/m/n/12 Client
 []


Underfull \hbox (badness 10000) in paragraph at lines 1054--1055
[]|\OT1/cmr/m/n/12 Access re-
 []


Underfull \hbox (badness 10000) in paragraph at lines 1054--1055
\OT1/cmr/m/n/12 stricted to
 []


Underfull \hbox (badness 10000) in paragraph at lines 1054--1055
\OT1/cmr/m/n/12 client man-
 []


Underfull \hbox (badness 1675) in paragraph at lines 1056--1056
[]|\OT1/cmr/m/n/12 Unique iden-ti-fier for
 []


Underfull \hbox (badness 10000) in paragraph at lines 1056--1056
[]|\OT1/cmr/m/n/12 System-
 []


Underfull \hbox (badness 10000) in paragraph at lines 1056--1056
\OT1/cmr/m/n/12 generated
 []


Underfull \hbox (badness 10000) in paragraph at lines 1056--1056
[]|\OT1/cmr/m/n/12 Project
 []


Underfull \hbox (badness 10000) in paragraph at lines 1056--1057
[]|\OT1/cmr/m/n/12 Tracked by
 []


Underfull \hbox (badness 1540) in paragraph at lines 1056--1057
\OT1/cmr/m/n/12 project man-
 []


Underfull \hbox (badness 10000) in paragraph at lines 1056--1057
\OT1/cmr/m/n/12 agers and
 []


Underfull \hbox (badness 10000) in paragraph at lines 1058--1058
[]|\OT1/cmr/m/n/12 Project-
 []


Underfull \hbox (badness 10000) in paragraph at lines 1058--1058
[]|\OT1/cmr/m/n/12 Detailed client re-
 []


Underfull \hbox (badness 10000) in paragraph at lines 1058--1058
\OT1/cmr/m/n/12 quire-ments for the
 []


Underfull \hbox (badness 6893) in paragraph at lines 1058--1058
[]|\OT1/cmr/m/n/12 Process 1.1
 []


Underfull \hbox (badness 10000) in paragraph at lines 1058--1058
\OT1/cmr/m/n/12 (Gath-er-ing
 []


Underfull \hbox (badness 10000) in paragraph at lines 1058--1058
\OT1/cmr/m/n/12 Re-quire-
 []


Underfull \hbox (badness 10000) in paragraph at lines 1058--1058
[]|\OT1/cmr/m/n/12 Project
 []


Underfull \hbox (badness 10000) in paragraph at lines 1058--1059
[]|\OT1/cmr/m/n/12 Used in
 []


Underfull \hbox (badness 10000) in paragraph at lines 1058--1059
\OT1/cmr/m/n/12 Pro-cess 1.2
 []


Underfull \hbox (badness 10000) in paragraph at lines 1058--1059
\OT1/cmr/m/n/12 (Re-source
 []


Underfull \hbox (badness 1776) in paragraph at lines 1060--1060
[]|\OT1/cmr/m/n/12 Type of ser-vice (E-
 []


Underfull \hbox (badness 10000) in paragraph at lines 1060--1060
\OT1/cmr/m/n/12 commerce, Soft-ware
 []


Underfull \hbox (badness 10000) in paragraph at lines 1060--1060
[]|\OT1/cmr/m/n/12 Selected
 []


Underfull \hbox (badness 10000) in paragraph at lines 1060--1060
\OT1/cmr/m/n/12 dur-ing
 []


Underfull \hbox (badness 10000) in paragraph at lines 1060--1060
\OT1/cmr/m/n/12 project
 []


Underfull \hbox (badness 10000) in paragraph at lines 1060--1060
[]|\OT1/cmr/m/n/12 Project
 []


Underfull \hbox (badness 10000) in paragraph at lines 1060--1061
[]|\OT1/cmr/m/n/12 Accessed by
 []


Underfull \hbox (badness 10000) in paragraph at lines 1060--1061
\OT1/cmr/m/n/12 all de-part-
 []


Underfull \hbox (badness 10000) in paragraph at lines 1062--1062
[]|\OT1/cmr/m/n/12 Resource-
 []


Underfull \hbox (badness 10000) in paragraph at lines 1062--1062
[]|\OT1/cmr/m/n/12 Status of re-source
 []


Underfull \hbox (badness 10000) in paragraph at lines 1062--1062
\OT1/cmr/m/n/12 avail-abil-ity for
 []


Underfull \hbox (badness 6893) in paragraph at lines 1062--1062
[]|\OT1/cmr/m/n/12 Process 1.2
 []


Underfull \hbox (badness 10000) in paragraph at lines 1062--1062
\OT1/cmr/m/n/12 (Re-source
 []


Underfull \hbox (badness 10000) in paragraph at lines 1062--1062
[]|\OT1/cmr/m/n/12 Work
 []


Underfull \hbox (badness 10000) in paragraph at lines 1062--1063
[]|\OT1/cmr/m/n/12 Determines
 []


Underfull \hbox (badness 1199) in paragraph at lines 1062--1063
\OT1/cmr/m/n/12 project fea-si-
 []


Underfull \hbox (badness 10000) in paragraph at lines 1064--1064
[]|\OT1/cmr/m/n/12 Task-
 []


Underfull \hbox (badness 6893) in paragraph at lines 1064--1064
[]|\OT1/cmr/m/n/12 Process 4.2
 []


Underfull \hbox (badness 10000) in paragraph at lines 1064--1064
\OT1/cmr/m/n/12 (Task As-
 []


Underfull \hbox (badness 10000) in paragraph at lines 1064--1064
[]|\OT1/cmr/m/n/12 Work
 []


Underfull \hbox (badness 10000) in paragraph at lines 1064--1065
\OT1/cmr/m/n/12 al-lo-ca-tion
 []


Underfull \hbox (badness 4492) in paragraph at lines 1066--1066
[]|\OT1/cmr/m/n/12 Timeline and dead-
 []


Overfull \hbox (6.06354pt too wide) in paragraph at lines 1066--1066
[]|\OT1/cmr/m/n/12 Date/Time| 
 []


Underfull \hbox (badness 6893) in paragraph at lines 1066--1066
[]|\OT1/cmr/m/n/12 Process 4.2
 []


Underfull \hbox (badness 10000) in paragraph at lines 1066--1066
[]|\OT1/cmr/m/n/12 Work
 []


Underfull \hbox (badness 10000) in paragraph at lines 1066--1067
[]|\OT1/cmr/m/n/12 Tracks
 []


Underfull \hbox (badness 10000) in paragraph at lines 1066--1067
\OT1/cmr/m/n/12 project
 []


Underfull \hbox (badness 1675) in paragraph at lines 1068--1068
[]|\OT1/cmr/m/n/12 Unique iden-ti-fier for
 []


Underfull \hbox (badness 10000) in paragraph at lines 1068--1068
[]|\OT1/cmr/m/n/12 System-
 []


Underfull \hbox (badness 10000) in paragraph at lines 1068--1068
[]|\OT1/cmr/m/n/12 Employee
 []


Underfull \hbox (badness 10000) in paragraph at lines 1068--1069
[]|\OT1/cmr/m/n/12 Access re-
 []


Underfull \hbox (badness 10000) in paragraph at lines 1068--1069
\OT1/cmr/m/n/12 stricted to
 []


Underfull \hbox (badness 10000) in paragraph at lines 1070--1070
[]|\OT1/cmr/m/n/12 Employee-
 []


Underfull \hbox (badness 10000) in paragraph at lines 1070--1070
[]|\OT1/cmr/m/n/12 HR in-put
 []


Underfull \hbox (badness 10000) in paragraph at lines 1070--1070
[]|\OT1/cmr/m/n/12 Employee
 []


Underfull \hbox (badness 4454) in paragraph at lines 1070--1071
[]|\OT1/cmr/m/n/12 Used in as-
 []


Underfull \hbox (badness 10000) in paragraph at lines 1070--1071
\OT1/cmr/m/n/12 sign-ments
 []


Underfull \hbox (badness 10000) in paragraph at lines 1072--1072
[]|\OT1/cmr/m/n/12 Employee-
 []


Underfull \hbox (badness 6893) in paragraph at lines 1072--1072
[]|\OT1/cmr/m/n/12 Process 2.1
 []


Underfull \hbox (badness 10000) in paragraph at lines 1072--1072
\OT1/cmr/m/n/12 (Ex-
 []


Underfull \hbox (badness 10000) in paragraph at lines 1072--1072
[]|\OT1/cmr/m/n/12 Employee
 []


Underfull \hbox (badness 10000) in paragraph at lines 1074--1074
[]|\OT1/cmr/m/n/12 Skill-Match-
 []


Underfull \hbox (badness 10000) in paragraph at lines 1074--1074
\OT1/cmr/m/n/12 ing with project
 []


Underfull \hbox (badness 6893) in paragraph at lines 1074--1074
[]|\OT1/cmr/m/n/12 Process 2.2
 []


Underfull \hbox (badness 3428) in paragraph at lines 1074--1074
\OT1/cmr/m/n/12 (Skill Com-
 []


Underfull \hbox (badness 10000) in paragraph at lines 1074--1074
[]|\OT1/cmr/m/n/12 Work
 []


Underfull \hbox (badness 10000) in paragraph at lines 1074--1075
[]|\OT1/cmr/m/n/12 Determines
 []


Overfull \hbox (57.63808pt too wide) in paragraph at lines 1044--1077
 [][] 
 []



[37 <./Fig/process6_dfd.png>]

[38]
Underfull \hbox (badness 10000) in paragraph at lines 1089--1089
[]|[]\OT1/cmr/bx/n/12 Element
 []


Underfull \hbox (badness 10000) in paragraph at lines 1091--1091
[]|[]\OT1/cmr/bx/n/12 Element
 []


Underfull \hbox (badness 10000) in paragraph at lines 1096--1096
[]|\OT1/cmr/m/n/12 Training-
 []


Underfull \hbox (badness 6893) in paragraph at lines 1096--1096
[]|\OT1/cmr/m/n/12 Process 3.2
 []


Underfull \hbox (badness 10000) in paragraph at lines 1096--1096
\OT1/cmr/m/n/12 (Up-
 []


Underfull \hbox (badness 10000) in paragraph at lines 1096--1096
[]|\OT1/cmr/m/n/12 Employee
 []


Underfull \hbox (badness 10000) in paragraph at lines 1096--1097
[]|\OT1/cmr/m/n/12 Assessed in
 []


Underfull \hbox (badness 10000) in paragraph at lines 1098--1098
[]|\OT1/cmr/m/n/12 Training-
 []


Underfull \hbox (badness 10000) in paragraph at lines 1098--1098
[]|\OT1/cmr/m/n/12 Details of train-ing
 []


Underfull \hbox (badness 10000) in paragraph at lines 1098--1098
\OT1/cmr/m/n/12 com-pleted by em-
 []


Underfull \hbox (badness 6893) in paragraph at lines 1098--1098
[]|\OT1/cmr/m/n/12 Process 3.1
 []


Underfull \hbox (badness 10000) in paragraph at lines 1098--1098
[]|\OT1/cmr/m/n/12 Employee
 []


Underfull \hbox (badness 10000) in paragraph at lines 1098--1099
[]|\OT1/cmr/m/n/12 Tracks em-
 []


Underfull \hbox (badness 2245) in paragraph at lines 1098--1099
\OT1/cmr/m/n/12 ployee de-vel-
 []


Underfull \hbox (badness 10000) in paragraph at lines 1100--1100
[]|\OT1/cmr/m/n/12 Completion-
 []


Underfull \hbox (badness 6893) in paragraph at lines 1100--1100
[]|\OT1/cmr/m/n/12 Process 5.2
 []


Underfull \hbox (badness 10000) in paragraph at lines 1100--1100
\OT1/cmr/m/n/12 (Ver-i-fi-ca-
 []


Underfull \hbox (badness 10000) in paragraph at lines 1100--1100
[]|\OT1/cmr/m/n/12 Work
 []


Underfull \hbox (badness 10000) in paragraph at lines 1102--1102
[]|\OT1/cmr/m/n/12 Quality ver-i-fi-ca-tion
 []


Underfull \hbox (badness 6893) in paragraph at lines 1102--1102
[]|\OT1/cmr/m/n/12 Process 5.2
 []


Underfull \hbox (badness 10000) in paragraph at lines 1102--1102
[]|\OT1/cmr/m/n/12 Work
 []


Underfull \hbox (badness 10000) in paragraph at lines 1102--1103
\OT1/cmr/m/n/12 dards are
 []


Underfull \hbox (badness 10000) in paragraph at lines 1104--1104
[]|\OT1/cmr/m/n/12 Final-
 []


Underfull \hbox (badness 10000) in paragraph at lines 1104--1104
[]|\OT1/cmr/m/n/12 Completed project
 []


Overfull \hbox (8.83574pt too wide) in paragraph at lines 1104--1104
[]|\OT1/cmr/m/n/12 Binary/File| 
 []


Underfull \hbox (badness 6893) in paragraph at lines 1104--1104
[]|\OT1/cmr/m/n/12 Process 6.1
 []


Underfull \hbox (badness 10000) in paragraph at lines 1104--1104
\OT1/cmr/m/n/12 (Prepa-ra-
 []


Underfull \hbox (badness 10000) in paragraph at lines 1104--1104
[]|\OT1/cmr/m/n/12 Work
 []


Underfull \hbox (badness 10000) in paragraph at lines 1104--1105
[]|\OT1/cmr/m/n/12 Sent to
 []


Underfull \hbox (badness 10000) in paragraph at lines 1106--1106
[]|\OT1/cmr/m/n/12 Client-
 []


Overfull \hbox (7.47296pt too wide) in paragraph at lines 1106--1106
\OT1/cmr/m/n/12 Acknowledgment| 
 []


Underfull \hbox (badness 6893) in paragraph at lines 1106--1106
[]|\OT1/cmr/m/n/12 Process 6.2
 []


Underfull \hbox (badness 10000) in paragraph at lines 1106--1106
[]|\OT1/cmr/m/n/12 Project
 []


Underfull \hbox (badness 10000) in paragraph at lines 1108--1108
[]|\OT1/cmr/m/n/12 Client-
 []


Underfull \hbox (badness 10000) in paragraph at lines 1108--1108
[]|\OT1/cmr/m/n/12 Client sur-
 []


Underfull \hbox (badness 10000) in paragraph at lines 1108--1108
[]|\OT1/cmr/m/n/12 Project
 []


Underfull \hbox (badness 10000) in paragraph at lines 1108--1109
[]|\OT1/cmr/m/n/12 Quality
 []


Underfull \hbox (badness 10000) in paragraph at lines 1108--1109
\OT1/cmr/m/n/12 as-sur-ance
 []


Overfull \hbox (57.63808pt too wide) in paragraph at lines 1086--1111
 [][] 
 []


Underfull \hbox (badness 10000) in paragraph at lines 1142--1142
[]|[]\OT1/cmr/bx/n/12 Data Struc-
 []


Underfull \hbox (badness 10000) in paragraph at lines 1144--1144
[]|\OT1/cmr/m/n/12 Project-
 []


Underfull \hbox (badness 6016) in paragraph at lines 1144--1144
[]|\OT1/cmr/m/n/12 Flow of in-for-
 []


Underfull \hbox (badness 1038) in paragraph at lines 1144--1144
\OT1/cmr/m/n/12 to start a new
 []


Underfull \hbox (badness 10000) in paragraph at lines 1144--1144
[]|\OT1/cmr/m/n/12 Client-Details,
 []


Underfull \hbox (badness 10000) in paragraph at lines 1144--1144
[]|\OT1/cmr/m/n/12 Client (via
 []


Underfull \hbox (badness 1810) in paragraph at lines 1144--1144
\OT1/cmr/m/n/12 meet-ing or on-
 []


Underfull \hbox (badness 10000) in paragraph at lines 1146--1146
[]|\OT1/cmr/m/n/12 Task-
 []


Underfull \hbox (badness 10000) in paragraph at lines 1146--1146
[]|\OT1/cmr/m/n/12 Flow of tasks
 []


Underfull \hbox (badness 10000) in paragraph at lines 1146--1146
\OT1/cmr/m/n/12 as-signed to
 []


Underfull \hbox (badness 10000) in paragraph at lines 1146--1146
[]|\OT1/cmr/m/n/12 Employee-
 []


Underfull \hbox (badness 10000) in paragraph at lines 1146--1147
[]|\OT1/cmr/m/n/12 Relevant de-
 []


Underfull \hbox (badness 10000) in paragraph at lines 1146--1147
\OT1/cmr/m/n/12 part-ment (e.g.,
 []


Underfull \hbox (badness 10000) in paragraph at lines 1146--1147
\OT1/cmr/m/n/12 de-vel-op-ment,
 []


Underfull \hbox (badness 10000) in paragraph at lines 1146--1147
\OT1/cmr/m/n/12 sourc-ing, mar-
 []


Underfull \hbox (badness 10000) in paragraph at lines 1148--1148
[]|\OT1/cmr/m/n/12 Client-
 []


Underfull \hbox (badness 10000) in paragraph at lines 1148--1148
\OT1/cmr/m/n/12 Feedback-
 []


Underfull \hbox (badness 10000) in paragraph at lines 1148--1148
[]|\OT1/cmr/m/n/12 Collection of
 []


Underfull \hbox (badness 10000) in paragraph at lines 1148--1148
\OT1/cmr/m/n/12 feed-back from
 []


Underfull \hbox (badness 10000) in paragraph at lines 1148--1148
\OT1/cmr/m/n/12 clients af-ter
 []


Underfull \hbox (badness 2088) in paragraph at lines 1148--1148
\OT1/cmr/m/n/12 project com-ple-
 []


Underfull \hbox (badness 10000) in paragraph at lines 1150--1150
[]|\OT1/cmr/m/n/12 Employee-
 []


Underfull \hbox (badness 10000) in paragraph at lines 1150--1150
\OT1/cmr/m/n/12 em-ploy-ees for
 []


Underfull \hbox (badness 10000) in paragraph at lines 1150--1150
[]|\OT1/cmr/m/n/12 Employee-
 []


Underfull \hbox (badness 10000) in paragraph at lines 1150--1150
\OT1/cmr/m/n/12 Details,
 []


Underfull \hbox (badness 10000) in paragraph at lines 1150--1151
[]|\OT1/cmr/m/n/12 Employee
 []


Underfull \hbox (badness 10000) in paragraph at lines 1152--1152
[]|\OT1/cmr/m/n/12 Project-
 []


Underfull \hbox (badness 6016) in paragraph at lines 1152--1152
[]|\OT1/cmr/m/n/12 Flow of in-for-
 []


Underfull \hbox (badness 10000) in paragraph at lines 1152--1152
\OT1/cmr/m/n/12 ma-tion where
 []


Underfull \hbox (badness 10000) in paragraph at lines 1152--1152
\OT1/cmr/m/n/12 a project is
 []


Underfull \hbox (badness 10000) in paragraph at lines 1152--1152
\OT1/cmr/m/n/12 re-jected due
 []


Underfull \hbox (badness 10000) in paragraph at lines 1152--1152
\OT1/cmr/m/n/12 to un-ful-filled
 []


Underfull \hbox (badness 10000) in paragraph at lines 1154--1154
[]|\OT1/cmr/m/n/12 Project-
 []


Underfull \hbox (badness 4608) in paragraph at lines 1154--1154
\OT1/cmr/m/n/12 tion con-firm-ing
 []


Underfull \hbox (badness 10000) in paragraph at lines 1154--1154
\OT1/cmr/m/n/12 project com-
 []


Underfull \hbox (badness 10000) in paragraph at lines 1154--1154
\OT1/cmr/m/n/12 ple-tion and
 []


Overfull \hbox (24.5208pt too wide) in paragraph at lines 1139--1157
 [][] 
 []



[39]
Underfull \hbox (badness 2073) in paragraph at lines 1175--1175
[]|\OT1/cmr/m/n/12 Contains de-tails about a
 []


Underfull \hbox (badness 10000) in paragraph at lines 1183--1183
[]|\OT1/cmr/m/n/12 Employee-
 []


Underfull \hbox (badness 10000) in paragraph at lines 1189--1189
[]|\OT1/cmr/m/n/12 All rel-e-vant in-for-ma-tion
 []


Overfull \hbox (20.8831pt too wide) in paragraph at lines 1164--1197
 [][] 
 []



[40]
<Fig/DT.png, id=956, 1208.515pt x 698.61pt>
File: Fig/DT.png Graphic file (type png)
<use Fig/DT.png>
Package pdftex.def Info: Fig/DT.png  used on input line 1210.
(pdftex.def)             Requested size: 455.24411pt x 263.16135pt.


[41]
<Fig/Decision-Table.png, id=962, 663.47874pt x 670.505pt>
File: Fig/Decision-Table.png Graphic file (type png)
<use Fig/Decision-Table.png>
Package pdftex.def Info: Fig/Decision-Table.png  used on input line 1232.
(pdftex.def)             Requested size: 455.24411pt x 460.07072pt.


[42 <./Fig/DT.png>]

[43 <./Fig/Decision-Table.png>]

[44]

[45]
<Fig/dfd_candidate_system1.png, id=982, 1157.32375pt x 730.73pt>
File: Fig/dfd_candidate_system1.png Graphic file (type png)
<use Fig/dfd_candidate_system1.png>
Package pdftex.def Info: Fig/dfd_candidate_system1.png  used on input line 1311.
(pdftex.def)             Requested size: 455.24411pt x 287.43655pt.


[46 <./Fig/dfd_candidate_system1.png>]
<Fig/dfd_candidate_system2.png, id=988, 1196.47pt x 738.76pt>
File: Fig/dfd_candidate_system2.png Graphic file (type png)
<use Fig/dfd_candidate_system2.png>
Package pdftex.def Info: Fig/dfd_candidate_system2.png  used on input line 1330.
(pdftex.def)             Requested size: 455.24411pt x 281.09242pt.


[47 <./Fig/dfd_candidate_system2.png>]
Overfull \hbox (1.65279pt too wide) in paragraph at lines 1342--1356
 [][] 
 []



[48]
Underfull \hbox (badness 10000) in paragraph at lines 1428--1428
[]|\OT1/cmr/m/n/12 Development
 []


Underfull \hbox (badness 10000) in paragraph at lines 1457--1457
[]|\OT1/cmr/m/n/12 Technology In-te-gra-
 []


Overfull \hbox (52.14745pt too wide) in paragraph at lines 1444--1472
 [][] 
 []



[49]

[50]

[51]
Underfull \hbox (badness 3068) in paragraph at lines 1529--1529
[]|\OT1/cmr/m/n/12 Workstations, net-work-ing,
 []


Underfull \hbox (badness 10000) in paragraph at lines 1530--1530
[]|\OT1/cmr/m/n/12 Software and Li-cens-ing
 []


Underfull \hbox (badness 2735) in paragraph at lines 1531--1531
[]|\OT1/cmr/m/n/12 System De-vel-op-ment and
 []


Underfull \hbox (badness 1565) in paragraph at lines 1532--1532
[]|\OT1/cmr/m/n/12 Training ses-sions for em-
 []


Underfull \hbox (badness 3343) in paragraph at lines 1533--1533
[]|\OT1/cmr/m/n/12 Transfer of clien-t/pro-ject
 []


Underfull \hbox (badness 5231) in paragraph at lines 1534--1534
[]|\OT1/cmr/m/n/12 Operational and Main-te-
 []


Underfull \hbox (badness 10000) in paragraph at lines 1534--1534
[]|\OT1/cmr/m/n/12 System mon-i-tor-ing, up-
 []


Overfull \hbox (12.34721pt too wide) in paragraph at lines 1523--1538
 [][] 
 []


Underfull \hbox (badness 10000) in paragraph at lines 1552--1552
[]|\OT1/cmr/m/n/12 Hardware In-fras-truc-ture
 []


Underfull \hbox (badness 10000) in paragraph at lines 1552--1552
[]|\OT1/cmr/m/n/12 High-performance servers
 []


Underfull \hbox (badness 2735) in paragraph at lines 1554--1554
[]|\OT1/cmr/m/n/12 System De-vel-op-ment and
 []


Underfull \hbox (badness 10000) in paragraph at lines 1555--1555
[]|\OT1/cmr/m/n/12 Employee Train-ing Pro-
 []


Underfull \hbox (badness 1122) in paragraph at lines 1556--1556
[]|\OT1/cmr/m/n/12 Maintenance and Sup-port
 []


Overfull \hbox (12.34721pt too wide) in paragraph at lines 1546--1560
 [][] 
 []



[52]

[53]

[54]

[55]
Underfull \hbox (badness 10000) in paragraph at lines 1688--1691

 []



[56]

[57]

[58]

[59]
File: Fig/dfd_candidate_system2.png Graphic file (type png)
<use Fig/dfd_candidate_system2.png>
Package pdftex.def Info: Fig/dfd_candidate_system2.png  used on input line 1789.
(pdftex.def)             Requested size: 432.48051pt x 267.03555pt.

Overfull \hbox (12.65703pt too wide) in paragraph at lines 1797--1798
[]\OT1/cmr/bx/n/12 External En-ti-ties: \OT1/cmr/m/n/12 The sys-tem in-ter-acts with four pri-mary ex-ter-nal en-ti-ties|\OT1/cmr/m/it/12 Clients\OT1/cmr/m/n/12 ,
 []



[60]

[61]

[62]
Overfull \hbox (0.69385pt too wide) in paragraph at lines 1854--1855
\OT1/cmr/m/n/12 and fire-wall router, pro-vid-ing se-cure com-mu-ni-ca-tion chan-nels. VPN ac-cess is granted
 []



[63]
Overfull \hbox (31.67697pt too wide) in paragraph at lines 1988--1989
 [][] 
 []



[64]
Overfull \hbox (1.52571pt too wide) in paragraph at lines 2005--2006
[]\OT1/cmr/bx/n/12 Feature Store \OT1/cmr/m/n/12 (Pur-ple): AI com-po-nent stor-ing Feature-ID, Feature-Name, Feature-
 []



[65]

[66]

[67]
Overfull \hbox (6.51355pt too wide) in paragraph at lines 2112--2113
[]\OT1/cmr/m/it/12 Transactions Man-age-ment: \OT1/cmr/m/n/12 Han-dles pay-ment pro-cess-ing and trans-ac-tion records 
 []


Overfull \hbox (11.81009pt too wide) in paragraph at lines 2128--2129
[]\OT1/cmr/m/it/12 AI Pow-ered Life-cy-cle Schedul-ing: \OT1/cmr/m/n/12 Im-ple-ments AI[]based task and life-cy-cle schedul-
 []



[68]
<Fig/Structured_Chart.png, id=1098, 1442.89063pt x 525.46312pt>
File: Fig/Structured_Chart.png Graphic file (type png)
<use Fig/Structured_Chart.png>
Package pdftex.def Info: Fig/Structured_Chart.png  used on input line 2187.
(pdftex.def)             Requested size: 500.77129pt x 182.36739pt.

Overfull \hbox (45.52718pt too wide) in paragraph at lines 2187--2188
[][] 
 []



[69]

[70 <./Fig/Structured_Chart.png>]

[71]

Package caption Warning: Unused \captionsetup[sub] on input line 50.
See the caption package documentation for explanation.



[72] (./report.aux)
 ***********
LaTeX2e <2024-11-01> patch level 2
L3 programming layer <2025-01-18>
 ***********


LaTeX Warning: There were multiply-defined labels.

Package rerunfilecheck Info: File `report.out' has not changed.
(rerunfilecheck)             Checksum: 5487BB684B72E4C6AE9343CAFD64E316;20911.
 ) 
Here is how much of TeX's memory you used:
 27478 strings out of 473190
 519089 string characters out of 5715799
 917781 words of memory out of 5000000
 50037 multiletter control sequences out of 15000+600000
 568392 words of font info for 71 fonts, out of 8000000 for 9000
 1141 hyphenation exceptions out of 8191
 84i,14n,91p,1379b,865s stack positions out of 10000i,1000n,20000p,200000b,200000s
</usr/local/texlive/2025/texmf-dist/fonts/type1/public/amsfonts/cm/cmbx10.pfb></usr/local/texlive/2025/texmf-dist/fonts/type1/public/amsfonts/cm/cmbx12.pfb></usr/local/texlive/2025/texmf-dist/fonts/type1/public/amsfonts/cm/cmbx6.pfb></usr/local/texlive/2025/texmf-dist/fonts/type1/public/amsfonts/cm/cmbx8.pfb></usr/local/texlive/2025/texmf-dist/fonts/type1/public/amsfonts/cm/cmbxti10.pfb></usr/local/texlive/2025/texmf-dist/fonts/type1/public/amsfonts/cm/cmex10.pfb></usr/local/texlive/2025/texmf-dist/fonts/type1/public/amsfonts/cm/cmmi12.pfb></usr/local/texlive/2025/texmf-dist/fonts/type1/public/amsfonts/cm/cmr12.pfb></usr/local/texlive/2025/texmf-dist/fonts/type1/public/amsfonts/cm/cmsy10.pfb></usr/local/texlive/2025/texmf-dist/fonts/type1/public/amsfonts/cm/cmti12.pfb></usr/local/texlive/2025/texmf-dist/fonts/type1/public/amsfonts/cm/cmtt12.pfb></usr/local/texlive/2025/texmf-dist/fonts/type1/public/cm-super/sfrm1200.pfb>
Output written on report.pdf (73 pages, 11420822 bytes).
PDF statistics:
 1228 PDF objects out of 1440 (max. 8388607)
 1037 compressed objects within 11 object streams
 250 named destinations out of 1000 (max. 500000)
 1194 words of extra memory for PDF output out of 10000 (max. 10000000)

